[2019-12-29 04:17:20] [WARN] HikariPool-1 - Thread starvation or clock leap detected (housekeeper delta=1d2h5m23s217ms94µs700ns).
[2019-12-29 04:17:20] [DEBUG] HikariPool-1 - Pool stats (total=10, active=0, idle=10, waiting=0)
[2019-12-29 04:17:20] [DEBUG] HikariPool-1 - Closing connection conn0: url=jdbc:h2:file:~/bitcoin user=SA: (connection has passed maxLifetime)
[2019-12-29 04:17:20] [DEBUG] HikariPool-1 - Closing connection conn2: url=jdbc:h2:file:~/bitcoin user=SA: (connection has passed maxLifetime)
[2019-12-29 04:17:20] [DEBUG] HikariPool-1 - Closing connection conn9: url=jdbc:h2:file:~/bitcoin user=SA: (connection has passed maxLifetime)
[2019-12-29 04:17:20] [DEBUG] HikariPool-1 - Closing connection conn3: url=jdbc:h2:file:~/bitcoin user=SA: (connection has passed maxLifetime)
[2019-12-29 04:17:20] [DEBUG] HikariPool-1 - Closing connection conn1: url=jdbc:h2:file:~/bitcoin user=SA: (connection has passed maxLifetime)
[2019-12-29 04:17:20] [DEBUG] HikariPool-1 - Closing connection conn8: url=jdbc:h2:file:~/bitcoin user=SA: (connection has passed maxLifetime)
[2019-12-29 04:17:20] [DEBUG] HikariPool-1 - Closing connection conn6: url=jdbc:h2:file:~/bitcoin user=SA: (connection has passed maxLifetime)
[2019-12-29 04:17:20] [DEBUG] HikariPool-1 - Closing connection conn5: url=jdbc:h2:file:~/bitcoin user=SA: (connection has passed maxLifetime)
[2019-12-29 04:17:20] [DEBUG] HikariPool-1 - Closing connection conn7: url=jdbc:h2:file:~/bitcoin user=SA: (connection has passed maxLifetime)
[2019-12-29 04:17:20] [DEBUG] HikariPool-1 - Closing connection conn4: url=jdbc:h2:file:~/bitcoin user=SA: (connection has passed maxLifetime)
[2019-12-29 04:17:20] [DEBUG] HikariPool-1 - Added connection conn10: url=jdbc:h2:file:~/bitcoin user=SA
[2019-12-29 04:17:20] [DEBUG] HikariPool-1 - Added connection conn11: url=jdbc:h2:file:~/bitcoin user=SA
[2019-12-29 04:17:20] [DEBUG] HikariPool-1 - Added connection conn12: url=jdbc:h2:file:~/bitcoin user=SA
[2019-12-29 04:17:20] [DEBUG] HikariPool-1 - Added connection conn13: url=jdbc:h2:file:~/bitcoin user=SA
[2019-12-29 04:17:20] [DEBUG] HikariPool-1 - Added connection conn14: url=jdbc:h2:file:~/bitcoin user=SA
[2019-12-29 04:17:20] [DEBUG] HikariPool-1 - Added connection conn15: url=jdbc:h2:file:~/bitcoin user=SA
[2019-12-29 04:17:20] [DEBUG] HikariPool-1 - Added connection conn16: url=jdbc:h2:file:~/bitcoin user=SA
[2019-12-29 04:17:20] [DEBUG] HikariPool-1 - Added connection conn17: url=jdbc:h2:file:~/bitcoin user=SA
[2019-12-29 04:17:20] [DEBUG] HikariPool-1 - Added connection conn18: url=jdbc:h2:file:~/bitcoin user=SA
[2019-12-29 04:17:20] [DEBUG] HikariPool-1 - Added connection conn19: url=jdbc:h2:file:~/bitcoin user=SA
[2019-12-29 04:17:25] [DEBUG] Closing connections idle longer than 30000 SECONDS
[2019-12-29 04:17:25] [DEBUG] Closing connections idle longer than 30000 SECONDS
[2019-12-29 04:17:25] [DEBUG] Closing connection last used @ Sat Dec 28 09:00:32 CET 2019
[2019-12-29 04:17:25] [DEBUG] Deleting connection [{}->http://localhost:8761][null]
[2019-12-29 04:17:25] [DEBUG] Connection 0.0.0.0:56112<->127.0.0.1:8761 closed
[2019-12-29 04:17:25] [DEBUG] Closing connection last used @ Sat Dec 28 09:12:02 CET 2019
[2019-12-29 04:17:25] [DEBUG] Deleting connection [{}->http://localhost:8761][null]
[2019-12-29 04:17:25] [DEBUG] Connection 0.0.0.0:56016<->127.0.0.1:8761 closed
[2019-12-29 04:17:25] [DEBUG] Ending a session and starting anew
[2019-12-29 04:17:25] [DEBUG] Ending a session and starting anew
[2019-12-29 04:17:25] [DEBUG] Created client for url: http://localhost:8761/eureka/
[2019-12-29 04:17:25] [DEBUG] Created client for url: http://localhost:8761/eureka/
[2019-12-29 04:17:25] [DEBUG] Get connection: {}->http://localhost:8761, timeout = 5000
[2019-12-29 04:17:25] [DEBUG] [{}->http://localhost:8761] total kept alive: 0, total issued: 0, total allocated: 0 out of 200
[2019-12-29 04:17:25] [DEBUG] No free connections [{}->http://localhost:8761][null]
[2019-12-29 04:17:25] [DEBUG] Available capacity: 50 out of 50 [{}->http://localhost:8761][null]
[2019-12-29 04:17:25] [DEBUG] Creating new connection [{}->http://localhost:8761]
[2019-12-29 04:17:25] [DEBUG] Get connection: {}->http://localhost:8761, timeout = 5000
[2019-12-29 04:17:25] [DEBUG] [{}->http://localhost:8761] total kept alive: 0, total issued: 1, total allocated: 1 out of 200
[2019-12-29 04:17:25] [DEBUG] No free connections [{}->http://localhost:8761][null]
[2019-12-29 04:17:25] [DEBUG] Available capacity: 49 out of 50 [{}->http://localhost:8761][null]
[2019-12-29 04:17:25] [DEBUG] Creating new connection [{}->http://localhost:8761]
[2019-12-29 04:17:25] [DEBUG] Connecting to localhost:8761
[2019-12-29 04:17:25] [DEBUG] Connecting to localhost:8761
[2019-12-29 04:17:27] [DEBUG] Connect to localhost:8761 timed out. Connection will be retried using another IP address
[2019-12-29 04:17:27] [DEBUG] Connecting to localhost:8761
[2019-12-29 04:17:27] [DEBUG] Connect to localhost:8761 timed out. Connection will be retried using another IP address
[2019-12-29 04:17:27] [DEBUG] Connecting to localhost:8761
[2019-12-29 04:17:29] [DEBUG] Connection org.apache.http.impl.conn.DefaultClientConnection@545223ab closed
[2019-12-29 04:17:29] [DEBUG] Connection org.apache.http.impl.conn.DefaultClientConnection@545223ab shut down
[2019-12-29 04:17:29] [DEBUG] Released connection is not reusable.
[2019-12-29 04:17:29] [DEBUG] Releasing connection [{}->http://localhost:8761][null]
[2019-12-29 04:17:29] [DEBUG] Connection org.apache.http.impl.conn.DefaultClientConnection@545223ab closed
[2019-12-29 04:17:29] [DEBUG] Notifying no-one, there are no waiting threads
[2019-12-29 04:17:29] [DEBUG] Jersey HTTP GET http://localhost:8761/eureka//apps/delta?; statusCode=N/A
[2019-12-29 04:17:29] [ERROR] Request execution error. endpoint=DefaultEndpoint{ serviceUrl='http://localhost:8761/eureka/}
com.sun.jersey.api.client.ClientHandlerException: java.net.ConnectException: Connection refused: connect
	at com.sun.jersey.client.apache4.ApacheHttpClient4Handler.handle(ApacheHttpClient4Handler.java:187) ~[jersey-apache-client4-1.19.1.jar:1.19.1]
	at com.sun.jersey.api.client.filter.GZIPContentEncodingFilter.handle(GZIPContentEncodingFilter.java:123) ~[jersey-client-1.19.1.jar:1.19.1]
	at com.netflix.discovery.EurekaIdentityHeaderFilter.handle(EurekaIdentityHeaderFilter.java:27) ~[eureka-client-1.9.13.jar:1.9.13]
	at com.sun.jersey.api.client.Client.handle(Client.java:652) ~[jersey-client-1.19.1.jar:1.19.1]
	at com.sun.jersey.api.client.WebResource.handle(WebResource.java:682) ~[jersey-client-1.19.1.jar:1.19.1]
	at com.sun.jersey.api.client.WebResource.access$200(WebResource.java:74) ~[jersey-client-1.19.1.jar:1.19.1]
	at com.sun.jersey.api.client.WebResource$Builder.get(WebResource.java:509) ~[jersey-client-1.19.1.jar:1.19.1]
	at com.netflix.discovery.shared.transport.jersey.AbstractJerseyEurekaHttpClient.getApplicationsInternal(AbstractJerseyEurekaHttpClient.java:194) ~[eureka-client-1.9.13.jar:1.9.13]
	at com.netflix.discovery.shared.transport.jersey.AbstractJerseyEurekaHttpClient.getDelta(AbstractJerseyEurekaHttpClient.java:170) ~[eureka-client-1.9.13.jar:1.9.13]
	at com.netflix.discovery.shared.transport.decorator.EurekaHttpClientDecorator$7.execute(EurekaHttpClientDecorator.java:152) ~[eureka-client-1.9.13.jar:1.9.13]
	at com.netflix.discovery.shared.transport.decorator.MetricsCollectingEurekaHttpClient.execute(MetricsCollectingEurekaHttpClient.java:73) ~[eureka-client-1.9.13.jar:1.9.13]
	at com.netflix.discovery.shared.transport.decorator.EurekaHttpClientDecorator.getDelta(EurekaHttpClientDecorator.java:149) ~[eureka-client-1.9.13.jar:1.9.13]
	at com.netflix.discovery.shared.transport.decorator.EurekaHttpClientDecorator$7.execute(EurekaHttpClientDecorator.java:152) ~[eureka-client-1.9.13.jar:1.9.13]
	at com.netflix.discovery.shared.transport.decorator.RedirectingEurekaHttpClient.executeOnNewServer(RedirectingEurekaHttpClient.java:118) ~[eureka-client-1.9.13.jar:1.9.13]
	at com.netflix.discovery.shared.transport.decorator.RedirectingEurekaHttpClient.execute(RedirectingEurekaHttpClient.java:79) [eureka-client-1.9.13.jar:1.9.13]
	at com.netflix.discovery.shared.transport.decorator.EurekaHttpClientDecorator.getDelta(EurekaHttpClientDecorator.java:149) [eureka-client-1.9.13.jar:1.9.13]
	at com.netflix.discovery.shared.transport.decorator.EurekaHttpClientDecorator$7.execute(EurekaHttpClientDecorator.java:152) [eureka-client-1.9.13.jar:1.9.13]
	at com.netflix.discovery.shared.transport.decorator.RetryableEurekaHttpClient.execute(RetryableEurekaHttpClient.java:120) [eureka-client-1.9.13.jar:1.9.13]
	at com.netflix.discovery.shared.transport.decorator.EurekaHttpClientDecorator.getDelta(EurekaHttpClientDecorator.java:149) [eureka-client-1.9.13.jar:1.9.13]
	at com.netflix.discovery.shared.transport.decorator.EurekaHttpClientDecorator$7.execute(EurekaHttpClientDecorator.java:152) [eureka-client-1.9.13.jar:1.9.13]
	at com.netflix.discovery.shared.transport.decorator.SessionedEurekaHttpClient.execute(SessionedEurekaHttpClient.java:77) [eureka-client-1.9.13.jar:1.9.13]
	at com.netflix.discovery.shared.transport.decorator.EurekaHttpClientDecorator.getDelta(EurekaHttpClientDecorator.java:149) [eureka-client-1.9.13.jar:1.9.13]
	at com.netflix.discovery.DiscoveryClient.getAndUpdateDelta(DiscoveryClient.java:1103) [eureka-client-1.9.13.jar:1.9.13]
	at com.netflix.discovery.DiscoveryClient.fetchRegistry(DiscoveryClient.java:985) [eureka-client-1.9.13.jar:1.9.13]
	at com.netflix.discovery.DiscoveryClient.refreshRegistry(DiscoveryClient.java:1497) [eureka-client-1.9.13.jar:1.9.13]
	at com.netflix.discovery.DiscoveryClient$CacheRefreshThread.run(DiscoveryClient.java:1464) [eureka-client-1.9.13.jar:1.9.13]
	at java.util.concurrent.Executors$RunnableAdapter.call(Unknown Source) [?:1.8.0_231]
	at java.util.concurrent.FutureTask.run(Unknown Source) [?:1.8.0_231]
	at java.util.concurrent.ThreadPoolExecutor.runWorker(Unknown Source) [?:1.8.0_231]
	at java.util.concurrent.ThreadPoolExecutor$Worker.run(Unknown Source) [?:1.8.0_231]
	at java.lang.Thread.run(Unknown Source) [?:1.8.0_231]
Caused by: java.net.ConnectException: Connection refused: connect
	at java.net.DualStackPlainSocketImpl.waitForConnect(Native Method) ~[?:1.8.0_231]
	at java.net.DualStackPlainSocketImpl.socketConnect(Unknown Source) ~[?:1.8.0_231]
	at java.net.AbstractPlainSocketImpl.doConnect(Unknown Source) ~[?:1.8.0_231]
	at java.net.AbstractPlainSocketImpl.connectToAddress(Unknown Source) ~[?:1.8.0_231]
	at java.net.AbstractPlainSocketImpl.connect(Unknown Source) ~[?:1.8.0_231]
	at java.net.PlainSocketImpl.connect(Unknown Source) ~[?:1.8.0_231]
	at java.net.SocksSocketImpl.connect(Unknown Source) ~[?:1.8.0_231]
	at java.net.Socket.connect(Unknown Source) ~[?:1.8.0_231]
	at org.apache.http.conn.scheme.PlainSocketFactory.connectSocket(PlainSocketFactory.java:121) ~[httpclient-4.5.10.jar:4.5.10]
	at org.apache.http.impl.conn.DefaultClientConnectionOperator.openConnection(DefaultClientConnectionOperator.java:180) ~[httpclient-4.5.10.jar:4.5.10]
	at org.apache.http.impl.conn.AbstractPoolEntry.open(AbstractPoolEntry.java:144) ~[httpclient-4.5.10.jar:4.5.10]
	at org.apache.http.impl.conn.AbstractPooledConnAdapter.open(AbstractPooledConnAdapter.java:134) ~[httpclient-4.5.10.jar:4.5.10]
	at org.apache.http.impl.client.DefaultRequestDirector.tryConnect(DefaultRequestDirector.java:605) ~[httpclient-4.5.10.jar:4.5.10]
	at org.apache.http.impl.client.DefaultRequestDirector.execute(DefaultRequestDirector.java:440) ~[httpclient-4.5.10.jar:4.5.10]
	at org.apache.http.impl.client.AbstractHttpClient.doExecute(AbstractHttpClient.java:835) ~[httpclient-4.5.10.jar:4.5.10]
	at org.apache.http.impl.client.CloseableHttpClient.execute(CloseableHttpClient.java:118) ~[httpclient-4.5.10.jar:4.5.10]
	at org.apache.http.impl.client.CloseableHttpClient.execute(CloseableHttpClient.java:56) ~[httpclient-4.5.10.jar:4.5.10]
	at com.sun.jersey.client.apache4.ApacheHttpClient4Handler.handle(ApacheHttpClient4Handler.java:173) ~[jersey-apache-client4-1.19.1.jar:1.19.1]
	... 30 more
[2019-12-29 04:17:29] [WARN] Request execution failed with message: java.net.ConnectException: Connection refused: connect
[2019-12-29 04:17:29] [ERROR] DiscoveryClient_API-BITCOIN/DESKTOP-9RN4Q95:api-bitcoin:8003 - was unable to refresh its cache! status = Cannot execute request on any known server
com.netflix.discovery.shared.transport.TransportException: Cannot execute request on any known server
	at com.netflix.discovery.shared.transport.decorator.RetryableEurekaHttpClient.execute(RetryableEurekaHttpClient.java:112) ~[eureka-client-1.9.13.jar:1.9.13]
	at com.netflix.discovery.shared.transport.decorator.EurekaHttpClientDecorator.getDelta(EurekaHttpClientDecorator.java:149) ~[eureka-client-1.9.13.jar:1.9.13]
	at com.netflix.discovery.shared.transport.decorator.EurekaHttpClientDecorator$7.execute(EurekaHttpClientDecorator.java:152) ~[eureka-client-1.9.13.jar:1.9.13]
	at com.netflix.discovery.shared.transport.decorator.SessionedEurekaHttpClient.execute(SessionedEurekaHttpClient.java:77) ~[eureka-client-1.9.13.jar:1.9.13]
	at com.netflix.discovery.shared.transport.decorator.EurekaHttpClientDecorator.getDelta(EurekaHttpClientDecorator.java:149) ~[eureka-client-1.9.13.jar:1.9.13]
	at com.netflix.discovery.DiscoveryClient.getAndUpdateDelta(DiscoveryClient.java:1103) ~[eureka-client-1.9.13.jar:1.9.13]
	at com.netflix.discovery.DiscoveryClient.fetchRegistry(DiscoveryClient.java:985) [eureka-client-1.9.13.jar:1.9.13]
	at com.netflix.discovery.DiscoveryClient.refreshRegistry(DiscoveryClient.java:1497) [eureka-client-1.9.13.jar:1.9.13]
	at com.netflix.discovery.DiscoveryClient$CacheRefreshThread.run(DiscoveryClient.java:1464) [eureka-client-1.9.13.jar:1.9.13]
	at java.util.concurrent.Executors$RunnableAdapter.call(Unknown Source) [?:1.8.0_231]
	at java.util.concurrent.FutureTask.run(Unknown Source) [?:1.8.0_231]
	at java.util.concurrent.ThreadPoolExecutor.runWorker(Unknown Source) [?:1.8.0_231]
	at java.util.concurrent.ThreadPoolExecutor$Worker.run(Unknown Source) [?:1.8.0_231]
	at java.lang.Thread.run(Unknown Source) [?:1.8.0_231]
[2019-12-29 04:17:29] [DEBUG] Completed cache refresh task for discovery. All Apps hash code is Local region apps hashcode: UP_5_, is fetching remote regions? false 
[2019-12-29 04:17:29] [DEBUG] Connection org.apache.http.impl.conn.DefaultClientConnection@6df3d09 closed
[2019-12-29 04:17:29] [DEBUG] Connection org.apache.http.impl.conn.DefaultClientConnection@6df3d09 shut down
[2019-12-29 04:17:29] [DEBUG] Released connection is not reusable.
[2019-12-29 04:17:29] [DEBUG] Releasing connection [{}->http://localhost:8761][null]
[2019-12-29 04:17:29] [DEBUG] Connection org.apache.http.impl.conn.DefaultClientConnection@6df3d09 closed
[2019-12-29 04:17:29] [DEBUG] Notifying no-one, there are no waiting threads
[2019-12-29 04:17:29] [DEBUG] Jersey HTTP PUT http://localhost:8761/eureka//apps/API-BITCOIN/DESKTOP-9RN4Q95:api-bitcoin:8003; statusCode=N/A
[2019-12-29 04:17:29] [ERROR] Request execution error. endpoint=DefaultEndpoint{ serviceUrl='http://localhost:8761/eureka/}
com.sun.jersey.api.client.ClientHandlerException: java.net.ConnectException: Connection refused: connect
	at com.sun.jersey.client.apache4.ApacheHttpClient4Handler.handle(ApacheHttpClient4Handler.java:187) ~[jersey-apache-client4-1.19.1.jar:1.19.1]
	at com.sun.jersey.api.client.filter.GZIPContentEncodingFilter.handle(GZIPContentEncodingFilter.java:123) ~[jersey-client-1.19.1.jar:1.19.1]
	at com.netflix.discovery.EurekaIdentityHeaderFilter.handle(EurekaIdentityHeaderFilter.java:27) ~[eureka-client-1.9.13.jar:1.9.13]
	at com.sun.jersey.api.client.Client.handle(Client.java:652) ~[jersey-client-1.19.1.jar:1.19.1]
	at com.sun.jersey.api.client.WebResource.handle(WebResource.java:682) ~[jersey-client-1.19.1.jar:1.19.1]
	at com.sun.jersey.api.client.WebResource.access$200(WebResource.java:74) ~[jersey-client-1.19.1.jar:1.19.1]
	at com.sun.jersey.api.client.WebResource$Builder.put(WebResource.java:529) ~[jersey-client-1.19.1.jar:1.19.1]
	at com.netflix.discovery.shared.transport.jersey.AbstractJerseyEurekaHttpClient.sendHeartBeat(AbstractJerseyEurekaHttpClient.java:102) ~[eureka-client-1.9.13.jar:1.9.13]
	at com.netflix.discovery.shared.transport.decorator.EurekaHttpClientDecorator$3.execute(EurekaHttpClientDecorator.java:92) ~[eureka-client-1.9.13.jar:1.9.13]
	at com.netflix.discovery.shared.transport.decorator.MetricsCollectingEurekaHttpClient.execute(MetricsCollectingEurekaHttpClient.java:73) ~[eureka-client-1.9.13.jar:1.9.13]
	at com.netflix.discovery.shared.transport.decorator.EurekaHttpClientDecorator.sendHeartBeat(EurekaHttpClientDecorator.java:89) ~[eureka-client-1.9.13.jar:1.9.13]
	at com.netflix.discovery.shared.transport.decorator.EurekaHttpClientDecorator$3.execute(EurekaHttpClientDecorator.java:92) ~[eureka-client-1.9.13.jar:1.9.13]
	at com.netflix.discovery.shared.transport.decorator.RedirectingEurekaHttpClient.executeOnNewServer(RedirectingEurekaHttpClient.java:118) ~[eureka-client-1.9.13.jar:1.9.13]
	at com.netflix.discovery.shared.transport.decorator.RedirectingEurekaHttpClient.execute(RedirectingEurekaHttpClient.java:79) [eureka-client-1.9.13.jar:1.9.13]
	at com.netflix.discovery.shared.transport.decorator.EurekaHttpClientDecorator.sendHeartBeat(EurekaHttpClientDecorator.java:89) [eureka-client-1.9.13.jar:1.9.13]
	at com.netflix.discovery.shared.transport.decorator.EurekaHttpClientDecorator$3.execute(EurekaHttpClientDecorator.java:92) [eureka-client-1.9.13.jar:1.9.13]
	at com.netflix.discovery.shared.transport.decorator.RetryableEurekaHttpClient.execute(RetryableEurekaHttpClient.java:120) [eureka-client-1.9.13.jar:1.9.13]
	at com.netflix.discovery.shared.transport.decorator.EurekaHttpClientDecorator.sendHeartBeat(EurekaHttpClientDecorator.java:89) [eureka-client-1.9.13.jar:1.9.13]
	at com.netflix.discovery.shared.transport.decorator.EurekaHttpClientDecorator$3.execute(EurekaHttpClientDecorator.java:92) [eureka-client-1.9.13.jar:1.9.13]
	at com.netflix.discovery.shared.transport.decorator.SessionedEurekaHttpClient.execute(SessionedEurekaHttpClient.java:77) [eureka-client-1.9.13.jar:1.9.13]
	at com.netflix.discovery.shared.transport.decorator.EurekaHttpClientDecorator.sendHeartBeat(EurekaHttpClientDecorator.java:89) [eureka-client-1.9.13.jar:1.9.13]
	at com.netflix.discovery.DiscoveryClient.renew(DiscoveryClient.java:864) [eureka-client-1.9.13.jar:1.9.13]
	at com.netflix.discovery.DiscoveryClient$HeartbeatThread.run(DiscoveryClient.java:1423) [eureka-client-1.9.13.jar:1.9.13]
	at java.util.concurrent.Executors$RunnableAdapter.call(Unknown Source) [?:1.8.0_231]
	at java.util.concurrent.FutureTask.run(Unknown Source) [?:1.8.0_231]
	at java.util.concurrent.ThreadPoolExecutor.runWorker(Unknown Source) [?:1.8.0_231]
	at java.util.concurrent.ThreadPoolExecutor$Worker.run(Unknown Source) [?:1.8.0_231]
	at java.lang.Thread.run(Unknown Source) [?:1.8.0_231]
Caused by: java.net.ConnectException: Connection refused: connect
	at java.net.DualStackPlainSocketImpl.waitForConnect(Native Method) ~[?:1.8.0_231]
	at java.net.DualStackPlainSocketImpl.socketConnect(Unknown Source) ~[?:1.8.0_231]
	at java.net.AbstractPlainSocketImpl.doConnect(Unknown Source) ~[?:1.8.0_231]
	at java.net.AbstractPlainSocketImpl.connectToAddress(Unknown Source) ~[?:1.8.0_231]
	at java.net.AbstractPlainSocketImpl.connect(Unknown Source) ~[?:1.8.0_231]
	at java.net.PlainSocketImpl.connect(Unknown Source) ~[?:1.8.0_231]
	at java.net.SocksSocketImpl.connect(Unknown Source) ~[?:1.8.0_231]
	at java.net.Socket.connect(Unknown Source) ~[?:1.8.0_231]
	at org.apache.http.conn.scheme.PlainSocketFactory.connectSocket(PlainSocketFactory.java:121) ~[httpclient-4.5.10.jar:4.5.10]
	at org.apache.http.impl.conn.DefaultClientConnectionOperator.openConnection(DefaultClientConnectionOperator.java:180) ~[httpclient-4.5.10.jar:4.5.10]
	at org.apache.http.impl.conn.AbstractPoolEntry.open(AbstractPoolEntry.java:144) ~[httpclient-4.5.10.jar:4.5.10]
	at org.apache.http.impl.conn.AbstractPooledConnAdapter.open(AbstractPooledConnAdapter.java:134) ~[httpclient-4.5.10.jar:4.5.10]
	at org.apache.http.impl.client.DefaultRequestDirector.tryConnect(DefaultRequestDirector.java:605) ~[httpclient-4.5.10.jar:4.5.10]
	at org.apache.http.impl.client.DefaultRequestDirector.execute(DefaultRequestDirector.java:440) ~[httpclient-4.5.10.jar:4.5.10]
	at org.apache.http.impl.client.AbstractHttpClient.doExecute(AbstractHttpClient.java:835) ~[httpclient-4.5.10.jar:4.5.10]
	at org.apache.http.impl.client.CloseableHttpClient.execute(CloseableHttpClient.java:118) ~[httpclient-4.5.10.jar:4.5.10]
	at org.apache.http.impl.client.CloseableHttpClient.execute(CloseableHttpClient.java:56) ~[httpclient-4.5.10.jar:4.5.10]
	at com.sun.jersey.client.apache4.ApacheHttpClient4Handler.handle(ApacheHttpClient4Handler.java:173) ~[jersey-apache-client4-1.19.1.jar:1.19.1]
	... 27 more
[2019-12-29 04:17:29] [WARN] Request execution failed with message: java.net.ConnectException: Connection refused: connect
[2019-12-29 04:17:29] [ERROR] DiscoveryClient_API-BITCOIN/DESKTOP-9RN4Q95:api-bitcoin:8003 - was unable to send heartbeat!
com.netflix.discovery.shared.transport.TransportException: Cannot execute request on any known server
	at com.netflix.discovery.shared.transport.decorator.RetryableEurekaHttpClient.execute(RetryableEurekaHttpClient.java:112) ~[eureka-client-1.9.13.jar:1.9.13]
	at com.netflix.discovery.shared.transport.decorator.EurekaHttpClientDecorator.sendHeartBeat(EurekaHttpClientDecorator.java:89) ~[eureka-client-1.9.13.jar:1.9.13]
	at com.netflix.discovery.shared.transport.decorator.EurekaHttpClientDecorator$3.execute(EurekaHttpClientDecorator.java:92) ~[eureka-client-1.9.13.jar:1.9.13]
	at com.netflix.discovery.shared.transport.decorator.SessionedEurekaHttpClient.execute(SessionedEurekaHttpClient.java:77) ~[eureka-client-1.9.13.jar:1.9.13]
	at com.netflix.discovery.shared.transport.decorator.EurekaHttpClientDecorator.sendHeartBeat(EurekaHttpClientDecorator.java:89) ~[eureka-client-1.9.13.jar:1.9.13]
	at com.netflix.discovery.DiscoveryClient.renew(DiscoveryClient.java:864) [eureka-client-1.9.13.jar:1.9.13]
	at com.netflix.discovery.DiscoveryClient$HeartbeatThread.run(DiscoveryClient.java:1423) [eureka-client-1.9.13.jar:1.9.13]
	at java.util.concurrent.Executors$RunnableAdapter.call(Unknown Source) [?:1.8.0_231]
	at java.util.concurrent.FutureTask.run(Unknown Source) [?:1.8.0_231]
	at java.util.concurrent.ThreadPoolExecutor.runWorker(Unknown Source) [?:1.8.0_231]
	at java.util.concurrent.ThreadPoolExecutor$Worker.run(Unknown Source) [?:1.8.0_231]
	at java.lang.Thread.run(Unknown Source) [?:1.8.0_231]
