[2019-12-27 13:05:55] [INFO] No active profile set, falling back to default profiles: default
[2019-12-27 13:05:56] [INFO] Bootstrapping Spring Data repositories in DEFAULT mode.
[2019-12-27 13:05:56] [INFO] Finished Spring Data repository scanning in 58ms. Found 3 repository interfaces.
[2019-12-27 13:05:56] [INFO] BeanFactory id=922ca620-6a15-3063-8867-07cc750f4b89
[2019-12-27 13:05:56] [INFO] Bean 'org.springframework.transaction.annotation.ProxyTransactionManagementConfiguration' of type [org.springframework.transaction.annotation.ProxyTransactionManagementConfiguration] is not eligible for getting processed by all BeanPostProcessors (for example: not eligible for auto-proxying)
[2019-12-27 13:05:56] [INFO] Bean 'org.springframework.cloud.autoconfigure.ConfigurationPropertiesRebinderAutoConfiguration' of type [org.springframework.cloud.autoconfigure.ConfigurationPropertiesRebinderAutoConfiguration$$EnhancerBySpringCGLIB$$bcc01b0d] is not eligible for getting processed by all BeanPostProcessors (for example: not eligible for auto-proxying)
[2019-12-27 13:05:56] [INFO] Tomcat initialized with port(s): 8001 (http)
[2019-12-27 13:05:56] [INFO] Initializing ProtocolHandler ["http-nio-8001"]
[2019-12-27 13:05:56] [INFO] Starting service [Tomcat]
[2019-12-27 13:05:56] [INFO] Starting Servlet engine: [Apache Tomcat/9.0.27]
[2019-12-27 13:05:56] [INFO] Initializing Spring embedded WebApplicationContext
[2019-12-27 13:05:56] [INFO] Root WebApplicationContext: initialization completed in 1276 ms
[2019-12-27 13:05:57] [INFO] HikariPool-1 - Starting...
[2019-12-27 13:05:57] [INFO] HikariPool-1 - Start completed.
[2019-12-27 13:05:57] [INFO] H2 console available at '/h2'. Database available at 'jdbc:h2:file:~/authentication'
[2019-12-27 13:05:57] [INFO] HHH000412: Hibernate Core {5.4.8.Final}
[2019-12-27 13:05:57] [INFO] HCANN000001: Hibernate Commons Annotations {5.1.0.Final}
[2019-12-27 13:05:57] [INFO] HHH000400: Using dialect: org.hibernate.dialect.H2Dialect
[2019-12-27 13:05:58] [INFO] HHH000490: Using JtaPlatform implementation: [org.hibernate.engine.transaction.jta.platform.internal.NoJtaPlatform]
[2019-12-27 13:05:58] [INFO] Initialized JPA EntityManagerFactory for persistence unit 'default'
[2019-12-27 13:05:59] [WARN] No URLs will be polled as dynamic configuration sources.
[2019-12-27 13:05:59] [INFO] To enable URLs as dynamic configuration sources, define System property archaius.configurationSource.additionalUrls or make config.properties available on classpath.
[2019-12-27 13:05:59] [WARN] No URLs will be polled as dynamic configuration sources.
[2019-12-27 13:05:59] [INFO] To enable URLs as dynamic configuration sources, define System property archaius.configurationSource.additionalUrls or make config.properties available on classpath.
[2019-12-27 13:05:59] [WARN] spring.jpa.open-in-view is enabled by default. Therefore, database queries may be performed during view rendering. Explicitly configure spring.jpa.open-in-view to disable this warning
[2019-12-27 13:05:59] [INFO] Initializing ExecutorService 'applicationTaskExecutor'
[2019-12-27 13:06:01] [INFO] Setting initial instance status as: STARTING
[2019-12-27 13:06:01] [INFO] Initializing Eureka in region us-east-1
[2019-12-27 13:06:01] [INFO] Using JSON encoding codec LegacyJacksonJson
[2019-12-27 13:06:01] [INFO] Using JSON decoding codec LegacyJacksonJson
[2019-12-27 13:06:01] [INFO] Using XML encoding codec XStreamXml
[2019-12-27 13:06:01] [INFO] Using XML decoding codec XStreamXml
[2019-12-27 13:06:01] [INFO] Resolving eureka endpoints via configuration
[2019-12-27 13:06:01] [INFO] Disable delta property : false
[2019-12-27 13:06:01] [INFO] Single vip registry refresh property : null
[2019-12-27 13:06:01] [INFO] Force full registry fetch : false
[2019-12-27 13:06:01] [INFO] Application is null : false
[2019-12-27 13:06:01] [INFO] Registered Applications size is zero : true
[2019-12-27 13:06:01] [INFO] Application version is -1: true
[2019-12-27 13:06:01] [INFO] Getting all instance registry info from the eureka server
[2019-12-27 13:06:01] [INFO] The response status is 200
[2019-12-27 13:06:01] [INFO] Starting heartbeat executor: renew interval is: 30
[2019-12-27 13:06:01] [INFO] InstanceInfoReplicator onDemand update allowed rate per min is 4
[2019-12-27 13:06:02] [INFO] Discovery Client initialized at timestamp 1577473562005 with initial instances count: 1
[2019-12-27 13:06:02] [INFO] Registering application AUTHENTICATION-SERVICE with eureka with status UP
[2019-12-27 13:06:02] [INFO] Saw local status change event StatusChangeEvent [timestamp=1577473562005, current=UP, previous=STARTING]
[2019-12-27 13:06:02] [INFO] DiscoveryClient_AUTHENTICATION-SERVICE/DESKTOP-QUS8GTH:authentication-service:8001: registering service...
[2019-12-27 13:06:02] [INFO] Starting ProtocolHandler ["http-nio-8001"]
[2019-12-27 13:06:02] [INFO] DiscoveryClient_AUTHENTICATION-SERVICE/DESKTOP-QUS8GTH:authentication-service:8001 - registration status: 204
[2019-12-27 13:06:02] [INFO] Tomcat started on port(s): 8001 (http) with context path ''
[2019-12-27 13:06:02] [INFO] Updating port to 8001
[2019-12-27 13:06:02] [INFO] Started AuthenticationServiceApplication in 7.594 seconds (JVM running for 8.532)
[2019-12-27 13:06:57] [INFO] Initializing Spring DispatcherServlet 'dispatcherServlet'
[2019-12-27 13:06:57] [INFO] Initializing Servlet 'dispatcherServlet'
[2019-12-27 13:06:57] [INFO] Completed initialization in 13 ms
[2019-12-27 13:06:58] [ERROR] Storage of payment information for mikamikic users was not performed
[2019-12-27 13:07:22] [INFO] Successfully saved payment information of user mikamikic
[2019-12-27 13:07:23] [INFO] Successfully completed delivery of all currently registered payment services
[2019-12-27 13:07:23] [INFO] Successfully obtained selected payment methods for the mikamikic user
[2019-12-27 13:07:48] [INFO] Successfully obtained transaction link
[2019-12-27 13:07:57] [INFO] Successfully completed delivery of all currently registered payment services
[2019-12-27 13:07:57] [INFO] Successfully obtained selected payment methods for the mikamikic user
[2019-12-27 13:10:37] [INFO] Successfully obtained transaction link
[2019-12-27 13:11:01] [INFO] Resolving eureka endpoints via configuration
[2019-12-27 13:16:01] [INFO] Resolving eureka endpoints via configuration
[2019-12-27 13:17:40] [INFO] Successfully obtained transaction link
[2019-12-27 13:18:12] [INFO] Successfully saved payment information of user mikamikic
[2019-12-27 13:19:16] [INFO] Successfully obtained transaction link
[2019-12-27 13:21:01] [INFO] Resolving eureka endpoints via configuration
[2019-12-27 13:21:12] [INFO] Successfully obtained transaction link
[2019-12-27 13:25:23] [INFO] Successfully saved payment information of user mikamikic
[2019-12-27 13:25:26] [INFO] Successfully obtained transaction link
[2019-12-27 13:25:49] [INFO] Successfully saved payment information of user mikamikic
[2019-12-27 13:25:52] [INFO] Successfully obtained transaction link
[2019-12-27 13:26:01] [INFO] Resolving eureka endpoints via configuration
[2019-12-27 13:26:21] [INFO] Application shutdown requested.
[2019-12-27 13:26:21] [INFO] Unregistering application AUTHENTICATION-SERVICE with eureka with status DOWN
[2019-12-27 13:26:21] [WARN] Saw local status change event StatusChangeEvent [timestamp=1577474781526, current=DOWN, previous=UP]
[2019-12-27 13:26:21] [INFO] DiscoveryClient_AUTHENTICATION-SERVICE/DESKTOP-QUS8GTH:authentication-service:8001: registering service...
[2019-12-27 13:26:21] [INFO] DiscoveryClient_AUTHENTICATION-SERVICE/DESKTOP-QUS8GTH:authentication-service:8001 - registration status: 204
[2019-12-27 13:26:21] [INFO] Shutting down ExecutorService 'applicationTaskExecutor'
[2019-12-27 13:26:21] [INFO] Closing JPA EntityManagerFactory for persistence unit 'default'
[2019-12-27 13:26:21] [INFO] Shutting down DiscoveryClient ...
