[2019-12-29 04:16:58] [DEBUG] Closing connections idle longer than 30000 SECONDS
[2019-12-29 04:16:58] [DEBUG] Closing connections idle longer than 30000 SECONDS
[2019-12-29 04:16:58] [DEBUG] Closing connection last used @ Sat Dec 28 09:03:36 CET 2019
[2019-12-29 04:16:58] [DEBUG] Deleting connection [{}->http://localhost:8761][null]
[2019-12-29 04:16:58] [DEBUG] Connection 0.0.0.0:55964<->127.0.0.1:8761 closed
[2019-12-29 04:16:58] [DEBUG] Closing connection last used @ Sat Dec 28 09:11:36 CET 2019
[2019-12-29 04:16:58] [DEBUG] Deleting connection [{}->http://localhost:8761][null]
[2019-12-29 04:16:59] [DEBUG] Connection 0.0.0.0:55965<->127.0.0.1:8761 closed
[2019-12-29 04:16:59] [DEBUG] Ending a session and starting anew
[2019-12-29 04:16:59] [DEBUG] Ending a session and starting anew
[2019-12-29 04:16:59] [DEBUG] Created client for url: http://localhost:8761/eureka/
[2019-12-29 04:16:59] [DEBUG] Created client for url: http://localhost:8761/eureka/
[2019-12-29 04:16:59] [DEBUG] Get connection: {}->http://localhost:8761, timeout = 5000
[2019-12-29 04:16:59] [DEBUG] Get connection: {}->http://localhost:8761, timeout = 5000
[2019-12-29 04:16:59] [DEBUG] [{}->http://localhost:8761] total kept alive: 0, total issued: 0, total allocated: 0 out of 200
[2019-12-29 04:16:59] [DEBUG] No free connections [{}->http://localhost:8761][null]
[2019-12-29 04:16:59] [DEBUG] Available capacity: 50 out of 50 [{}->http://localhost:8761][null]
[2019-12-29 04:16:59] [DEBUG] Creating new connection [{}->http://localhost:8761]
[2019-12-29 04:16:59] [DEBUG] [{}->http://localhost:8761] total kept alive: 0, total issued: 1, total allocated: 1 out of 200
[2019-12-29 04:16:59] [DEBUG] No free connections [{}->http://localhost:8761][null]
[2019-12-29 04:16:59] [DEBUG] Available capacity: 49 out of 50 [{}->http://localhost:8761][null]
[2019-12-29 04:16:59] [DEBUG] Creating new connection [{}->http://localhost:8761]
[2019-12-29 04:16:59] [DEBUG] Connecting to localhost:8761
[2019-12-29 04:16:59] [DEBUG] Connecting to localhost:8761
[2019-12-29 04:16:59] [DEBUG] CookieSpec selected: default
[2019-12-29 04:16:59] [DEBUG] Auth cache not set in the context
[2019-12-29 04:16:59] [DEBUG] Target auth state: UNCHALLENGED
[2019-12-29 04:16:59] [DEBUG] Proxy auth state: UNCHALLENGED
[2019-12-29 04:16:59] [DEBUG] Attempt 1 to execute request
[2019-12-29 04:16:59] [DEBUG] Sending request: GET /eureka/apps/delta HTTP/1.1
[2019-12-29 04:16:59] [DEBUG]  >> "GET /eureka/apps/delta HTTP/1.1[\r][\n]"
[2019-12-29 04:16:59] [DEBUG]  >> "Accept: application/json[\r][\n]"
[2019-12-29 04:16:59] [DEBUG]  >> "DiscoveryIdentity-Name: DefaultClient[\r][\n]"
[2019-12-29 04:16:59] [DEBUG]  >> "DiscoveryIdentity-Version: 1.4[\r][\n]"
[2019-12-29 04:16:59] [DEBUG]  >> "DiscoveryIdentity-Id: 192.168.40.101[\r][\n]"
[2019-12-29 04:16:59] [DEBUG]  >> "Accept-Encoding: gzip[\r][\n]"
[2019-12-29 04:16:59] [DEBUG]  >> "Host: localhost:8761[\r][\n]"
[2019-12-29 04:16:59] [DEBUG]  >> "Connection: Keep-Alive[\r][\n]"
[2019-12-29 04:16:59] [DEBUG]  >> "User-Agent: Java-EurekaClient/v1.9.8[\r][\n]"
[2019-12-29 04:16:59] [DEBUG]  >> "[\r][\n]"
[2019-12-29 04:16:59] [DEBUG] >> GET /eureka/apps/delta HTTP/1.1
[2019-12-29 04:16:59] [DEBUG] >> Accept: application/json
[2019-12-29 04:16:59] [DEBUG] >> DiscoveryIdentity-Name: DefaultClient
[2019-12-29 04:16:59] [DEBUG] >> DiscoveryIdentity-Version: 1.4
[2019-12-29 04:16:59] [DEBUG] >> DiscoveryIdentity-Id: 192.168.40.101
[2019-12-29 04:16:59] [DEBUG] >> Accept-Encoding: gzip
[2019-12-29 04:16:59] [DEBUG] >> Host: localhost:8761
[2019-12-29 04:16:59] [DEBUG] >> Connection: Keep-Alive
[2019-12-29 04:16:59] [DEBUG] >> User-Agent: Java-EurekaClient/v1.9.8
[2019-12-29 04:16:59] [DEBUG] CookieSpec selected: default
[2019-12-29 04:16:59] [DEBUG] Auth cache not set in the context
[2019-12-29 04:16:59] [DEBUG] Target auth state: UNCHALLENGED
[2019-12-29 04:16:59] [DEBUG] Proxy auth state: UNCHALLENGED
[2019-12-29 04:16:59] [DEBUG] Attempt 1 to execute request
[2019-12-29 04:16:59] [DEBUG] Sending request: PUT /eureka/apps/AUTHENTICATION-SERVICE/DESKTOP-9RN4Q95:authentication-service:8001?status=UP&lastDirtyTimestamp=1577517448253 HTTP/1.1
[2019-12-29 04:16:59] [DEBUG]  >> "PUT /eureka/apps/AUTHENTICATION-SERVICE/DESKTOP-9RN4Q95:authentication-service:8001?status=UP&lastDirtyTimestamp=1577517448253 HTTP/1.1[\r][\n]"
[2019-12-29 04:16:59] [DEBUG]  >> "DiscoveryIdentity-Name: DefaultClient[\r][\n]"
[2019-12-29 04:16:59] [DEBUG]  >> "DiscoveryIdentity-Version: 1.4[\r][\n]"
[2019-12-29 04:16:59] [DEBUG]  >> "DiscoveryIdentity-Id: 192.168.40.101[\r][\n]"
[2019-12-29 04:16:59] [DEBUG]  >> "Accept-Encoding: gzip[\r][\n]"
[2019-12-29 04:16:59] [DEBUG]  >> "Content-Length: 0[\r][\n]"
[2019-12-29 04:16:59] [DEBUG]  >> "Host: localhost:8761[\r][\n]"
[2019-12-29 04:16:59] [DEBUG]  >> "Connection: Keep-Alive[\r][\n]"
[2019-12-29 04:16:59] [DEBUG]  >> "User-Agent: Java-EurekaClient/v1.9.8[\r][\n]"
[2019-12-29 04:16:59] [DEBUG]  >> "[\r][\n]"
[2019-12-29 04:16:59] [DEBUG] >> PUT /eureka/apps/AUTHENTICATION-SERVICE/DESKTOP-9RN4Q95:authentication-service:8001?status=UP&lastDirtyTimestamp=1577517448253 HTTP/1.1
[2019-12-29 04:16:59] [DEBUG] >> DiscoveryIdentity-Name: DefaultClient
[2019-12-29 04:16:59] [DEBUG] >> DiscoveryIdentity-Version: 1.4
[2019-12-29 04:16:59] [DEBUG] >> DiscoveryIdentity-Id: 192.168.40.101
[2019-12-29 04:16:59] [DEBUG] >> Accept-Encoding: gzip
[2019-12-29 04:16:59] [DEBUG] >> Content-Length: 0
[2019-12-29 04:16:59] [DEBUG] >> Host: localhost:8761
[2019-12-29 04:16:59] [DEBUG] >> Connection: Keep-Alive
[2019-12-29 04:16:59] [DEBUG] >> User-Agent: Java-EurekaClient/v1.9.8
[2019-12-29 04:16:59] [DEBUG]  << "HTTP/1.1 200 [\r][\n]"
[2019-12-29 04:16:59] [DEBUG]  << "HTTP/1.1 200 [\r][\n]"
[2019-12-29 04:16:59] [DEBUG]  << "Content-Type: application/xml[\r][\n]"
[2019-12-29 04:16:59] [DEBUG]  << "Content-Encoding: gzip[\r][\n]"
[2019-12-29 04:16:59] [DEBUG]  << "Content-Length: 0[\r][\n]"
[2019-12-29 04:16:59] [DEBUG]  << "Content-Type: application/json[\r][\n]"
[2019-12-29 04:16:59] [DEBUG]  << "Date: Sun, 29 Dec 2019 10:16:59 GMT[\r][\n]"
[2019-12-29 04:16:59] [DEBUG]  << "Content-Length: 86[\r][\n]"
[2019-12-29 04:16:59] [DEBUG]  << "[\r][\n]"
[2019-12-29 04:16:59] [DEBUG]  << "Date: Sun, 29 Dec 2019 10:16:59 GMT[\r][\n]"
[2019-12-29 04:16:59] [DEBUG]  << "[\r][\n]"
[2019-12-29 04:16:59] [DEBUG] Receiving response: HTTP/1.1 200 
[2019-12-29 04:16:59] [DEBUG] Receiving response: HTTP/1.1 200 
[2019-12-29 04:16:59] [DEBUG] << HTTP/1.1 200 
[2019-12-29 04:16:59] [DEBUG] << HTTP/1.1 200 
[2019-12-29 04:16:59] [DEBUG] << Content-Encoding: gzip
[2019-12-29 04:16:59] [DEBUG] << Content-Type: application/xml
[2019-12-29 04:16:59] [DEBUG] << Content-Type: application/json
[2019-12-29 04:16:59] [DEBUG] << Content-Length: 86
[2019-12-29 04:16:59] [DEBUG] << Content-Length: 0
[2019-12-29 04:16:59] [DEBUG] << Date: Sun, 29 Dec 2019 10:16:59 GMT
[2019-12-29 04:16:59] [DEBUG] << Date: Sun, 29 Dec 2019 10:16:59 GMT
[2019-12-29 04:16:59] [DEBUG] Connection can be kept alive indefinitely
[2019-12-29 04:16:59] [DEBUG] Connection can be kept alive indefinitely
[2019-12-29 04:16:59] [DEBUG]  << "[0x1f][0x8b][0x8][0x0][0x0][0x0][0x0][0x0][0x0][0x0][0xab]VJ,([0xc8][0xc9]LN,[0xc9][0xcc][0xcf]+V[0xb2][0xaa]V*K-*[0x6][0xb1][0xe3][0xe3]SRsJ[0x12][0x95][0xac][0x94][0xcc],[0x95]t@[0xca][0x80]B[0x19][0x89][0xc5][0x19][0xc9][0xf9])[0xa9]@[0xd1][0xd0][0x80]x[0xd3]x[0x88][0x4]L[0xbf][0x92]Utlm-[0x0]Y[0xb8][0x15][0xab]S[0x0][0x0][0x0]"
[2019-12-29 04:16:59] [DEBUG] Released connection is reusable.
[2019-12-29 04:16:59] [DEBUG] Releasing connection [{}->http://localhost:8761][null]
[2019-12-29 04:16:59] [DEBUG] Pooling connection [{}->http://localhost:8761][null]; keep alive indefinitely
[2019-12-29 04:16:59] [DEBUG] Notifying no-one, there are no waiting threads
[2019-12-29 04:16:59] [DEBUG] Jersey HTTP PUT http://localhost:8761/eureka//apps/AUTHENTICATION-SERVICE/DESKTOP-9RN4Q95:authentication-service:8001; statusCode=200
[2019-12-29 04:16:59] [DEBUG] Pinning to endpoint null
[2019-12-29 04:16:59] [DEBUG] DiscoveryClient_AUTHENTICATION-SERVICE/DESKTOP-9RN4Q95:authentication-service:8001 - Heartbeat status: 200
[2019-12-29 04:16:59] [DEBUG] Released connection is reusable.
[2019-12-29 04:16:59] [DEBUG] Releasing connection [{}->http://localhost:8761][null]
[2019-12-29 04:16:59] [DEBUG] Pooling connection [{}->http://localhost:8761][null]; keep alive indefinitely
[2019-12-29 04:16:59] [DEBUG] Notifying no-one, there are no waiting threads
[2019-12-29 04:16:59] [DEBUG] clearing global-level cache with size 0
[2019-12-29 04:16:59] [DEBUG] clearing app-level serialization cache with size 0
[2019-12-29 04:16:59] [DEBUG] Jersey HTTP GET http://localhost:8761/eureka//apps/delta?; statusCode=200
[2019-12-29 04:16:59] [DEBUG] Pinning to endpoint null
[2019-12-29 04:16:59] [DEBUG] Got delta update with apps hashcode UP_5_
[2019-12-29 04:16:59] [DEBUG] The total number of instances fetched by the delta processor : 0
[2019-12-29 04:16:59] [DEBUG] The total number of all instances in the client now is 5
[2019-12-29 04:16:59] [DEBUG] Completed cache refresh task for discovery. All Apps hash code is Local region apps hashcode: UP_5_, is fetching remote regions? false 
[2019-12-29 04:17:23] [INFO] Application shutdown requested.
[2019-12-29 04:17:23] [DEBUG] Closing org.springframework.boot.web.servlet.context.AnnotationConfigServletWebServerApplicationContext@333dd51e, started on Sat Dec 28 08:17:24 CET 2019, parent: org.springframework.context.annotation.AnnotationConfigApplicationContext@7bba5817
[2019-12-29 04:17:23] [INFO] Unregistering application AUTHENTICATION-SERVICE with eureka with status DOWN
[2019-12-29 04:17:23] [WARN] Saw local status change event StatusChangeEvent [timestamp=1577614643609, current=DOWN, previous=UP]
[2019-12-29 04:17:23] [DEBUG] Executing on-demand update of local InstanceInfo
[2019-12-29 04:17:23] [DEBUG] Canceling the latest scheduled update, it will be rescheduled at the end of on demand update
[2019-12-29 04:17:23] [INFO] DiscoveryClient_AUTHENTICATION-SERVICE/DESKTOP-9RN4Q95:authentication-service:8001: registering service...
[2019-12-29 04:17:23] [DEBUG] Get connection: {}->http://localhost:8761, timeout = 5000
[2019-12-29 04:17:23] [DEBUG] [{}->http://localhost:8761] total kept alive: 2, total issued: 0, total allocated: 2 out of 200
[2019-12-29 04:17:23] [DEBUG] Getting free connection [{}->http://localhost:8761][null]
[2019-12-29 04:17:23] [DEBUG] Stale connection check
[2019-12-29 04:17:23] [DEBUG] Stale connection detected
[2019-12-29 04:17:23] [DEBUG] Connection 0.0.0.0:56910<->127.0.0.1:8761 closed
[2019-12-29 04:17:23] [DEBUG] Connecting to localhost:8761
[2019-12-29 04:17:23] [DEBUG] Stopping beans in phase 0
[2019-12-29 04:17:23] [INFO] Shutting down ExecutorService 'applicationTaskExecutor'
[2019-12-29 04:17:23] [INFO] Closing JPA EntityManagerFactory for persistence unit 'default'
[2019-12-29 04:17:23] [DEBUG] HHH000031: Closing
[2019-12-29 04:17:23] [DEBUG] Un-scoping TypeConfiguration [org.hibernate.type.spi.TypeConfiguration$Scope@7acac0f2] from SessionFactory [org.hibernate.internal.SessionFactoryImpl@6dca31eb]
[2019-12-29 04:17:23] [DEBUG] Implicitly destroying ServiceRegistry on de-registration of all child ServiceRegistries
[2019-12-29 04:17:23] [DEBUG] Implicitly destroying Boot-strap registry on de-registration of all child ServiceRegistries
[2019-12-29 04:17:23] [DEBUG] Unregistering JMX-exposed beans on shutdown
[2019-12-29 04:17:23] [DEBUG] Unregistering JMX-exposed beans
[2019-12-29 04:17:23] [INFO] Shutting down DiscoveryClient ...
[2019-12-29 04:17:25] [DEBUG] Connect to localhost:8761 timed out. Connection will be retried using another IP address
[2019-12-29 04:17:25] [DEBUG] Connecting to localhost:8761
[2019-12-29 04:17:26] [WARN] HikariPool-1 - Thread starvation or clock leap detected (housekeeper delta=1d2h5m23s216ms309µs700ns).
[2019-12-29 04:17:26] [DEBUG] HikariPool-1 - Pool stats (total=10, active=0, idle=10, waiting=0)
[2019-12-29 04:17:26] [DEBUG] HikariPool-1 - Closing connection conn10: url=jdbc:h2:file:~/authentication user=SA: (connection has passed maxLifetime)
[2019-12-29 04:17:26] [DEBUG] HikariPool-1 - Closing connection conn18: url=jdbc:h2:file:~/authentication user=SA: (connection has passed maxLifetime)
[2019-12-29 04:17:26] [DEBUG] HikariPool-1 - Closing connection conn11: url=jdbc:h2:file:~/authentication user=SA: (connection has passed maxLifetime)
[2019-12-29 04:17:26] [DEBUG] HikariPool-1 - Closing connection conn14: url=jdbc:h2:file:~/authentication user=SA: (connection has passed maxLifetime)
[2019-12-29 04:17:26] [DEBUG] HikariPool-1 - Closing connection conn12: url=jdbc:h2:file:~/authentication user=SA: (connection has passed maxLifetime)
[2019-12-29 04:17:26] [DEBUG] HikariPool-1 - Added connection conn21: url=jdbc:h2:file:~/authentication user=SA
[2019-12-29 04:17:26] [DEBUG] HikariPool-1 - Closing connection conn19: url=jdbc:h2:file:~/authentication user=SA: (connection has passed maxLifetime)
[2019-12-29 04:17:26] [DEBUG] HikariPool-1 - Added connection conn22: url=jdbc:h2:file:~/authentication user=SA
[2019-12-29 04:17:26] [DEBUG] HikariPool-1 - Closing connection conn13: url=jdbc:h2:file:~/authentication user=SA: (connection has passed maxLifetime)
[2019-12-29 04:17:26] [DEBUG] HikariPool-1 - Closing connection conn15: url=jdbc:h2:file:~/authentication user=SA: (connection has passed maxLifetime)
[2019-12-29 04:17:26] [DEBUG] HikariPool-1 - Added connection conn23: url=jdbc:h2:file:~/authentication user=SA
[2019-12-29 04:17:26] [DEBUG] HikariPool-1 - Closing connection conn17: url=jdbc:h2:file:~/authentication user=SA: (connection has passed maxLifetime)
[2019-12-29 04:17:26] [DEBUG] HikariPool-1 - Closing connection conn16: url=jdbc:h2:file:~/authentication user=SA: (connection has passed maxLifetime)
[2019-12-29 04:17:26] [DEBUG] HikariPool-1 - Added connection conn24: url=jdbc:h2:file:~/authentication user=SA
[2019-12-29 04:17:26] [DEBUG] HikariPool-1 - Added connection conn25: url=jdbc:h2:file:~/authentication user=SA
[2019-12-29 04:17:26] [DEBUG] HikariPool-1 - Added connection conn26: url=jdbc:h2:file:~/authentication user=SA
[2019-12-29 04:17:26] [DEBUG] HikariPool-1 - Added connection conn27: url=jdbc:h2:file:~/authentication user=SA
[2019-12-29 04:17:26] [DEBUG] HikariPool-1 - Added connection conn28: url=jdbc:h2:file:~/authentication user=SA
[2019-12-29 04:17:26] [DEBUG] HikariPool-1 - Added connection conn29: url=jdbc:h2:file:~/authentication user=SA
[2019-12-29 04:17:26] [DEBUG] HikariPool-1 - Added connection conn30: url=jdbc:h2:file:~/authentication user=SA
[2019-12-29 04:17:26] [INFO] Unregistering ...
[2019-12-29 04:17:26] [DEBUG] Get connection: {}->http://localhost:8761, timeout = 5000
[2019-12-29 04:17:26] [DEBUG] [{}->http://localhost:8761] total kept alive: 1, total issued: 1, total allocated: 2 out of 200
[2019-12-29 04:17:26] [DEBUG] Getting free connection [{}->http://localhost:8761][null]
[2019-12-29 04:17:26] [DEBUG] Stale connection check
[2019-12-29 04:17:26] [DEBUG] Stale connection detected
[2019-12-29 04:17:26] [DEBUG] Connection 0.0.0.0:56911<->127.0.0.1:8761 closed
[2019-12-29 04:17:26] [DEBUG] Connecting to localhost:8761
[2019-12-29 04:17:27] [DEBUG] Connection 0.0.0.0:56910<->127.0.0.1:8761 closed
[2019-12-29 04:17:27] [DEBUG] Connection 0.0.0.0:56910<->127.0.0.1:8761 shut down
[2019-12-29 04:17:27] [DEBUG] Released connection is not reusable.
[2019-12-29 04:17:27] [DEBUG] Releasing connection [{}->http://localhost:8761][null]
[2019-12-29 04:17:27] [DEBUG] Connection 0.0.0.0:56910<->127.0.0.1:8761 closed
[2019-12-29 04:17:27] [DEBUG] Notifying no-one, there are no waiting threads
[2019-12-29 04:17:27] [DEBUG] Jersey HTTP POST http://localhost:8761/eureka//apps/AUTHENTICATION-SERVICE with instance DESKTOP-9RN4Q95:authentication-service:8001; statusCode=N/A
[2019-12-29 04:17:27] [ERROR] Request execution error. endpoint=DefaultEndpoint{ serviceUrl='http://localhost:8761/eureka/}
com.sun.jersey.api.client.ClientHandlerException: java.net.ConnectException: Connection refused: connect
	at com.sun.jersey.client.apache4.ApacheHttpClient4Handler.handle(ApacheHttpClient4Handler.java:187) ~[jersey-apache-client4-1.19.1.jar:1.19.1]
	at com.sun.jersey.api.client.filter.GZIPContentEncodingFilter.handle(GZIPContentEncodingFilter.java:123) ~[jersey-client-1.19.1.jar:1.19.1]
	at com.netflix.discovery.EurekaIdentityHeaderFilter.handle(EurekaIdentityHeaderFilter.java:27) ~[eureka-client-1.9.8.jar:1.9.8]
	at com.sun.jersey.api.client.Client.handle(Client.java:652) ~[jersey-client-1.19.1.jar:1.19.1]
	at com.sun.jersey.api.client.WebResource.handle(WebResource.java:682) ~[jersey-client-1.19.1.jar:1.19.1]
	at com.sun.jersey.api.client.WebResource.access$200(WebResource.java:74) ~[jersey-client-1.19.1.jar:1.19.1]
	at com.sun.jersey.api.client.WebResource$Builder.post(WebResource.java:570) ~[jersey-client-1.19.1.jar:1.19.1]
	at com.netflix.discovery.shared.transport.jersey.AbstractJerseyEurekaHttpClient.register(AbstractJerseyEurekaHttpClient.java:56) ~[eureka-client-1.9.8.jar:1.9.8]
	at com.netflix.discovery.shared.transport.decorator.EurekaHttpClientDecorator$1.execute(EurekaHttpClientDecorator.java:59) ~[eureka-client-1.9.8.jar:1.9.8]
	at com.netflix.discovery.shared.transport.decorator.MetricsCollectingEurekaHttpClient.execute(MetricsCollectingEurekaHttpClient.java:73) ~[eureka-client-1.9.8.jar:1.9.8]
	at com.netflix.discovery.shared.transport.decorator.EurekaHttpClientDecorator.register(EurekaHttpClientDecorator.java:56) ~[eureka-client-1.9.8.jar:1.9.8]
	at com.netflix.discovery.shared.transport.decorator.EurekaHttpClientDecorator$1.execute(EurekaHttpClientDecorator.java:59) ~[eureka-client-1.9.8.jar:1.9.8]
	at com.netflix.discovery.shared.transport.decorator.RedirectingEurekaHttpClient.execute(RedirectingEurekaHttpClient.java:89) [eureka-client-1.9.8.jar:1.9.8]
	at com.netflix.discovery.shared.transport.decorator.EurekaHttpClientDecorator.register(EurekaHttpClientDecorator.java:56) [eureka-client-1.9.8.jar:1.9.8]
	at com.netflix.discovery.shared.transport.decorator.EurekaHttpClientDecorator$1.execute(EurekaHttpClientDecorator.java:59) [eureka-client-1.9.8.jar:1.9.8]
	at com.netflix.discovery.shared.transport.decorator.RetryableEurekaHttpClient.execute(RetryableEurekaHttpClient.java:120) [eureka-client-1.9.8.jar:1.9.8]
	at com.netflix.discovery.shared.transport.decorator.EurekaHttpClientDecorator.register(EurekaHttpClientDecorator.java:56) [eureka-client-1.9.8.jar:1.9.8]
	at com.netflix.discovery.shared.transport.decorator.EurekaHttpClientDecorator$1.execute(EurekaHttpClientDecorator.java:59) [eureka-client-1.9.8.jar:1.9.8]
	at com.netflix.discovery.shared.transport.decorator.SessionedEurekaHttpClient.execute(SessionedEurekaHttpClient.java:77) [eureka-client-1.9.8.jar:1.9.8]
	at com.netflix.discovery.shared.transport.decorator.EurekaHttpClientDecorator.register(EurekaHttpClientDecorator.java:56) [eureka-client-1.9.8.jar:1.9.8]
	at com.netflix.discovery.DiscoveryClient.register(DiscoveryClient.java:829) [eureka-client-1.9.8.jar:1.9.8]
	at com.netflix.discovery.InstanceInfoReplicator.run(InstanceInfoReplicator.java:121) [eureka-client-1.9.8.jar:1.9.8]
	at com.netflix.discovery.InstanceInfoReplicator$1.run(InstanceInfoReplicator.java:101) [eureka-client-1.9.8.jar:1.9.8]
	at java.util.concurrent.Executors$RunnableAdapter.call(Unknown Source) [?:1.8.0_231]
	at java.util.concurrent.FutureTask.run(Unknown Source) [?:1.8.0_231]
	at java.util.concurrent.ScheduledThreadPoolExecutor$ScheduledFutureTask.access$201(Unknown Source) [?:1.8.0_231]
	at java.util.concurrent.ScheduledThreadPoolExecutor$ScheduledFutureTask.run(Unknown Source) [?:1.8.0_231]
	at java.util.concurrent.ThreadPoolExecutor.runWorker(Unknown Source) [?:1.8.0_231]
	at java.util.concurrent.ThreadPoolExecutor$Worker.run(Unknown Source) [?:1.8.0_231]
	at java.lang.Thread.run(Unknown Source) [?:1.8.0_231]
Caused by: java.net.ConnectException: Connection refused: connect
	at java.net.DualStackPlainSocketImpl.waitForConnect(Native Method) ~[?:1.8.0_231]
	at java.net.DualStackPlainSocketImpl.socketConnect(Unknown Source) ~[?:1.8.0_231]
	at java.net.AbstractPlainSocketImpl.doConnect(Unknown Source) ~[?:1.8.0_231]
	at java.net.AbstractPlainSocketImpl.connectToAddress(Unknown Source) ~[?:1.8.0_231]
	at java.net.AbstractPlainSocketImpl.connect(Unknown Source) ~[?:1.8.0_231]
	at java.net.PlainSocketImpl.connect(Unknown Source) ~[?:1.8.0_231]
	at java.net.SocksSocketImpl.connect(Unknown Source) ~[?:1.8.0_231]
	at java.net.Socket.connect(Unknown Source) ~[?:1.8.0_231]
	at org.apache.http.conn.scheme.PlainSocketFactory.connectSocket(PlainSocketFactory.java:121) ~[httpclient-4.5.10.jar:4.5.10]
	at org.apache.http.impl.conn.DefaultClientConnectionOperator.openConnection(DefaultClientConnectionOperator.java:180) ~[httpclient-4.5.10.jar:4.5.10]
	at org.apache.http.impl.conn.AbstractPoolEntry.open(AbstractPoolEntry.java:144) ~[httpclient-4.5.10.jar:4.5.10]
	at org.apache.http.impl.conn.AbstractPooledConnAdapter.open(AbstractPooledConnAdapter.java:134) ~[httpclient-4.5.10.jar:4.5.10]
	at org.apache.http.impl.client.DefaultRequestDirector.tryConnect(DefaultRequestDirector.java:605) ~[httpclient-4.5.10.jar:4.5.10]
	at org.apache.http.impl.client.DefaultRequestDirector.execute(DefaultRequestDirector.java:440) ~[httpclient-4.5.10.jar:4.5.10]
	at org.apache.http.impl.client.AbstractHttpClient.doExecute(AbstractHttpClient.java:835) ~[httpclient-4.5.10.jar:4.5.10]
	at org.apache.http.impl.client.CloseableHttpClient.execute(CloseableHttpClient.java:118) ~[httpclient-4.5.10.jar:4.5.10]
	at org.apache.http.impl.client.CloseableHttpClient.execute(CloseableHttpClient.java:56) ~[httpclient-4.5.10.jar:4.5.10]
	at com.sun.jersey.client.apache4.ApacheHttpClient4Handler.handle(ApacheHttpClient4Handler.java:173) ~[jersey-apache-client4-1.19.1.jar:1.19.1]
	... 29 more
[2019-12-29 04:17:27] [WARN] Request execution failed with message: java.net.ConnectException: Connection refused: connect
[2019-12-29 04:17:27] [DEBUG] Created client for url: http://localhost:8761/eureka/
[2019-12-29 04:17:27] [DEBUG] Get connection: {}->http://localhost:8761, timeout = 5000
[2019-12-29 04:17:27] [DEBUG] [{}->http://localhost:8761] total kept alive: 0, total issued: 1, total allocated: 1 out of 200
[2019-12-29 04:17:27] [DEBUG] No free connections [{}->http://localhost:8761][null]
[2019-12-29 04:17:27] [DEBUG] Available capacity: 49 out of 50 [{}->http://localhost:8761][null]
[2019-12-29 04:17:27] [DEBUG] Creating new connection [{}->http://localhost:8761]
[2019-12-29 04:17:27] [DEBUG] Connecting to localhost:8761
[2019-12-29 04:17:28] [DEBUG] Connect to localhost:8761 timed out. Connection will be retried using another IP address
[2019-12-29 04:17:28] [DEBUG] Connecting to localhost:8761
[2019-12-29 04:17:29] [DEBUG] Closing connections idle longer than 30000 SECONDS
[2019-12-29 04:17:29] [DEBUG] Closing connections idle longer than 30000 SECONDS
[2019-12-29 04:17:29] [DEBUG] Connect to localhost:8761 timed out. Connection will be retried using another IP address
[2019-12-29 04:17:29] [DEBUG] Connecting to localhost:8761
[2019-12-29 04:17:30] [DEBUG] Connection 0.0.0.0:56911<->127.0.0.1:8761 closed
[2019-12-29 04:17:30] [DEBUG] Connection 0.0.0.0:56911<->127.0.0.1:8761 shut down
[2019-12-29 04:17:30] [DEBUG] Released connection is not reusable.
[2019-12-29 04:17:30] [DEBUG] Releasing connection [{}->http://localhost:8761][null]
[2019-12-29 04:17:30] [DEBUG] Connection 0.0.0.0:56911<->127.0.0.1:8761 closed
[2019-12-29 04:17:30] [DEBUG] Notifying no-one, there are no waiting threads
[2019-12-29 04:17:30] [DEBUG] Jersey HTTP DELETE http://localhost:8761/eureka//apps/AUTHENTICATION-SERVICE/DESKTOP-9RN4Q95:authentication-service:8001; statusCode=N/A
[2019-12-29 04:17:30] [ERROR] Request execution error. endpoint=DefaultEndpoint{ serviceUrl='http://localhost:8761/eureka/}
com.sun.jersey.api.client.ClientHandlerException: java.net.ConnectException: Connection refused: connect
	at com.sun.jersey.client.apache4.ApacheHttpClient4Handler.handle(ApacheHttpClient4Handler.java:187) ~[jersey-apache-client4-1.19.1.jar:1.19.1]
	at com.sun.jersey.api.client.filter.GZIPContentEncodingFilter.handle(GZIPContentEncodingFilter.java:123) ~[jersey-client-1.19.1.jar:1.19.1]
	at com.netflix.discovery.EurekaIdentityHeaderFilter.handle(EurekaIdentityHeaderFilter.java:27) ~[eureka-client-1.9.8.jar:1.9.8]
	at com.sun.jersey.api.client.Client.handle(Client.java:652) ~[jersey-client-1.19.1.jar:1.19.1]
	at com.sun.jersey.api.client.WebResource.handle(WebResource.java:682) ~[jersey-client-1.19.1.jar:1.19.1]
	at com.sun.jersey.api.client.WebResource.access$200(WebResource.java:74) ~[jersey-client-1.19.1.jar:1.19.1]
	at com.sun.jersey.api.client.WebResource$Builder.delete(WebResource.java:591) ~[jersey-client-1.19.1.jar:1.19.1]
	at com.netflix.discovery.shared.transport.jersey.AbstractJerseyEurekaHttpClient.cancel(AbstractJerseyEurekaHttpClient.java:76) ~[eureka-client-1.9.8.jar:1.9.8]
	at com.netflix.discovery.shared.transport.decorator.EurekaHttpClientDecorator$2.execute(EurekaHttpClientDecorator.java:74) ~[eureka-client-1.9.8.jar:1.9.8]
	at com.netflix.discovery.shared.transport.decorator.MetricsCollectingEurekaHttpClient.execute(MetricsCollectingEurekaHttpClient.java:73) ~[eureka-client-1.9.8.jar:1.9.8]
	at com.netflix.discovery.shared.transport.decorator.EurekaHttpClientDecorator.cancel(EurekaHttpClientDecorator.java:71) ~[eureka-client-1.9.8.jar:1.9.8]
	at com.netflix.discovery.shared.transport.decorator.EurekaHttpClientDecorator$2.execute(EurekaHttpClientDecorator.java:74) ~[eureka-client-1.9.8.jar:1.9.8]
	at com.netflix.discovery.shared.transport.decorator.RedirectingEurekaHttpClient.execute(RedirectingEurekaHttpClient.java:89) ~[eureka-client-1.9.8.jar:1.9.8]
	at com.netflix.discovery.shared.transport.decorator.EurekaHttpClientDecorator.cancel(EurekaHttpClientDecorator.java:71) ~[eureka-client-1.9.8.jar:1.9.8]
	at com.netflix.discovery.shared.transport.decorator.EurekaHttpClientDecorator$2.execute(EurekaHttpClientDecorator.java:74) ~[eureka-client-1.9.8.jar:1.9.8]
	at com.netflix.discovery.shared.transport.decorator.RetryableEurekaHttpClient.execute(RetryableEurekaHttpClient.java:120) ~[eureka-client-1.9.8.jar:1.9.8]
	at com.netflix.discovery.shared.transport.decorator.EurekaHttpClientDecorator.cancel(EurekaHttpClientDecorator.java:71) ~[eureka-client-1.9.8.jar:1.9.8]
	at com.netflix.discovery.shared.transport.decorator.EurekaHttpClientDecorator$2.execute(EurekaHttpClientDecorator.java:74) ~[eureka-client-1.9.8.jar:1.9.8]
	at com.netflix.discovery.shared.transport.decorator.SessionedEurekaHttpClient.execute(SessionedEurekaHttpClient.java:77) ~[eureka-client-1.9.8.jar:1.9.8]
	at com.netflix.discovery.shared.transport.decorator.EurekaHttpClientDecorator.cancel(EurekaHttpClientDecorator.java:71) ~[eureka-client-1.9.8.jar:1.9.8]
	at com.netflix.discovery.DiscoveryClient.unregister(DiscoveryClient.java:923) ~[eureka-client-1.9.8.jar:1.9.8]
	at com.netflix.discovery.DiscoveryClient.shutdown(DiscoveryClient.java:901) ~[eureka-client-1.9.8.jar:1.9.8]
	at sun.reflect.NativeMethodAccessorImpl.invoke0(Native Method) ~[?:1.8.0_231]
	at sun.reflect.NativeMethodAccessorImpl.invoke(Unknown Source) ~[?:1.8.0_231]
	at sun.reflect.DelegatingMethodAccessorImpl.invoke(Unknown Source) ~[?:1.8.0_231]
	at java.lang.reflect.Method.invoke(Unknown Source) ~[?:1.8.0_231]
	at org.springframework.beans.factory.annotation.InitDestroyAnnotationBeanPostProcessor$LifecycleElement.invoke(InitDestroyAnnotationBeanPostProcessor.java:389) ~[spring-beans-5.2.1.RELEASE.jar:5.2.1.RELEASE]
	at org.springframework.beans.factory.annotation.InitDestroyAnnotationBeanPostProcessor$LifecycleMetadata.invokeDestroyMethods(InitDestroyAnnotationBeanPostProcessor.java:347) ~[spring-beans-5.2.1.RELEASE.jar:5.2.1.RELEASE]
	at org.springframework.beans.factory.annotation.InitDestroyAnnotationBeanPostProcessor.postProcessBeforeDestruction(InitDestroyAnnotationBeanPostProcessor.java:177) ~[spring-beans-5.2.1.RELEASE.jar:5.2.1.RELEASE]
	at org.springframework.beans.factory.support.DisposableBeanAdapter.destroy(DisposableBeanAdapter.java:242) ~[spring-beans-5.2.1.RELEASE.jar:5.2.1.RELEASE]
	at org.springframework.beans.factory.support.DisposableBeanAdapter.run(DisposableBeanAdapter.java:235) ~[spring-beans-5.2.1.RELEASE.jar:5.2.1.RELEASE]
	at org.springframework.cloud.context.scope.GenericScope$BeanLifecycleWrapper.destroy(GenericScope.java:403) ~[spring-cloud-context-2.1.1.RELEASE.jar:2.1.1.RELEASE]
	at org.springframework.cloud.context.scope.GenericScope.destroy(GenericScope.java:142) ~[spring-cloud-context-2.1.1.RELEASE.jar:2.1.1.RELEASE]
	at org.springframework.beans.factory.support.DisposableBeanAdapter.destroy(DisposableBeanAdapter.java:258) ~[spring-beans-5.2.1.RELEASE.jar:5.2.1.RELEASE]
	at org.springframework.beans.factory.support.DefaultSingletonBeanRegistry.destroyBean(DefaultSingletonBeanRegistry.java:571) ~[spring-beans-5.2.1.RELEASE.jar:5.2.1.RELEASE]
	at org.springframework.beans.factory.support.DefaultSingletonBeanRegistry.destroySingleton(DefaultSingletonBeanRegistry.java:543) ~[spring-beans-5.2.1.RELEASE.jar:5.2.1.RELEASE]
	at org.springframework.beans.factory.support.DefaultListableBeanFactory.destroySingleton(DefaultListableBeanFactory.java:1072) ~[spring-beans-5.2.1.RELEASE.jar:5.2.1.RELEASE]
	at org.springframework.beans.factory.support.DefaultSingletonBeanRegistry.destroySingletons(DefaultSingletonBeanRegistry.java:504) ~[spring-beans-5.2.1.RELEASE.jar:5.2.1.RELEASE]
	at org.springframework.beans.factory.support.DefaultListableBeanFactory.destroySingletons(DefaultListableBeanFactory.java:1065) ~[spring-beans-5.2.1.RELEASE.jar:5.2.1.RELEASE]
	at org.springframework.context.support.AbstractApplicationContext.destroyBeans(AbstractApplicationContext.java:1060) ~[spring-context-5.2.1.RELEASE.jar:5.2.1.RELEASE]
	at org.springframework.context.support.AbstractApplicationContext.doClose(AbstractApplicationContext.java:1029) ~[spring-context-5.2.1.RELEASE.jar:5.2.1.RELEASE]
	at org.springframework.context.support.AbstractApplicationContext.close(AbstractApplicationContext.java:978) ~[spring-context-5.2.1.RELEASE.jar:5.2.1.RELEASE]
	at org.springframework.boot.admin.SpringApplicationAdminMXBeanRegistrar$SpringApplicationAdmin.shutdown(SpringApplicationAdminMXBeanRegistrar.java:160) ~[spring-boot-2.2.1.RELEASE.jar:2.2.1.RELEASE]
	at sun.reflect.NativeMethodAccessorImpl.invoke0(Native Method) ~[?:1.8.0_231]
	at sun.reflect.NativeMethodAccessorImpl.invoke(Unknown Source) ~[?:1.8.0_231]
	at sun.reflect.DelegatingMethodAccessorImpl.invoke(Unknown Source) ~[?:1.8.0_231]
	at java.lang.reflect.Method.invoke(Unknown Source) ~[?:1.8.0_231]
	at sun.reflect.misc.Trampoline.invoke(Unknown Source) ~[?:1.8.0_231]
	at sun.reflect.GeneratedMethodAccessor76.invoke(Unknown Source) ~[?:?]
	at sun.reflect.DelegatingMethodAccessorImpl.invoke(Unknown Source) ~[?:1.8.0_231]
	at java.lang.reflect.Method.invoke(Unknown Source) ~[?:1.8.0_231]
	at sun.reflect.misc.MethodUtil.invoke(Unknown Source) ~[?:1.8.0_231]
	at com.sun.jmx.mbeanserver.ConvertingMethod.invokeWithOpenReturn(Unknown Source) ~[?:1.8.0_231]
	at com.sun.jmx.mbeanserver.ConvertingMethod.invokeWithOpenReturn(Unknown Source) ~[?:1.8.0_231]
	at com.sun.jmx.mbeanserver.MXBeanIntrospector.invokeM2(Unknown Source) ~[?:1.8.0_231]
	at com.sun.jmx.mbeanserver.MXBeanIntrospector.invokeM2(Unknown Source) ~[?:1.8.0_231]
	at com.sun.jmx.mbeanserver.MBeanIntrospector.invokeM(Unknown Source) ~[?:1.8.0_231]
	at com.sun.jmx.mbeanserver.PerInterface.invoke(Unknown Source) ~[?:1.8.0_231]
	at com.sun.jmx.mbeanserver.MBeanSupport.invoke(Unknown Source) ~[?:1.8.0_231]
	at com.sun.jmx.interceptor.DefaultMBeanServerInterceptor.invoke(Unknown Source) ~[?:1.8.0_231]
	at com.sun.jmx.mbeanserver.JmxMBeanServer.invoke(Unknown Source) ~[?:1.8.0_231]
	at javax.management.remote.rmi.RMIConnectionImpl.doOperation(Unknown Source) ~[?:1.8.0_231]
	at javax.management.remote.rmi.RMIConnectionImpl.access$300(Unknown Source) ~[?:1.8.0_231]
	at javax.management.remote.rmi.RMIConnectionImpl$PrivilegedOperation.run(Unknown Source) ~[?:1.8.0_231]
	at javax.management.remote.rmi.RMIConnectionImpl.doPrivilegedOperation(Unknown Source) ~[?:1.8.0_231]
	at javax.management.remote.rmi.RMIConnectionImpl.invoke(Unknown Source) ~[?:1.8.0_231]
	at sun.reflect.GeneratedMethodAccessor81.invoke(Unknown Source) ~[?:?]
	at sun.reflect.DelegatingMethodAccessorImpl.invoke(Unknown Source) ~[?:1.8.0_231]
	at java.lang.reflect.Method.invoke(Unknown Source) ~[?:1.8.0_231]
	at sun.rmi.server.UnicastServerRef.dispatch(Unknown Source) ~[?:1.8.0_231]
	at sun.rmi.transport.Transport$1.run(Unknown Source) ~[?:1.8.0_231]
	at sun.rmi.transport.Transport$1.run(Unknown Source) ~[?:1.8.0_231]
	at java.security.AccessController.doPrivileged(Native Method) ~[?:1.8.0_231]
	at sun.rmi.transport.Transport.serviceCall(Unknown Source) ~[?:1.8.0_231]
	at sun.rmi.transport.tcp.TCPTransport.handleMessages(Unknown Source) ~[?:1.8.0_231]
	at sun.rmi.transport.tcp.TCPTransport$ConnectionHandler.run0(Unknown Source) ~[?:1.8.0_231]
	at sun.rmi.transport.tcp.TCPTransport$ConnectionHandler.lambda$run$0(Unknown Source) ~[?:1.8.0_231]
	at java.security.AccessController.doPrivileged(Native Method) ~[?:1.8.0_231]
	at sun.rmi.transport.tcp.TCPTransport$ConnectionHandler.run(Unknown Source) [?:1.8.0_231]
	at java.util.concurrent.ThreadPoolExecutor.runWorker(Unknown Source) [?:1.8.0_231]
	at java.util.concurrent.ThreadPoolExecutor$Worker.run(Unknown Source) [?:1.8.0_231]
	at java.lang.Thread.run(Unknown Source) [?:1.8.0_231]
Caused by: java.net.ConnectException: Connection refused: connect
	at java.net.DualStackPlainSocketImpl.waitForConnect(Native Method) ~[?:1.8.0_231]
	at java.net.DualStackPlainSocketImpl.socketConnect(Unknown Source) ~[?:1.8.0_231]
	at java.net.AbstractPlainSocketImpl.doConnect(Unknown Source) ~[?:1.8.0_231]
	at java.net.AbstractPlainSocketImpl.connectToAddress(Unknown Source) ~[?:1.8.0_231]
	at java.net.AbstractPlainSocketImpl.connect(Unknown Source) ~[?:1.8.0_231]
	at java.net.PlainSocketImpl.connect(Unknown Source) ~[?:1.8.0_231]
	at java.net.SocksSocketImpl.connect(Unknown Source) ~[?:1.8.0_231]
	at java.net.Socket.connect(Unknown Source) ~[?:1.8.0_231]
	at org.apache.http.conn.scheme.PlainSocketFactory.connectSocket(PlainSocketFactory.java:121) ~[httpclient-4.5.10.jar:4.5.10]
	at org.apache.http.impl.conn.DefaultClientConnectionOperator.openConnection(DefaultClientConnectionOperator.java:180) ~[httpclient-4.5.10.jar:4.5.10]
	at org.apache.http.impl.conn.AbstractPoolEntry.open(AbstractPoolEntry.java:144) ~[httpclient-4.5.10.jar:4.5.10]
	at org.apache.http.impl.conn.AbstractPooledConnAdapter.open(AbstractPooledConnAdapter.java:134) ~[httpclient-4.5.10.jar:4.5.10]
	at org.apache.http.impl.client.DefaultRequestDirector.tryConnect(DefaultRequestDirector.java:605) ~[httpclient-4.5.10.jar:4.5.10]
	at org.apache.http.impl.client.DefaultRequestDirector.execute(DefaultRequestDirector.java:440) ~[httpclient-4.5.10.jar:4.5.10]
	at org.apache.http.impl.client.AbstractHttpClient.doExecute(AbstractHttpClient.java:835) ~[httpclient-4.5.10.jar:4.5.10]
	at org.apache.http.impl.client.CloseableHttpClient.execute(CloseableHttpClient.java:118) ~[httpclient-4.5.10.jar:4.5.10]
	at org.apache.http.impl.client.CloseableHttpClient.execute(CloseableHttpClient.java:56) ~[httpclient-4.5.10.jar:4.5.10]
	at com.sun.jersey.client.apache4.ApacheHttpClient4Handler.handle(ApacheHttpClient4Handler.java:173) ~[jersey-apache-client4-1.19.1.jar:1.19.1]
	... 81 more
[2019-12-29 04:17:30] [WARN] Request execution failed with message: java.net.ConnectException: Connection refused: connect
[2019-12-29 04:17:30] [DEBUG] Created client for url: http://localhost:8761/eureka/
[2019-12-29 04:17:30] [DEBUG] Get connection: {}->http://localhost:8761, timeout = 5000
[2019-12-29 04:17:30] [DEBUG] [{}->http://localhost:8761] total kept alive: 0, total issued: 1, total allocated: 1 out of 200
[2019-12-29 04:17:30] [DEBUG] No free connections [{}->http://localhost:8761][null]
[2019-12-29 04:17:30] [DEBUG] Available capacity: 49 out of 50 [{}->http://localhost:8761][null]
[2019-12-29 04:17:30] [DEBUG] Creating new connection [{}->http://localhost:8761]
[2019-12-29 04:17:30] [DEBUG] Connecting to localhost:8761
[2019-12-29 04:17:31] [DEBUG] Connection org.apache.http.impl.conn.DefaultClientConnection@498646ce closed
[2019-12-29 04:17:31] [DEBUG] Connection org.apache.http.impl.conn.DefaultClientConnection@498646ce shut down
[2019-12-29 04:17:31] [DEBUG] Released connection is not reusable.
[2019-12-29 04:17:31] [DEBUG] Releasing connection [{}->http://localhost:8761][null]
[2019-12-29 04:17:31] [DEBUG] Connection org.apache.http.impl.conn.DefaultClientConnection@498646ce closed
[2019-12-29 04:17:31] [DEBUG] Notifying no-one, there are no waiting threads
[2019-12-29 04:17:31] [DEBUG] Jersey HTTP POST http://localhost:8761/eureka//apps/AUTHENTICATION-SERVICE with instance DESKTOP-9RN4Q95:authentication-service:8001; statusCode=N/A
[2019-12-29 04:17:31] [ERROR] Request execution error. endpoint=DefaultEndpoint{ serviceUrl='http://localhost:8761/eureka/}
com.sun.jersey.api.client.ClientHandlerException: java.net.ConnectException: Connection refused: connect
	at com.sun.jersey.client.apache4.ApacheHttpClient4Handler.handle(ApacheHttpClient4Handler.java:187) ~[jersey-apache-client4-1.19.1.jar:1.19.1]
	at com.sun.jersey.api.client.filter.GZIPContentEncodingFilter.handle(GZIPContentEncodingFilter.java:123) ~[jersey-client-1.19.1.jar:1.19.1]
	at com.netflix.discovery.EurekaIdentityHeaderFilter.handle(EurekaIdentityHeaderFilter.java:27) ~[eureka-client-1.9.8.jar:1.9.8]
	at com.sun.jersey.api.client.Client.handle(Client.java:652) ~[jersey-client-1.19.1.jar:1.19.1]
	at com.sun.jersey.api.client.WebResource.handle(WebResource.java:682) ~[jersey-client-1.19.1.jar:1.19.1]
	at com.sun.jersey.api.client.WebResource.access$200(WebResource.java:74) ~[jersey-client-1.19.1.jar:1.19.1]
	at com.sun.jersey.api.client.WebResource$Builder.post(WebResource.java:570) ~[jersey-client-1.19.1.jar:1.19.1]
	at com.netflix.discovery.shared.transport.jersey.AbstractJerseyEurekaHttpClient.register(AbstractJerseyEurekaHttpClient.java:56) ~[eureka-client-1.9.8.jar:1.9.8]
	at com.netflix.discovery.shared.transport.decorator.EurekaHttpClientDecorator$1.execute(EurekaHttpClientDecorator.java:59) ~[eureka-client-1.9.8.jar:1.9.8]
	at com.netflix.discovery.shared.transport.decorator.MetricsCollectingEurekaHttpClient.execute(MetricsCollectingEurekaHttpClient.java:73) ~[eureka-client-1.9.8.jar:1.9.8]
	at com.netflix.discovery.shared.transport.decorator.EurekaHttpClientDecorator.register(EurekaHttpClientDecorator.java:56) ~[eureka-client-1.9.8.jar:1.9.8]
	at com.netflix.discovery.shared.transport.decorator.EurekaHttpClientDecorator$1.execute(EurekaHttpClientDecorator.java:59) ~[eureka-client-1.9.8.jar:1.9.8]
	at com.netflix.discovery.shared.transport.decorator.RedirectingEurekaHttpClient.executeOnNewServer(RedirectingEurekaHttpClient.java:118) ~[eureka-client-1.9.8.jar:1.9.8]
	at com.netflix.discovery.shared.transport.decorator.RedirectingEurekaHttpClient.execute(RedirectingEurekaHttpClient.java:79) [eureka-client-1.9.8.jar:1.9.8]
	at com.netflix.discovery.shared.transport.decorator.EurekaHttpClientDecorator.register(EurekaHttpClientDecorator.java:56) [eureka-client-1.9.8.jar:1.9.8]
	at com.netflix.discovery.shared.transport.decorator.EurekaHttpClientDecorator$1.execute(EurekaHttpClientDecorator.java:59) [eureka-client-1.9.8.jar:1.9.8]
	at com.netflix.discovery.shared.transport.decorator.RetryableEurekaHttpClient.execute(RetryableEurekaHttpClient.java:120) [eureka-client-1.9.8.jar:1.9.8]
	at com.netflix.discovery.shared.transport.decorator.EurekaHttpClientDecorator.register(EurekaHttpClientDecorator.java:56) [eureka-client-1.9.8.jar:1.9.8]
	at com.netflix.discovery.shared.transport.decorator.EurekaHttpClientDecorator$1.execute(EurekaHttpClientDecorator.java:59) [eureka-client-1.9.8.jar:1.9.8]
	at com.netflix.discovery.shared.transport.decorator.SessionedEurekaHttpClient.execute(SessionedEurekaHttpClient.java:77) [eureka-client-1.9.8.jar:1.9.8]
	at com.netflix.discovery.shared.transport.decorator.EurekaHttpClientDecorator.register(EurekaHttpClientDecorator.java:56) [eureka-client-1.9.8.jar:1.9.8]
	at com.netflix.discovery.DiscoveryClient.register(DiscoveryClient.java:829) [eureka-client-1.9.8.jar:1.9.8]
	at com.netflix.discovery.InstanceInfoReplicator.run(InstanceInfoReplicator.java:121) [eureka-client-1.9.8.jar:1.9.8]
	at com.netflix.discovery.InstanceInfoReplicator$1.run(InstanceInfoReplicator.java:101) [eureka-client-1.9.8.jar:1.9.8]
	at java.util.concurrent.Executors$RunnableAdapter.call(Unknown Source) [?:1.8.0_231]
	at java.util.concurrent.FutureTask.run(Unknown Source) [?:1.8.0_231]
	at java.util.concurrent.ScheduledThreadPoolExecutor$ScheduledFutureTask.access$201(Unknown Source) [?:1.8.0_231]
	at java.util.concurrent.ScheduledThreadPoolExecutor$ScheduledFutureTask.run(Unknown Source) [?:1.8.0_231]
	at java.util.concurrent.ThreadPoolExecutor.runWorker(Unknown Source) [?:1.8.0_231]
	at java.util.concurrent.ThreadPoolExecutor$Worker.run(Unknown Source) [?:1.8.0_231]
	at java.lang.Thread.run(Unknown Source) [?:1.8.0_231]
Caused by: java.net.ConnectException: Connection refused: connect
	at java.net.DualStackPlainSocketImpl.waitForConnect(Native Method) ~[?:1.8.0_231]
	at java.net.DualStackPlainSocketImpl.socketConnect(Unknown Source) ~[?:1.8.0_231]
	at java.net.AbstractPlainSocketImpl.doConnect(Unknown Source) ~[?:1.8.0_231]
	at java.net.AbstractPlainSocketImpl.connectToAddress(Unknown Source) ~[?:1.8.0_231]
	at java.net.AbstractPlainSocketImpl.connect(Unknown Source) ~[?:1.8.0_231]
	at java.net.PlainSocketImpl.connect(Unknown Source) ~[?:1.8.0_231]
	at java.net.SocksSocketImpl.connect(Unknown Source) ~[?:1.8.0_231]
	at java.net.Socket.connect(Unknown Source) ~[?:1.8.0_231]
	at org.apache.http.conn.scheme.PlainSocketFactory.connectSocket(PlainSocketFactory.java:121) ~[httpclient-4.5.10.jar:4.5.10]
	at org.apache.http.impl.conn.DefaultClientConnectionOperator.openConnection(DefaultClientConnectionOperator.java:180) ~[httpclient-4.5.10.jar:4.5.10]
	at org.apache.http.impl.conn.AbstractPoolEntry.open(AbstractPoolEntry.java:144) ~[httpclient-4.5.10.jar:4.5.10]
	at org.apache.http.impl.conn.AbstractPooledConnAdapter.open(AbstractPooledConnAdapter.java:134) ~[httpclient-4.5.10.jar:4.5.10]
	at org.apache.http.impl.client.DefaultRequestDirector.tryConnect(DefaultRequestDirector.java:605) ~[httpclient-4.5.10.jar:4.5.10]
	at org.apache.http.impl.client.DefaultRequestDirector.execute(DefaultRequestDirector.java:440) ~[httpclient-4.5.10.jar:4.5.10]
	at org.apache.http.impl.client.AbstractHttpClient.doExecute(AbstractHttpClient.java:835) ~[httpclient-4.5.10.jar:4.5.10]
	at org.apache.http.impl.client.CloseableHttpClient.execute(CloseableHttpClient.java:118) ~[httpclient-4.5.10.jar:4.5.10]
	at org.apache.http.impl.client.CloseableHttpClient.execute(CloseableHttpClient.java:56) ~[httpclient-4.5.10.jar:4.5.10]
	at com.sun.jersey.client.apache4.ApacheHttpClient4Handler.handle(ApacheHttpClient4Handler.java:173) ~[jersey-apache-client4-1.19.1.jar:1.19.1]
	... 30 more
[2019-12-29 04:17:31] [WARN] Request execution failed with message: java.net.ConnectException: Connection refused: connect
[2019-12-29 04:17:31] [WARN] DiscoveryClient_AUTHENTICATION-SERVICE/DESKTOP-9RN4Q95:authentication-service:8001 - registration failed Cannot execute request on any known server
com.netflix.discovery.shared.transport.TransportException: Cannot execute request on any known server
	at com.netflix.discovery.shared.transport.decorator.RetryableEurekaHttpClient.execute(RetryableEurekaHttpClient.java:112) ~[eureka-client-1.9.8.jar:1.9.8]
	at com.netflix.discovery.shared.transport.decorator.EurekaHttpClientDecorator.register(EurekaHttpClientDecorator.java:56) ~[eureka-client-1.9.8.jar:1.9.8]
	at com.netflix.discovery.shared.transport.decorator.EurekaHttpClientDecorator$1.execute(EurekaHttpClientDecorator.java:59) ~[eureka-client-1.9.8.jar:1.9.8]
	at com.netflix.discovery.shared.transport.decorator.SessionedEurekaHttpClient.execute(SessionedEurekaHttpClient.java:77) ~[eureka-client-1.9.8.jar:1.9.8]
	at com.netflix.discovery.shared.transport.decorator.EurekaHttpClientDecorator.register(EurekaHttpClientDecorator.java:56) ~[eureka-client-1.9.8.jar:1.9.8]
	at com.netflix.discovery.DiscoveryClient.register(DiscoveryClient.java:829) [eureka-client-1.9.8.jar:1.9.8]
	at com.netflix.discovery.InstanceInfoReplicator.run(InstanceInfoReplicator.java:121) [eureka-client-1.9.8.jar:1.9.8]
	at com.netflix.discovery.InstanceInfoReplicator$1.run(InstanceInfoReplicator.java:101) [eureka-client-1.9.8.jar:1.9.8]
	at java.util.concurrent.Executors$RunnableAdapter.call(Unknown Source) [?:1.8.0_231]
	at java.util.concurrent.FutureTask.run(Unknown Source) [?:1.8.0_231]
	at java.util.concurrent.ScheduledThreadPoolExecutor$ScheduledFutureTask.access$201(Unknown Source) [?:1.8.0_231]
	at java.util.concurrent.ScheduledThreadPoolExecutor$ScheduledFutureTask.run(Unknown Source) [?:1.8.0_231]
	at java.util.concurrent.ThreadPoolExecutor.runWorker(Unknown Source) [?:1.8.0_231]
	at java.util.concurrent.ThreadPoolExecutor$Worker.run(Unknown Source) [?:1.8.0_231]
	at java.lang.Thread.run(Unknown Source) [?:1.8.0_231]
[2019-12-29 04:17:31] [WARN] There was a problem with the instance info replicator
com.netflix.discovery.shared.transport.TransportException: Cannot execute request on any known server
	at com.netflix.discovery.shared.transport.decorator.RetryableEurekaHttpClient.execute(RetryableEurekaHttpClient.java:112) ~[eureka-client-1.9.8.jar:1.9.8]
	at com.netflix.discovery.shared.transport.decorator.EurekaHttpClientDecorator.register(EurekaHttpClientDecorator.java:56) ~[eureka-client-1.9.8.jar:1.9.8]
	at com.netflix.discovery.shared.transport.decorator.EurekaHttpClientDecorator$1.execute(EurekaHttpClientDecorator.java:59) ~[eureka-client-1.9.8.jar:1.9.8]
	at com.netflix.discovery.shared.transport.decorator.SessionedEurekaHttpClient.execute(SessionedEurekaHttpClient.java:77) ~[eureka-client-1.9.8.jar:1.9.8]
	at com.netflix.discovery.shared.transport.decorator.EurekaHttpClientDecorator.register(EurekaHttpClientDecorator.java:56) ~[eureka-client-1.9.8.jar:1.9.8]
	at com.netflix.discovery.DiscoveryClient.register(DiscoveryClient.java:829) ~[eureka-client-1.9.8.jar:1.9.8]
	at com.netflix.discovery.InstanceInfoReplicator.run(InstanceInfoReplicator.java:121) [eureka-client-1.9.8.jar:1.9.8]
	at com.netflix.discovery.InstanceInfoReplicator$1.run(InstanceInfoReplicator.java:101) [eureka-client-1.9.8.jar:1.9.8]
	at java.util.concurrent.Executors$RunnableAdapter.call(Unknown Source) [?:1.8.0_231]
	at java.util.concurrent.FutureTask.run(Unknown Source) [?:1.8.0_231]
	at java.util.concurrent.ScheduledThreadPoolExecutor$ScheduledFutureTask.access$201(Unknown Source) [?:1.8.0_231]
	at java.util.concurrent.ScheduledThreadPoolExecutor$ScheduledFutureTask.run(Unknown Source) [?:1.8.0_231]
	at java.util.concurrent.ThreadPoolExecutor.runWorker(Unknown Source) [?:1.8.0_231]
	at java.util.concurrent.ThreadPoolExecutor$Worker.run(Unknown Source) [?:1.8.0_231]
	at java.lang.Thread.run(Unknown Source) [?:1.8.0_231]
[2019-12-29 04:17:32] [DEBUG] Connect to localhost:8761 timed out. Connection will be retried using another IP address
[2019-12-29 04:17:32] [DEBUG] Connecting to localhost:8761
[2019-12-29 04:17:34] [DEBUG] Connection org.apache.http.impl.conn.DefaultClientConnection@654fc4a9 closed
[2019-12-29 04:17:34] [DEBUG] Connection org.apache.http.impl.conn.DefaultClientConnection@654fc4a9 shut down
[2019-12-29 04:17:34] [DEBUG] Released connection is not reusable.
[2019-12-29 04:17:34] [DEBUG] Releasing connection [{}->http://localhost:8761][null]
[2019-12-29 04:17:34] [DEBUG] Connection org.apache.http.impl.conn.DefaultClientConnection@654fc4a9 closed
[2019-12-29 04:17:34] [DEBUG] Notifying no-one, there are no waiting threads
[2019-12-29 04:17:34] [DEBUG] Jersey HTTP DELETE http://localhost:8761/eureka//apps/AUTHENTICATION-SERVICE/DESKTOP-9RN4Q95:authentication-service:8001; statusCode=N/A
[2019-12-29 04:17:34] [ERROR] Request execution error. endpoint=DefaultEndpoint{ serviceUrl='http://localhost:8761/eureka/}
com.sun.jersey.api.client.ClientHandlerException: java.net.ConnectException: Connection refused: connect
	at com.sun.jersey.client.apache4.ApacheHttpClient4Handler.handle(ApacheHttpClient4Handler.java:187) ~[jersey-apache-client4-1.19.1.jar:1.19.1]
	at com.sun.jersey.api.client.filter.GZIPContentEncodingFilter.handle(GZIPContentEncodingFilter.java:123) ~[jersey-client-1.19.1.jar:1.19.1]
	at com.netflix.discovery.EurekaIdentityHeaderFilter.handle(EurekaIdentityHeaderFilter.java:27) ~[eureka-client-1.9.8.jar:1.9.8]
	at com.sun.jersey.api.client.Client.handle(Client.java:652) ~[jersey-client-1.19.1.jar:1.19.1]
	at com.sun.jersey.api.client.WebResource.handle(WebResource.java:682) ~[jersey-client-1.19.1.jar:1.19.1]
	at com.sun.jersey.api.client.WebResource.access$200(WebResource.java:74) ~[jersey-client-1.19.1.jar:1.19.1]
	at com.sun.jersey.api.client.WebResource$Builder.delete(WebResource.java:591) ~[jersey-client-1.19.1.jar:1.19.1]
	at com.netflix.discovery.shared.transport.jersey.AbstractJerseyEurekaHttpClient.cancel(AbstractJerseyEurekaHttpClient.java:76) ~[eureka-client-1.9.8.jar:1.9.8]
	at com.netflix.discovery.shared.transport.decorator.EurekaHttpClientDecorator$2.execute(EurekaHttpClientDecorator.java:74) ~[eureka-client-1.9.8.jar:1.9.8]
	at com.netflix.discovery.shared.transport.decorator.MetricsCollectingEurekaHttpClient.execute(MetricsCollectingEurekaHttpClient.java:73) ~[eureka-client-1.9.8.jar:1.9.8]
	at com.netflix.discovery.shared.transport.decorator.EurekaHttpClientDecorator.cancel(EurekaHttpClientDecorator.java:71) ~[eureka-client-1.9.8.jar:1.9.8]
	at com.netflix.discovery.shared.transport.decorator.EurekaHttpClientDecorator$2.execute(EurekaHttpClientDecorator.java:74) ~[eureka-client-1.9.8.jar:1.9.8]
	at com.netflix.discovery.shared.transport.decorator.RedirectingEurekaHttpClient.executeOnNewServer(RedirectingEurekaHttpClient.java:118) ~[eureka-client-1.9.8.jar:1.9.8]
	at com.netflix.discovery.shared.transport.decorator.RedirectingEurekaHttpClient.execute(RedirectingEurekaHttpClient.java:79) ~[eureka-client-1.9.8.jar:1.9.8]
	at com.netflix.discovery.shared.transport.decorator.EurekaHttpClientDecorator.cancel(EurekaHttpClientDecorator.java:71) ~[eureka-client-1.9.8.jar:1.9.8]
	at com.netflix.discovery.shared.transport.decorator.EurekaHttpClientDecorator$2.execute(EurekaHttpClientDecorator.java:74) ~[eureka-client-1.9.8.jar:1.9.8]
	at com.netflix.discovery.shared.transport.decorator.RetryableEurekaHttpClient.execute(RetryableEurekaHttpClient.java:120) ~[eureka-client-1.9.8.jar:1.9.8]
	at com.netflix.discovery.shared.transport.decorator.EurekaHttpClientDecorator.cancel(EurekaHttpClientDecorator.java:71) ~[eureka-client-1.9.8.jar:1.9.8]
	at com.netflix.discovery.shared.transport.decorator.EurekaHttpClientDecorator$2.execute(EurekaHttpClientDecorator.java:74) ~[eureka-client-1.9.8.jar:1.9.8]
	at com.netflix.discovery.shared.transport.decorator.SessionedEurekaHttpClient.execute(SessionedEurekaHttpClient.java:77) ~[eureka-client-1.9.8.jar:1.9.8]
	at com.netflix.discovery.shared.transport.decorator.EurekaHttpClientDecorator.cancel(EurekaHttpClientDecorator.java:71) ~[eureka-client-1.9.8.jar:1.9.8]
	at com.netflix.discovery.DiscoveryClient.unregister(DiscoveryClient.java:923) ~[eureka-client-1.9.8.jar:1.9.8]
	at com.netflix.discovery.DiscoveryClient.shutdown(DiscoveryClient.java:901) ~[eureka-client-1.9.8.jar:1.9.8]
	at sun.reflect.NativeMethodAccessorImpl.invoke0(Native Method) ~[?:1.8.0_231]
	at sun.reflect.NativeMethodAccessorImpl.invoke(Unknown Source) ~[?:1.8.0_231]
	at sun.reflect.DelegatingMethodAccessorImpl.invoke(Unknown Source) ~[?:1.8.0_231]
	at java.lang.reflect.Method.invoke(Unknown Source) ~[?:1.8.0_231]
	at org.springframework.beans.factory.annotation.InitDestroyAnnotationBeanPostProcessor$LifecycleElement.invoke(InitDestroyAnnotationBeanPostProcessor.java:389) ~[spring-beans-5.2.1.RELEASE.jar:5.2.1.RELEASE]
	at org.springframework.beans.factory.annotation.InitDestroyAnnotationBeanPostProcessor$LifecycleMetadata.invokeDestroyMethods(InitDestroyAnnotationBeanPostProcessor.java:347) ~[spring-beans-5.2.1.RELEASE.jar:5.2.1.RELEASE]
	at org.springframework.beans.factory.annotation.InitDestroyAnnotationBeanPostProcessor.postProcessBeforeDestruction(InitDestroyAnnotationBeanPostProcessor.java:177) ~[spring-beans-5.2.1.RELEASE.jar:5.2.1.RELEASE]
	at org.springframework.beans.factory.support.DisposableBeanAdapter.destroy(DisposableBeanAdapter.java:242) ~[spring-beans-5.2.1.RELEASE.jar:5.2.1.RELEASE]
	at org.springframework.beans.factory.support.DisposableBeanAdapter.run(DisposableBeanAdapter.java:235) ~[spring-beans-5.2.1.RELEASE.jar:5.2.1.RELEASE]
	at org.springframework.cloud.context.scope.GenericScope$BeanLifecycleWrapper.destroy(GenericScope.java:403) ~[spring-cloud-context-2.1.1.RELEASE.jar:2.1.1.RELEASE]
	at org.springframework.cloud.context.scope.GenericScope.destroy(GenericScope.java:142) ~[spring-cloud-context-2.1.1.RELEASE.jar:2.1.1.RELEASE]
	at org.springframework.beans.factory.support.DisposableBeanAdapter.destroy(DisposableBeanAdapter.java:258) ~[spring-beans-5.2.1.RELEASE.jar:5.2.1.RELEASE]
	at org.springframework.beans.factory.support.DefaultSingletonBeanRegistry.destroyBean(DefaultSingletonBeanRegistry.java:571) ~[spring-beans-5.2.1.RELEASE.jar:5.2.1.RELEASE]
	at org.springframework.beans.factory.support.DefaultSingletonBeanRegistry.destroySingleton(DefaultSingletonBeanRegistry.java:543) ~[spring-beans-5.2.1.RELEASE.jar:5.2.1.RELEASE]
	at org.springframework.beans.factory.support.DefaultListableBeanFactory.destroySingleton(DefaultListableBeanFactory.java:1072) ~[spring-beans-5.2.1.RELEASE.jar:5.2.1.RELEASE]
	at org.springframework.beans.factory.support.DefaultSingletonBeanRegistry.destroySingletons(DefaultSingletonBeanRegistry.java:504) ~[spring-beans-5.2.1.RELEASE.jar:5.2.1.RELEASE]
	at org.springframework.beans.factory.support.DefaultListableBeanFactory.destroySingletons(DefaultListableBeanFactory.java:1065) ~[spring-beans-5.2.1.RELEASE.jar:5.2.1.RELEASE]
	at org.springframework.context.support.AbstractApplicationContext.destroyBeans(AbstractApplicationContext.java:1060) ~[spring-context-5.2.1.RELEASE.jar:5.2.1.RELEASE]
	at org.springframework.context.support.AbstractApplicationContext.doClose(AbstractApplicationContext.java:1029) ~[spring-context-5.2.1.RELEASE.jar:5.2.1.RELEASE]
	at org.springframework.context.support.AbstractApplicationContext.close(AbstractApplicationContext.java:978) ~[spring-context-5.2.1.RELEASE.jar:5.2.1.RELEASE]
	at org.springframework.boot.admin.SpringApplicationAdminMXBeanRegistrar$SpringApplicationAdmin.shutdown(SpringApplicationAdminMXBeanRegistrar.java:160) ~[spring-boot-2.2.1.RELEASE.jar:2.2.1.RELEASE]
	at sun.reflect.NativeMethodAccessorImpl.invoke0(Native Method) ~[?:1.8.0_231]
	at sun.reflect.NativeMethodAccessorImpl.invoke(Unknown Source) ~[?:1.8.0_231]
	at sun.reflect.DelegatingMethodAccessorImpl.invoke(Unknown Source) ~[?:1.8.0_231]
	at java.lang.reflect.Method.invoke(Unknown Source) ~[?:1.8.0_231]
	at sun.reflect.misc.Trampoline.invoke(Unknown Source) ~[?:1.8.0_231]
	at sun.reflect.GeneratedMethodAccessor76.invoke(Unknown Source) ~[?:?]
	at sun.reflect.DelegatingMethodAccessorImpl.invoke(Unknown Source) ~[?:1.8.0_231]
	at java.lang.reflect.Method.invoke(Unknown Source) ~[?:1.8.0_231]
	at sun.reflect.misc.MethodUtil.invoke(Unknown Source) ~[?:1.8.0_231]
	at com.sun.jmx.mbeanserver.ConvertingMethod.invokeWithOpenReturn(Unknown Source) ~[?:1.8.0_231]
	at com.sun.jmx.mbeanserver.ConvertingMethod.invokeWithOpenReturn(Unknown Source) ~[?:1.8.0_231]
	at com.sun.jmx.mbeanserver.MXBeanIntrospector.invokeM2(Unknown Source) ~[?:1.8.0_231]
	at com.sun.jmx.mbeanserver.MXBeanIntrospector.invokeM2(Unknown Source) ~[?:1.8.0_231]
	at com.sun.jmx.mbeanserver.MBeanIntrospector.invokeM(Unknown Source) ~[?:1.8.0_231]
	at com.sun.jmx.mbeanserver.PerInterface.invoke(Unknown Source) ~[?:1.8.0_231]
	at com.sun.jmx.mbeanserver.MBeanSupport.invoke(Unknown Source) ~[?:1.8.0_231]
	at com.sun.jmx.interceptor.DefaultMBeanServerInterceptor.invoke(Unknown Source) ~[?:1.8.0_231]
	at com.sun.jmx.mbeanserver.JmxMBeanServer.invoke(Unknown Source) ~[?:1.8.0_231]
	at javax.management.remote.rmi.RMIConnectionImpl.doOperation(Unknown Source) ~[?:1.8.0_231]
	at javax.management.remote.rmi.RMIConnectionImpl.access$300(Unknown Source) ~[?:1.8.0_231]
	at javax.management.remote.rmi.RMIConnectionImpl$PrivilegedOperation.run(Unknown Source) ~[?:1.8.0_231]
	at javax.management.remote.rmi.RMIConnectionImpl.doPrivilegedOperation(Unknown Source) ~[?:1.8.0_231]
	at javax.management.remote.rmi.RMIConnectionImpl.invoke(Unknown Source) ~[?:1.8.0_231]
	at sun.reflect.GeneratedMethodAccessor81.invoke(Unknown Source) ~[?:?]
	at sun.reflect.DelegatingMethodAccessorImpl.invoke(Unknown Source) ~[?:1.8.0_231]
	at java.lang.reflect.Method.invoke(Unknown Source) ~[?:1.8.0_231]
	at sun.rmi.server.UnicastServerRef.dispatch(Unknown Source) ~[?:1.8.0_231]
	at sun.rmi.transport.Transport$1.run(Unknown Source) ~[?:1.8.0_231]
	at sun.rmi.transport.Transport$1.run(Unknown Source) ~[?:1.8.0_231]
	at java.security.AccessController.doPrivileged(Native Method) ~[?:1.8.0_231]
	at sun.rmi.transport.Transport.serviceCall(Unknown Source) ~[?:1.8.0_231]
	at sun.rmi.transport.tcp.TCPTransport.handleMessages(Unknown Source) ~[?:1.8.0_231]
	at sun.rmi.transport.tcp.TCPTransport$ConnectionHandler.run0(Unknown Source) ~[?:1.8.0_231]
	at sun.rmi.transport.tcp.TCPTransport$ConnectionHandler.lambda$run$0(Unknown Source) ~[?:1.8.0_231]
	at java.security.AccessController.doPrivileged(Native Method) ~[?:1.8.0_231]
	at sun.rmi.transport.tcp.TCPTransport$ConnectionHandler.run(Unknown Source) [?:1.8.0_231]
	at java.util.concurrent.ThreadPoolExecutor.runWorker(Unknown Source) [?:1.8.0_231]
	at java.util.concurrent.ThreadPoolExecutor$Worker.run(Unknown Source) [?:1.8.0_231]
	at java.lang.Thread.run(Unknown Source) [?:1.8.0_231]
Caused by: java.net.ConnectException: Connection refused: connect
	at java.net.DualStackPlainSocketImpl.waitForConnect(Native Method) ~[?:1.8.0_231]
	at java.net.DualStackPlainSocketImpl.socketConnect(Unknown Source) ~[?:1.8.0_231]
	at java.net.AbstractPlainSocketImpl.doConnect(Unknown Source) ~[?:1.8.0_231]
	at java.net.AbstractPlainSocketImpl.connectToAddress(Unknown Source) ~[?:1.8.0_231]
	at java.net.AbstractPlainSocketImpl.connect(Unknown Source) ~[?:1.8.0_231]
	at java.net.PlainSocketImpl.connect(Unknown Source) ~[?:1.8.0_231]
	at java.net.SocksSocketImpl.connect(Unknown Source) ~[?:1.8.0_231]
	at java.net.Socket.connect(Unknown Source) ~[?:1.8.0_231]
	at org.apache.http.conn.scheme.PlainSocketFactory.connectSocket(PlainSocketFactory.java:121) ~[httpclient-4.5.10.jar:4.5.10]
	at org.apache.http.impl.conn.DefaultClientConnectionOperator.openConnection(DefaultClientConnectionOperator.java:180) ~[httpclient-4.5.10.jar:4.5.10]
	at org.apache.http.impl.conn.AbstractPoolEntry.open(AbstractPoolEntry.java:144) ~[httpclient-4.5.10.jar:4.5.10]
	at org.apache.http.impl.conn.AbstractPooledConnAdapter.open(AbstractPooledConnAdapter.java:134) ~[httpclient-4.5.10.jar:4.5.10]
	at org.apache.http.impl.client.DefaultRequestDirector.tryConnect(DefaultRequestDirector.java:605) ~[httpclient-4.5.10.jar:4.5.10]
	at org.apache.http.impl.client.DefaultRequestDirector.execute(DefaultRequestDirector.java:440) ~[httpclient-4.5.10.jar:4.5.10]
	at org.apache.http.impl.client.AbstractHttpClient.doExecute(AbstractHttpClient.java:835) ~[httpclient-4.5.10.jar:4.5.10]
	at org.apache.http.impl.client.CloseableHttpClient.execute(CloseableHttpClient.java:118) ~[httpclient-4.5.10.jar:4.5.10]
	at org.apache.http.impl.client.CloseableHttpClient.execute(CloseableHttpClient.java:56) ~[httpclient-4.5.10.jar:4.5.10]
	at com.sun.jersey.client.apache4.ApacheHttpClient4Handler.handle(ApacheHttpClient4Handler.java:173) ~[jersey-apache-client4-1.19.1.jar:1.19.1]
	... 82 more
[2019-12-29 04:17:34] [WARN] Request execution failed with message: java.net.ConnectException: Connection refused: connect
[2019-12-29 04:17:34] [ERROR] DiscoveryClient_AUTHENTICATION-SERVICE/DESKTOP-9RN4Q95:authentication-service:8001 - de-registration failedCannot execute request on any known server
com.netflix.discovery.shared.transport.TransportException: Cannot execute request on any known server
	at com.netflix.discovery.shared.transport.decorator.RetryableEurekaHttpClient.execute(RetryableEurekaHttpClient.java:112) ~[eureka-client-1.9.8.jar:1.9.8]
	at com.netflix.discovery.shared.transport.decorator.EurekaHttpClientDecorator.cancel(EurekaHttpClientDecorator.java:71) ~[eureka-client-1.9.8.jar:1.9.8]
	at com.netflix.discovery.shared.transport.decorator.EurekaHttpClientDecorator$2.execute(EurekaHttpClientDecorator.java:74) ~[eureka-client-1.9.8.jar:1.9.8]
	at com.netflix.discovery.shared.transport.decorator.SessionedEurekaHttpClient.execute(SessionedEurekaHttpClient.java:77) ~[eureka-client-1.9.8.jar:1.9.8]
	at com.netflix.discovery.shared.transport.decorator.EurekaHttpClientDecorator.cancel(EurekaHttpClientDecorator.java:71) ~[eureka-client-1.9.8.jar:1.9.8]
	at com.netflix.discovery.DiscoveryClient.unregister(DiscoveryClient.java:923) ~[eureka-client-1.9.8.jar:1.9.8]
	at com.netflix.discovery.DiscoveryClient.shutdown(DiscoveryClient.java:901) ~[eureka-client-1.9.8.jar:1.9.8]
	at sun.reflect.NativeMethodAccessorImpl.invoke0(Native Method) ~[?:1.8.0_231]
	at sun.reflect.NativeMethodAccessorImpl.invoke(Unknown Source) ~[?:1.8.0_231]
	at sun.reflect.DelegatingMethodAccessorImpl.invoke(Unknown Source) ~[?:1.8.0_231]
	at java.lang.reflect.Method.invoke(Unknown Source) ~[?:1.8.0_231]
	at org.springframework.beans.factory.annotation.InitDestroyAnnotationBeanPostProcessor$LifecycleElement.invoke(InitDestroyAnnotationBeanPostProcessor.java:389) ~[spring-beans-5.2.1.RELEASE.jar:5.2.1.RELEASE]
	at org.springframework.beans.factory.annotation.InitDestroyAnnotationBeanPostProcessor$LifecycleMetadata.invokeDestroyMethods(InitDestroyAnnotationBeanPostProcessor.java:347) ~[spring-beans-5.2.1.RELEASE.jar:5.2.1.RELEASE]
	at org.springframework.beans.factory.annotation.InitDestroyAnnotationBeanPostProcessor.postProcessBeforeDestruction(InitDestroyAnnotationBeanPostProcessor.java:177) ~[spring-beans-5.2.1.RELEASE.jar:5.2.1.RELEASE]
	at org.springframework.beans.factory.support.DisposableBeanAdapter.destroy(DisposableBeanAdapter.java:242) ~[spring-beans-5.2.1.RELEASE.jar:5.2.1.RELEASE]
	at org.springframework.beans.factory.support.DisposableBeanAdapter.run(DisposableBeanAdapter.java:235) ~[spring-beans-5.2.1.RELEASE.jar:5.2.1.RELEASE]
	at org.springframework.cloud.context.scope.GenericScope$BeanLifecycleWrapper.destroy(GenericScope.java:403) ~[spring-cloud-context-2.1.1.RELEASE.jar:2.1.1.RELEASE]
	at org.springframework.cloud.context.scope.GenericScope.destroy(GenericScope.java:142) ~[spring-cloud-context-2.1.1.RELEASE.jar:2.1.1.RELEASE]
	at org.springframework.beans.factory.support.DisposableBeanAdapter.destroy(DisposableBeanAdapter.java:258) ~[spring-beans-5.2.1.RELEASE.jar:5.2.1.RELEASE]
	at org.springframework.beans.factory.support.DefaultSingletonBeanRegistry.destroyBean(DefaultSingletonBeanRegistry.java:571) ~[spring-beans-5.2.1.RELEASE.jar:5.2.1.RELEASE]
	at org.springframework.beans.factory.support.DefaultSingletonBeanRegistry.destroySingleton(DefaultSingletonBeanRegistry.java:543) ~[spring-beans-5.2.1.RELEASE.jar:5.2.1.RELEASE]
	at org.springframework.beans.factory.support.DefaultListableBeanFactory.destroySingleton(DefaultListableBeanFactory.java:1072) ~[spring-beans-5.2.1.RELEASE.jar:5.2.1.RELEASE]
	at org.springframework.beans.factory.support.DefaultSingletonBeanRegistry.destroySingletons(DefaultSingletonBeanRegistry.java:504) ~[spring-beans-5.2.1.RELEASE.jar:5.2.1.RELEASE]
	at org.springframework.beans.factory.support.DefaultListableBeanFactory.destroySingletons(DefaultListableBeanFactory.java:1065) ~[spring-beans-5.2.1.RELEASE.jar:5.2.1.RELEASE]
	at org.springframework.context.support.AbstractApplicationContext.destroyBeans(AbstractApplicationContext.java:1060) ~[spring-context-5.2.1.RELEASE.jar:5.2.1.RELEASE]
	at org.springframework.context.support.AbstractApplicationContext.doClose(AbstractApplicationContext.java:1029) ~[spring-context-5.2.1.RELEASE.jar:5.2.1.RELEASE]
	at org.springframework.context.support.AbstractApplicationContext.close(AbstractApplicationContext.java:978) ~[spring-context-5.2.1.RELEASE.jar:5.2.1.RELEASE]
	at org.springframework.boot.admin.SpringApplicationAdminMXBeanRegistrar$SpringApplicationAdmin.shutdown(SpringApplicationAdminMXBeanRegistrar.java:160) ~[spring-boot-2.2.1.RELEASE.jar:2.2.1.RELEASE]
	at sun.reflect.NativeMethodAccessorImpl.invoke0(Native Method) ~[?:1.8.0_231]
	at sun.reflect.NativeMethodAccessorImpl.invoke(Unknown Source) ~[?:1.8.0_231]
	at sun.reflect.DelegatingMethodAccessorImpl.invoke(Unknown Source) ~[?:1.8.0_231]
	at java.lang.reflect.Method.invoke(Unknown Source) ~[?:1.8.0_231]
	at sun.reflect.misc.Trampoline.invoke(Unknown Source) ~[?:1.8.0_231]
	at sun.reflect.GeneratedMethodAccessor76.invoke(Unknown Source) ~[?:?]
	at sun.reflect.DelegatingMethodAccessorImpl.invoke(Unknown Source) ~[?:1.8.0_231]
	at java.lang.reflect.Method.invoke(Unknown Source) ~[?:1.8.0_231]
	at sun.reflect.misc.MethodUtil.invoke(Unknown Source) ~[?:1.8.0_231]
	at com.sun.jmx.mbeanserver.ConvertingMethod.invokeWithOpenReturn(Unknown Source) ~[?:1.8.0_231]
	at com.sun.jmx.mbeanserver.ConvertingMethod.invokeWithOpenReturn(Unknown Source) ~[?:1.8.0_231]
	at com.sun.jmx.mbeanserver.MXBeanIntrospector.invokeM2(Unknown Source) ~[?:1.8.0_231]
	at com.sun.jmx.mbeanserver.MXBeanIntrospector.invokeM2(Unknown Source) ~[?:1.8.0_231]
	at com.sun.jmx.mbeanserver.MBeanIntrospector.invokeM(Unknown Source) ~[?:1.8.0_231]
	at com.sun.jmx.mbeanserver.PerInterface.invoke(Unknown Source) ~[?:1.8.0_231]
	at com.sun.jmx.mbeanserver.MBeanSupport.invoke(Unknown Source) ~[?:1.8.0_231]
	at com.sun.jmx.interceptor.DefaultMBeanServerInterceptor.invoke(Unknown Source) ~[?:1.8.0_231]
	at com.sun.jmx.mbeanserver.JmxMBeanServer.invoke(Unknown Source) ~[?:1.8.0_231]
	at javax.management.remote.rmi.RMIConnectionImpl.doOperation(Unknown Source) ~[?:1.8.0_231]
	at javax.management.remote.rmi.RMIConnectionImpl.access$300(Unknown Source) ~[?:1.8.0_231]
	at javax.management.remote.rmi.RMIConnectionImpl$PrivilegedOperation.run(Unknown Source) ~[?:1.8.0_231]
	at javax.management.remote.rmi.RMIConnectionImpl.doPrivilegedOperation(Unknown Source) ~[?:1.8.0_231]
	at javax.management.remote.rmi.RMIConnectionImpl.invoke(Unknown Source) ~[?:1.8.0_231]
	at sun.reflect.GeneratedMethodAccessor81.invoke(Unknown Source) ~[?:?]
	at sun.reflect.DelegatingMethodAccessorImpl.invoke(Unknown Source) ~[?:1.8.0_231]
	at java.lang.reflect.Method.invoke(Unknown Source) ~[?:1.8.0_231]
	at sun.rmi.server.UnicastServerRef.dispatch(Unknown Source) ~[?:1.8.0_231]
	at sun.rmi.transport.Transport$1.run(Unknown Source) ~[?:1.8.0_231]
	at sun.rmi.transport.Transport$1.run(Unknown Source) ~[?:1.8.0_231]
	at java.security.AccessController.doPrivileged(Native Method) ~[?:1.8.0_231]
	at sun.rmi.transport.Transport.serviceCall(Unknown Source) ~[?:1.8.0_231]
	at sun.rmi.transport.tcp.TCPTransport.handleMessages(Unknown Source) ~[?:1.8.0_231]
	at sun.rmi.transport.tcp.TCPTransport$ConnectionHandler.run0(Unknown Source) ~[?:1.8.0_231]
	at sun.rmi.transport.tcp.TCPTransport$ConnectionHandler.lambda$run$0(Unknown Source) ~[?:1.8.0_231]
	at java.security.AccessController.doPrivileged(Native Method) ~[?:1.8.0_231]
	at sun.rmi.transport.tcp.TCPTransport$ConnectionHandler.run(Unknown Source) [?:1.8.0_231]
	at java.util.concurrent.ThreadPoolExecutor.runWorker(Unknown Source) [?:1.8.0_231]
	at java.util.concurrent.ThreadPoolExecutor$Worker.run(Unknown Source) [?:1.8.0_231]
	at java.lang.Thread.run(Unknown Source) [?:1.8.0_231]
[2019-12-29 04:17:34] [DEBUG] Closing connections idle longer than 0 SECONDS
[2019-12-29 04:17:34] [DEBUG] Closing connections idle longer than 0 SECONDS
[2019-12-29 04:17:34] [INFO] Completed shut down of DiscoveryClient
[2019-12-29 04:17:34] [INFO] HikariPool-1 - Shutdown initiated...
[2019-12-29 04:17:34] [DEBUG] HikariPool-1 - Before shutdown stats (total=10, active=0, idle=10, waiting=0)
[2019-12-29 04:17:34] [DEBUG] HikariPool-1 - Closing connection conn21: url=jdbc:h2:file:~/authentication user=SA: (connection evicted)
[2019-12-29 04:17:34] [DEBUG] HikariPool-1 - Closing connection conn22: url=jdbc:h2:file:~/authentication user=SA: (connection evicted)
[2019-12-29 04:17:34] [DEBUG] HikariPool-1 - Closing connection conn23: url=jdbc:h2:file:~/authentication user=SA: (connection evicted)
[2019-12-29 04:17:34] [DEBUG] HikariPool-1 - Closing connection conn24: url=jdbc:h2:file:~/authentication user=SA: (connection evicted)
[2019-12-29 04:17:34] [DEBUG] HikariPool-1 - Closing connection conn25: url=jdbc:h2:file:~/authentication user=SA: (connection evicted)
[2019-12-29 04:17:34] [DEBUG] HikariPool-1 - Closing connection conn26: url=jdbc:h2:file:~/authentication user=SA: (connection evicted)
[2019-12-29 04:17:34] [DEBUG] HikariPool-1 - Closing connection conn27: url=jdbc:h2:file:~/authentication user=SA: (connection evicted)
[2019-12-29 04:17:34] [DEBUG] HikariPool-1 - Closing connection conn28: url=jdbc:h2:file:~/authentication user=SA: (connection evicted)
[2019-12-29 04:17:34] [DEBUG] HikariPool-1 - Closing connection conn29: url=jdbc:h2:file:~/authentication user=SA: (connection evicted)
[2019-12-29 04:17:34] [DEBUG] HikariPool-1 - Closing connection conn30: url=jdbc:h2:file:~/authentication user=SA: (connection evicted)
[2019-12-29 04:17:34] [DEBUG] HikariPool-1 - After shutdown stats (total=0, active=0, idle=0, waiting=0)
[2019-12-29 04:17:34] [INFO] HikariPool-1 - Shutdown completed.
[2019-12-29 04:17:34] [INFO] Pausing ProtocolHandler ["https-jsse-nio-8001"]
[2019-12-29 04:17:34] [INFO] Stopping service [Tomcat]
[2019-12-29 04:17:34] [INFO] Destroying Spring FrameworkServlet 'dispatcherServlet'
[2019-12-29 04:17:34] [INFO] Stopping ProtocolHandler ["https-jsse-nio-8001"]
[2019-12-29 04:17:34] [INFO] Destroying ProtocolHandler ["https-jsse-nio-8001"]
