[2019-12-27 10:52:31] [INFO] Bean 'org.springframework.cloud.autoconfigure.ConfigurationPropertiesRebinderAutoConfiguration' of type [org.springframework.cloud.autoconfigure.ConfigurationPropertiesRebinderAutoConfiguration$$EnhancerBySpringCGLIB$$750ccad5] is not eligible for getting processed by all BeanPostProcessors (for example: not eligible for auto-proxying)
[2019-12-27 10:52:32] [INFO] No active profile set, falling back to default profiles: default
[2019-12-27 10:52:33] [INFO] Bootstrapping Spring Data JPA repositories in DEFAULT mode.
[2019-12-27 10:52:33] [INFO] Finished Spring Data repository scanning in 98ms. Found 1 JPA repository interfaces.
[2019-12-27 10:52:34] [INFO] BeanFactory id=93b04235-1af1-3e23-a071-7695f50918c9
[2019-12-27 10:52:34] [INFO] Bean 'org.springframework.transaction.annotation.ProxyTransactionManagementConfiguration' of type [org.springframework.transaction.annotation.ProxyTransactionManagementConfiguration] is not eligible for getting processed by all BeanPostProcessors (for example: not eligible for auto-proxying)
[2019-12-27 10:52:34] [INFO] Bean 'org.springframework.cloud.autoconfigure.ConfigurationPropertiesRebinderAutoConfiguration' of type [org.springframework.cloud.autoconfigure.ConfigurationPropertiesRebinderAutoConfiguration$$EnhancerBySpringCGLIB$$750ccad5] is not eligible for getting processed by all BeanPostProcessors (for example: not eligible for auto-proxying)
[2019-12-27 10:52:34] [INFO] Tomcat initialized with port(s): 8004 (http)
[2019-12-27 10:52:34] [INFO] Initializing ProtocolHandler ["http-nio-8004"]
[2019-12-27 10:52:34] [INFO] Starting service [Tomcat]
[2019-12-27 10:52:34] [INFO] Starting Servlet engine: [Apache Tomcat/9.0.29]
[2019-12-27 10:52:34] [INFO] Initializing Spring embedded WebApplicationContext
[2019-12-27 10:52:34] [INFO] Root WebApplicationContext: initialization completed in 2385 ms
[2019-12-27 10:52:35] [INFO] HikariPool-1 - Starting...
[2019-12-27 10:52:35] [INFO] HikariPool-1 - Start completed.
[2019-12-27 10:52:35] [INFO] H2 console available at '/h2'. Database available at 'jdbc:h2:mem:db'
[2019-12-27 10:52:35] [INFO] HHH000412: Hibernate Core {5.4.9.Final}
[2019-12-27 10:52:36] [INFO] HCANN000001: Hibernate Commons Annotations {5.1.0.Final}
[2019-12-27 10:52:36] [INFO] HHH000400: Using dialect: org.hibernate.dialect.H2Dialect
[2019-12-27 10:52:37] [INFO] HHH000490: Using JtaPlatform implementation: [org.hibernate.engine.transaction.jta.platform.internal.NoJtaPlatform]
[2019-12-27 10:52:37] [INFO] Initialized JPA EntityManagerFactory for persistence unit 'default'
[2019-12-27 10:52:38] [WARN] No URLs will be polled as dynamic configuration sources.
[2019-12-27 10:52:38] [INFO] To enable URLs as dynamic configuration sources, define System property archaius.configurationSource.additionalUrls or make config.properties available on classpath.
[2019-12-27 10:52:38] [WARN] No URLs will be polled as dynamic configuration sources.
[2019-12-27 10:52:38] [INFO] To enable URLs as dynamic configuration sources, define System property archaius.configurationSource.additionalUrls or make config.properties available on classpath.
[2019-12-27 10:52:38] [WARN] spring.jpa.open-in-view is enabled by default. Therefore, database queries may be performed during view rendering. Explicitly configure spring.jpa.open-in-view to disable this warning
[2019-12-27 10:52:38] [INFO] Initializing ExecutorService 'applicationTaskExecutor'
[2019-12-27 10:52:40] [INFO] Setting initial instance status as: STARTING
[2019-12-27 10:52:40] [INFO] Initializing Eureka in region us-east-1
[2019-12-27 10:52:40] [INFO] Using JSON encoding codec LegacyJacksonJson
[2019-12-27 10:52:40] [INFO] Using JSON decoding codec LegacyJacksonJson
[2019-12-27 10:52:40] [INFO] Using XML encoding codec XStreamXml
[2019-12-27 10:52:40] [INFO] Using XML decoding codec XStreamXml
[2019-12-27 10:52:41] [INFO] Resolving eureka endpoints via configuration
[2019-12-27 10:52:41] [INFO] Disable delta property : false
[2019-12-27 10:52:41] [INFO] Single vip registry refresh property : null
[2019-12-27 10:52:41] [INFO] Force full registry fetch : false
[2019-12-27 10:52:41] [INFO] Application is null : false
[2019-12-27 10:52:41] [INFO] Registered Applications size is zero : true
[2019-12-27 10:52:41] [INFO] Application version is -1: true
[2019-12-27 10:52:41] [INFO] Getting all instance registry info from the eureka server
[2019-12-27 10:52:41] [INFO] The response status is 200
[2019-12-27 10:52:41] [INFO] Starting heartbeat executor: renew interval is: 30
[2019-12-27 10:52:41] [INFO] InstanceInfoReplicator onDemand update allowed rate per min is 4
[2019-12-27 10:52:41] [INFO] Discovery Client initialized at timestamp 1577465561810 with initial instances count: 1
[2019-12-27 10:52:41] [INFO] Registering application API-BANK with eureka with status UP
[2019-12-27 10:52:41] [INFO] Saw local status change event StatusChangeEvent [timestamp=1577465561818, current=UP, previous=STARTING]
[2019-12-27 10:52:41] [INFO] DiscoveryClient_API-BANK/DESKTOP-9RN4Q95:api-bank:8004: registering service...
[2019-12-27 10:52:41] [INFO] Starting ProtocolHandler ["http-nio-8004"]
[2019-12-27 10:52:41] [INFO] DiscoveryClient_API-BANK/DESKTOP-9RN4Q95:api-bank:8004 - registration status: 204
[2019-12-27 10:52:41] [INFO] Tomcat started on port(s): 8004 (http) with context path ''
[2019-12-27 10:52:41] [INFO] Updating port to 8004
[2019-12-27 10:52:41] [INFO] Started BankServiceApplication in 11.972 seconds (JVM running for 13.976)
