#
# There is insufficient memory for the Java Runtime Environment to continue.
# Native memory allocation (mmap) failed to map 128974848 bytes for committing reserved memory.
# Possible reasons:
#   The system is out of physical RAM or swap space
#   The process is running with CompressedOops enabled, and the Java Heap may be blocking the growth of the native heap
# Possible solutions:
#   Reduce memory load on the system
#   Increase physical memory or swap space
#   Check if swap backing store is full
#   Decrease Java heap size (-Xmx/-Xms)
#   Decrease number of Java threads
#   Decrease Java thread stack sizes (-Xss)
#   Set larger code cache with -XX:ReservedCodeCacheSize=
#   JVM is running with Unscaled Compressed Oops mode in which the Java heap is
#     placed in the first 4GB address space. The Java Heap base address is the
#     maximum limit for the native heap growth. Please use -XX:HeapBaseMinAddress
#     to set the Java Heap base and to place the Java Heap above 4GB virtual address.
# This output file may be truncated or incomplete.
#
#  Out of Memory Error (os_linux.cpp:2757), pid=9490, tid=0x00007fc1c2881700
#
# JRE version: OpenJDK Runtime Environment (8.0_232-b09) (build 1.8.0_232-8u232-b09-0ubuntu1~18.04.1-b09)
# Java VM: OpenJDK 64-Bit Server VM (25.232-b09 mixed mode linux-amd64 compressed oops)
# Failed to write core dump. Core dumps have been disabled. To enable core dumping, try "ulimit -c unlimited" before starting Java again
#

---------------  T H R E A D  ---------------

Current thread (0x00007fc1e407f800):  VMThread [stack: 0x00007fc1c2782000,0x00007fc1c2882000] [id=9497]

Stack: [0x00007fc1c2782000,0x00007fc1c2882000],  sp=0x00007fc1c2880440,  free space=1017k
Native frames: (J=compiled Java code, j=interpreted, Vv=VM code, C=native code)
V  [libjvm.so+0xaba672]
V  [libjvm.so+0x4dde07]
V  [libjvm.so+0x8f53f0]
V  [libjvm.so+0x8ec4be]
V  [libjvm.so+0x96fe06]
V  [libjvm.so+0x971178]
V  [libjvm.so+0x96d776]
V  [libjvm.so+0x965ef9]
V  [libjvm.so+0x458af3]
V  [libjvm.so+0xabb7f1]
V  [libjvm.so+0xac0eb6]
V  [libjvm.so+0xabf1b5]
V  [libjvm.so+0xabfa8d]
V  [libjvm.so+0xabfe98]
V  [libjvm.so+0x8f2782]

VM_Operation (0x00007fc1eb9d7360): CollectForMetadataAllocation, mode: safepoint, requested by thread 0x00007fc1e4012000


---------------  P R O C E S S  ---------------

Java Threads: ( => current thread )
  0x00007fc1e40d2800 JavaThread "Service Thread" daemon [_thread_blocked, id=9504, stack(0x00007fc1c1529000,0x00007fc1c162a000)]
  0x00007fc1e40c5800 JavaThread "C1 CompilerThread2" daemon [_thread_blocked, id=9503, stack(0x00007fc1c162b000,0x00007fc1c172b000)]
  0x00007fc1e40c3800 JavaThread "C2 CompilerThread1" daemon [_thread_blocked, id=9502, stack(0x00007fc1c172c000,0x00007fc1c182c000)]
  0x00007fc1e40c0800 JavaThread "C2 CompilerThread0" daemon [_thread_blocked, id=9501, stack(0x00007fc1c182d000,0x00007fc1c192d000)]
  0x00007fc1e40bf000 JavaThread "Signal Dispatcher" daemon [_thread_blocked, id=9500, stack(0x00007fc1c192d000,0x00007fc1c1a2e000)]
  0x00007fc1e408b800 JavaThread "Finalizer" daemon [_thread_blocked, id=9499, stack(0x00007fc1c257f000,0x00007fc1c2680000)]
  0x00007fc1e4089000 JavaThread "Reference Handler" daemon [_thread_blocked, id=9498, stack(0x00007fc1c2680000,0x00007fc1c2781000)]
  0x00007fc1e4012000 JavaThread "main" [_thread_blocked, id=9492, stack(0x00007fc1eb8dc000,0x00007fc1eb9dc000)]

Other Threads:
=>0x00007fc1e407f800 VMThread [stack: 0x00007fc1c2782000,0x00007fc1c2882000] [id=9497]
  0x00007fc1e40d5000 WatcherThread [stack: 0x00007fc1c1429000,0x00007fc1c1529000] [id=9505]

VM state:at safepoint (normal execution)

VM Mutex/Monitor currently owned by a thread:  ([mutex/lock_event])
[0x00007fc1e400e530] Threads_lock - owner thread: 0x00007fc1e407f800
[0x00007fc1e400ea30] Heap_lock - owner thread: 0x00007fc1e4012000

heap address: 0x0000000085200000, size: 1966 MB, Compressed Oops mode: 32-bit
Narrow klass base: 0x0000000000000000, Narrow klass shift: 3
Compressed class space size: 1073741824 Address: 0x0000000100000000

Heap:
 PSYoungGen      total 135168K, used 4076K [0x00000000d7100000, 0x00000000dfe00000, 0x0000000100000000)
  eden space 126464K, 0% used [0x00000000d7100000,0x00000000d7100000,0x00000000dec80000)
  from space 8704K, 46% used [0x00000000dec80000,0x00000000df07b038,0x00000000df500000)
  to   space 8192K, 0% used [0x00000000df500000,0x00000000df500000,0x00000000dfd00000)
 ParOldGen       total 84992K, used 6329K [0x0000000085200000, 0x000000008a500000, 0x00000000d7100000)
  object space 84992K, 7% used [0x0000000085200000,0x000000008582e698,0x000000008a500000)
 Metaspace       used 20426K, capacity 21210K, committed 21296K, reserved 1067008K
  class space    used 2680K, capacity 2873K, committed 2944K, reserved 1048576K

Card table byte_map: [0x00007fc1d4868000,0x00007fc1d4c40000] byte_map_base: 0x00007fc1d443f000

Marking Bits: (ParMarkBitMap*) 0x00007fc1eab7c380
 Begin Bits: [0x00007fc1d0666000, 0x00007fc1d251e000)
 End Bits:   [0x00007fc1d251e000, 0x00007fc1d43d6000)

Polling page: 0x00007fc1eb9fd000

CodeCache: size=245760Kb used=3901Kb max_used=3901Kb free=241858Kb
 bounds [0x00007fc1d5000000, 0x00007fc1d53d0000, 0x00007fc1e4000000]
 total_blobs=2272 nmethods=1895 adapters=292
 compilation: enabled

Compilation events (10 events):
Event: 18,495 Thread 0x00007fc1e40c5800 nmethod 1896 0x00007fc1d53cb0d0 code [0x00007fc1d53cb240, 0x00007fc1d53cb428]
Event: 18,540 Thread 0x00007fc1e40c5800 1898       1       sun.nio.fs.UnixPath::normalizeAndCheck (75 bytes)
Event: 18,541 Thread 0x00007fc1e40c5800 nmethod 1898 0x00007fc1d53cb4d0 code [0x00007fc1d53cb680, 0x00007fc1d53cb958]
Event: 18,703 Thread 0x00007fc1e40c5800 1899   !   1       java.lang.StringCoding$StringDecoder::decode (179 bytes)
Event: 18,726 Thread 0x00007fc1e40c5800 nmethod 1899 0x00007fc1d53cbc50 code [0x00007fc1d53cbea0, 0x00007fc1d53cc978]
Event: 18,726 Thread 0x00007fc1e40c5800 1900       1       java.util.zip.ZipCoder::toString (190 bytes)
Event: 18,730 Thread 0x00007fc1e40c5800 nmethod 1900 0x00007fc1d53cd2d0 code [0x00007fc1d53cd560, 0x00007fc1d53ce1d8]
Event: 18,738 Thread 0x00007fc1e40c5800 1901   !   1       java.lang.Class::getTypeName (79 bytes)
Event: 18,746 Thread 0x00007fc1e40c5800 nmethod 1901 0x00007fc1d53cebd0 code [0x00007fc1d53ceda0, 0x00007fc1d53cf218]
Event: 20,239 Thread 0x00007fc1e40c5800 1902       1       sun.nio.cs.UTF_8$Encoder::encodeArrayLoop (489 bytes)

GC Heap History (10 events):
Event: 5,765 GC heap after
Heap after GC invocations=2 (full 0):
 PSYoungGen      total 36864K, used 4268K [0x00000000d7100000, 0x00000000db900000, 0x0000000100000000)
  eden space 31744K, 0% used [0x00000000d7100000,0x00000000d7100000,0x00000000d9000000)
  from space 5120K, 83% used [0x00000000d9500000,0x00000000d992b368,0x00000000d9a00000)
  to   space 5120K, 0% used [0x00000000d9000000,0x00000000d9000000,0x00000000d9500000)
 ParOldGen       total 84992K, used 16K [0x0000000085200000, 0x000000008a500000, 0x00000000d7100000)
  object space 84992K, 0% used [0x0000000085200000,0x0000000085204000,0x000000008a500000)
 Metaspace       used 10383K, capacity 10634K, committed 10880K, reserved 1058816K
  class space    used 1226K, capacity 1297K, committed 1408K, reserved 1048576K
}
Event: 6,932 GC heap before
{Heap before GC invocations=3 (full 0):
 PSYoungGen      total 36864K, used 36012K [0x00000000d7100000, 0x00000000db900000, 0x0000000100000000)
  eden space 31744K, 100% used [0x00000000d7100000,0x00000000d9000000,0x00000000d9000000)
  from space 5120K, 83% used [0x00000000d9500000,0x00000000d992b368,0x00000000d9a00000)
  to   space 5120K, 0% used [0x00000000d9000000,0x00000000d9000000,0x00000000d9500000)
 ParOldGen       total 84992K, used 16K [0x0000000085200000, 0x000000008a500000, 0x00000000d7100000)
  object space 84992K, 0% used [0x0000000085200000,0x0000000085204000,0x000000008a500000)
 Metaspace       used 11756K, capacity 12174K, committed 12416K, reserved 1060864K
  class space    used 1475K, capacity 1609K, committed 1664K, reserved 1048576K
Event: 6,979 GC heap after
Heap after GC invocations=3 (full 0):
 PSYoungGen      total 36864K, used 3913K [0x00000000d7100000, 0x00000000db900000, 0x0000000100000000)
  eden space 31744K, 0% used [0x00000000d7100000,0x00000000d7100000,0x00000000d9000000)
  from space 5120K, 76% used [0x00000000d9000000,0x00000000d93d2728,0x00000000d9500000)
  to   space 5120K, 0% used [0x00000000db400000,0x00000000db400000,0x00000000db900000)
 ParOldGen       total 84992K, used 24K [0x0000000085200000, 0x000000008a500000, 0x00000000d7100000)
  object space 84992K, 0% used [0x0000000085200000,0x0000000085206000,0x000000008a500000)
 Metaspace       used 11756K, capacity 12174K, committed 12416K, reserved 1060864K
  class space    used 1475K, capacity 1609K, committed 1664K, reserved 1048576K
}
Event: 7,874 GC heap before
{Heap before GC invocations=4 (full 0):
 PSYoungGen      total 36864K, used 35657K [0x00000000d7100000, 0x00000000db900000, 0x0000000100000000)
  eden space 31744K, 100% used [0x00000000d7100000,0x00000000d9000000,0x00000000d9000000)
  from space 5120K, 76% used [0x00000000d9000000,0x00000000d93d2728,0x00000000d9500000)
  to   space 5120K, 0% used [0x00000000db400000,0x00000000db400000,0x00000000db900000)
 ParOldGen       total 84992K, used 24K [0x0000000085200000, 0x000000008a500000, 0x00000000d7100000)
  object space 84992K, 0% used [0x0000000085200000,0x0000000085206000,0x000000008a500000)
 Metaspace       used 12899K, capacity 13320K, committed 13440K, reserved 1060864K
  class space    used 1686K, capacity 1828K, committed 1920K, reserved 1048576K
Event: 7,900 GC heap after
Heap after GC invocations=4 (full 0):
 PSYoungGen      total 68608K, used 4593K [0x00000000d7100000, 0x00000000db900000, 0x0000000100000000)
  eden space 63488K, 0% used [0x00000000d7100000,0x00000000d7100000,0x00000000daf00000)
  from space 5120K, 89% used [0x00000000db400000,0x00000000db87c7f8,0x00000000db900000)
  to   space 5120K, 0% used [0x00000000daf00000,0x00000000daf00000,0x00000000db400000)
 ParOldGen       total 84992K, used 32K [0x0000000085200000, 0x000000008a500000, 0x00000000d7100000)
  object space 84992K, 0% used [0x0000000085200000,0x0000000085208000,0x000000008a500000)
 Metaspace       used 12899K, capacity 13320K, committed 13440K, reserved 1060864K
  class space    used 1686K, capacity 1828K, committed 1920K, reserved 1048576K
}
Event: 12,284 GC heap before
{Heap before GC invocations=5 (full 0):
 PSYoungGen      total 68608K, used 68081K [0x00000000d7100000, 0x00000000db900000, 0x0000000100000000)
  eden space 63488K, 100% used [0x00000000d7100000,0x00000000daf00000,0x00000000daf00000)
  from space 5120K, 89% used [0x00000000db400000,0x00000000db87c7f8,0x00000000db900000)
  to   space 5120K, 0% used [0x00000000daf00000,0x00000000daf00000,0x00000000db400000)
 ParOldGen       total 84992K, used 32K [0x0000000085200000, 0x000000008a500000, 0x00000000d7100000)
  object space 84992K, 0% used [0x0000000085200000,0x0000000085208000,0x000000008a500000)
 Metaspace       used 17953K, capacity 18612K, committed 18688K, reserved 1064960K
  class space    used 2328K, capacity 2488K, committed 2560K, reserved 1048576K
Event: 12,431 GC heap after
Heap after GC invocations=5 (full 0):
 PSYoungGen      total 68608K, used 5115K [0x00000000d7100000, 0x00000000dfd00000, 0x0000000100000000)
  eden space 63488K, 0% used [0x00000000d7100000,0x00000000d7100000,0x00000000daf00000)
  from space 5120K, 99% used [0x00000000daf00000,0x00000000db3fee28,0x00000000db400000)
  to   space 8192K, 0% used [0x00000000df500000,0x00000000df500000,0x00000000dfd00000)
 ParOldGen       total 84992K, used 4015K [0x0000000085200000, 0x000000008a500000, 0x00000000d7100000)
  object space 84992K, 4% used [0x0000000085200000,0x00000000855ebe68,0x000000008a500000)
 Metaspace       used 17953K, capacity 18612K, committed 18688K, reserved 1064960K
  class space    used 2328K, capacity 2488K, committed 2560K, reserved 1048576K
}
Event: 18,583 GC heap before
{Heap before GC invocations=6 (full 0):
 PSYoungGen      total 68608K, used 68562K [0x00000000d7100000, 0x00000000dfd00000, 0x0000000100000000)
  eden space 63488K, 99% used [0x00000000d7100000,0x00000000daef5b48,0x00000000daf00000)
  from space 5120K, 99% used [0x00000000daf00000,0x00000000db3fee28,0x00000000db400000)
  to   space 8192K, 0% used [0x00000000df500000,0x00000000df500000,0x00000000dfd00000)
 ParOldGen       total 84992K, used 4015K [0x0000000085200000, 0x000000008a500000, 0x00000000d7100000)
  object space 84992K, 4% used [0x0000000085200000,0x00000000855ebe68,0x000000008a500000)
 Metaspace       used 19881K, capacity 20730K, committed 20864K, reserved 1067008K
  class space    used 2629K, capacity 2841K, committed 2944K, reserved 1048576K
Event: 18,680 GC heap after
Heap after GC invocations=6 (full 0):
 PSYoungGen      total 134656K, used 7022K [0x00000000d7100000, 0x00000000dfe00000, 0x0000000100000000)
  eden space 126464K, 0% used [0x00000000d7100000,0x00000000d7100000,0x00000000dec80000)
  from space 8192K, 85% used [0x00000000df500000,0x00000000dfbdba68,0x00000000dfd00000)
  to   space 8704K, 0% used [0x00000000dec80000,0x00000000dec80000,0x00000000df500000)
 ParOldGen       total 84992K, used 4023K [0x0000000085200000, 0x000000008a500000, 0x00000000d7100000)
  object space 84992K, 4% used [0x0000000085200000,0x00000000855ede68,0x000000008a500000)
 Metaspace       used 19881K, capacity 20730K, committed 20864K, reserved 1067008K
  class space    used 2629K, capacity 2841K, committed 2944K, reserved 1048576K
}
Event: 20,953 GC heap before
{Heap before GC invocations=7 (full 0):
 PSYoungGen      total 134656K, used 32507K [0x00000000d7100000, 0x00000000dfe00000, 0x0000000100000000)
  eden space 126464K, 20% used [0x00000000d7100000,0x00000000d89e34b8,0x00000000dec80000)
  from space 8192K, 85% used [0x00000000df500000,0x00000000dfbdba68,0x00000000dfd00000)
  to   space 8704K, 0% used [0x00000000dec80000,0x00000000dec80000,0x00000000df500000)
 ParOldGen       total 84992K, used 4023K [0x0000000085200000, 0x000000008a500000, 0x00000000d7100000)
  object space 84992K, 4% used [0x0000000085200000,0x00000000855ede68,0x000000008a500000)
 Metaspace       used 20426K, capacity 21210K, committed 21296K, reserved 1067008K
  class space    used 2680K, capacity 2873K, committed 2944K, reserved 1048576K

Deoptimization events (0 events):
No events

Classes redefined (0 events):
No events

Internal exceptions (10 events):
Event: 17,080 Thread 0x00007fc1e4012000 Exception <a 'java/lang/ClassNotFoundException': org/springframework/beans/factory/config/BeanFactoryPostProcessorCustomizer> (0x00000000d8fc9658) thrown at [/build/openjdk-8-4aHi5C/openjdk-8-8u232-b09/src/hotspot/src/share/vm/classfile/systemDictionary.c
Event: 17,081 Thread 0x00007fc1e4012000 Exception <a 'java/lang/ClassNotFoundException': org/springframework/core/PriorityOrderedCustomizer> (0x00000000d8fea8f0) thrown at [/build/openjdk-8-4aHi5C/openjdk-8-8u232-b09/src/hotspot/src/share/vm/classfile/systemDictionary.cpp, line 210]
Event: 17,082 Thread 0x00007fc1e4012000 Exception <a 'java/lang/ClassNotFoundException': org/springframework/core/OrderedCustomizer> (0x00000000d90072a0) thrown at [/build/openjdk-8-4aHi5C/openjdk-8-8u232-b09/src/hotspot/src/share/vm/classfile/systemDictionary.cpp, line 210]
Event: 17,084 Thread 0x00007fc1e4012000 Exception <a 'java/lang/ClassNotFoundException': org/springframework/context/ResourceLoaderAwareCustomizer> (0x00000000d902bd18) thrown at [/build/openjdk-8-4aHi5C/openjdk-8-8u232-b09/src/hotspot/src/share/vm/classfile/systemDictionary.cpp, line 210]
Event: 17,085 Thread 0x00007fc1e4012000 Exception <a 'java/lang/ClassNotFoundException': org/springframework/beans/factory/AwareCustomizer> (0x00000000d904d170) thrown at [/build/openjdk-8-4aHi5C/openjdk-8-8u232-b09/src/hotspot/src/share/vm/classfile/systemDictionary.cpp, line 210]
Event: 17,087 Thread 0x00007fc1e4012000 Exception <a 'java/lang/ClassNotFoundException': org/springframework/beans/factory/BeanClassLoaderAwareCustomizer> (0x00000000d9074848) thrown at [/build/openjdk-8-4aHi5C/openjdk-8-8u232-b09/src/hotspot/src/share/vm/classfile/systemDictionary.cpp, line 21
Event: 17,088 Thread 0x00007fc1e4012000 Exception <a 'java/lang/ClassNotFoundException': org/springframework/beans/factory/AwareCustomizer> (0x00000000d9095d88) thrown at [/build/openjdk-8-4aHi5C/openjdk-8-8u232-b09/src/hotspot/src/share/vm/classfile/systemDictionary.cpp, line 210]
Event: 17,090 Thread 0x00007fc1e4012000 Exception <a 'java/lang/ClassNotFoundException': org/springframework/context/EnvironmentAwareCustomizer> (0x00000000d90b8718) thrown at [/build/openjdk-8-4aHi5C/openjdk-8-8u232-b09/src/hotspot/src/share/vm/classfile/systemDictionary.cpp, line 210]
Event: 17,091 Thread 0x00007fc1e4012000 Exception <a 'java/lang/ClassNotFoundException': org/springframework/beans/factory/AwareCustomizer> (0x00000000d90d9b20) thrown at [/build/openjdk-8-4aHi5C/openjdk-8-8u232-b09/src/hotspot/src/share/vm/classfile/systemDictionary.cpp, line 210]
Event: 17,248 Thread 0x00007fc1e4012000 Exception <a 'java/lang/NoSuchMethodError': java.lang.Object.lambda$comparing$77a9974f$1(Ljava/util/function/Function;Ljava/lang/Object;Ljava/lang/Object;)I> (0x00000000d9131d30) thrown at [/build/openjdk-8-4aHi5C/openjdk-8-8u232-b09/src/hotspot/src/share

Events (10 events):
Event: 20,243 loading class org/springframework/cloud/config/server/config/ConfigServerProperties done
Event: 20,244 loading class com/netflix/discovery/EurekaClientConfig
Event: 20,244 loading class com/netflix/discovery/EurekaClientConfig done
Event: 20,280 loading class com/netflix/loadbalancer/ILoadBalancer
Event: 20,280 loading class com/netflix/loadbalancer/ILoadBalancer done
Event: 20,318 loading class feign/Feign
Event: 20,318 loading class feign/Feign done
Event: 20,477 loading class org/springframework/boot/autoconfigure/condition/ConditionalOnWebApplication
Event: 20,477 loading class org/springframework/boot/autoconfigure/condition/ConditionalOnWebApplication done
Event: 20,612 Executing VM operation: CollectForMetadataAllocation


Dynamic libraries:
85200000-8a500000 rw-p 00000000 00:00 0 
8a500000-d7100000 ---p 00000000 00:00 0 
d7100000-dfe00000 rw-p 00000000 00:00 0 
e7900000-100000000 ---p 00000000 00:00 0 
100000000-1002e0000 rw-p 00000000 00:00 0 
1002e0000-140000000 ---p 00000000 00:00 0 
5597bbd88000-5597bbd89000 r-xp 00000000 08:02 6040447                    /usr/lib/jvm/java-8-openjdk-amd64/jre/bin/java
5597bbf88000-5597bbf89000 r--p 00000000 08:02 6040447                    /usr/lib/jvm/java-8-openjdk-amd64/jre/bin/java
5597bbf89000-5597bbf8a000 rw-p 00001000 08:02 6040447                    /usr/lib/jvm/java-8-openjdk-amd64/jre/bin/java
5597bcac7000-5597bcae8000 rw-p 00000000 00:00 0                          [heap]
7fc18c000000-7fc18c021000 rw-p 00000000 00:00 0 
7fc18c021000-7fc190000000 ---p 00000000 00:00 0 
7fc1935f6000-7fc1937e2000 rw-p 00000000 00:00 0 
7fc1937e2000-7fc1937f6000 ---p 00000000 00:00 0 
7fc1937f6000-7fc1939f6000 rw-p 00000000 00:00 0 
7fc1939f6000-7fc193bf6000 rw-p 00000000 00:00 0 
7fc193bf6000-7fc193bff000 r-xp 00000000 08:02 6040480                    /usr/lib/jvm/java-8-openjdk-amd64/jre/lib/amd64/libmanagement.so
7fc193bff000-7fc193dfe000 ---p 00009000 08:02 6040480                    /usr/lib/jvm/java-8-openjdk-amd64/jre/lib/amd64/libmanagement.so
7fc193dfe000-7fc193dff000 r--p 00008000 08:02 6040480                    /usr/lib/jvm/java-8-openjdk-amd64/jre/lib/amd64/libmanagement.so
7fc193dff000-7fc193e00000 rw-p 00009000 08:02 6040480                    /usr/lib/jvm/java-8-openjdk-amd64/jre/lib/amd64/libmanagement.so
7fc193e00000-7fc194000000 rw-p 00000000 00:00 0 
7fc194000000-7fc194021000 rw-p 00000000 00:00 0 
7fc194021000-7fc198000000 ---p 00000000 00:00 0 
7fc198000000-7fc19832f000 rw-p 00000000 00:00 0 
7fc19832f000-7fc19c000000 ---p 00000000 00:00 0 
7fc19c000000-7fc19c021000 rw-p 00000000 00:00 0 
7fc19c021000-7fc1a0000000 ---p 00000000 00:00 0 
7fc1a0000000-7fc1a0021000 rw-p 00000000 00:00 0 
7fc1a0021000-7fc1a4000000 ---p 00000000 00:00 0 
7fc1a4000000-7fc1a405e000 rw-p 00000000 00:00 0 
7fc1a405e000-7fc1a8000000 ---p 00000000 00:00 0 
7fc1a8000000-7fc1a82b9000 rw-p 00000000 00:00 0 
7fc1a82b9000-7fc1ac000000 ---p 00000000 00:00 0 
7fc1ac000000-7fc1ac021000 rw-p 00000000 00:00 0 
7fc1ac021000-7fc1b0000000 ---p 00000000 00:00 0 
7fc1b0000000-7fc1b0021000 rw-p 00000000 00:00 0 
7fc1b0021000-7fc1b4000000 ---p 00000000 00:00 0 
7fc1b4000000-7fc1b4021000 rw-p 00000000 00:00 0 
7fc1b4021000-7fc1b8000000 ---p 00000000 00:00 0 
7fc1b8000000-7fc1b8021000 rw-p 00000000 00:00 0 
7fc1b8021000-7fc1bc000000 ---p 00000000 00:00 0 
7fc1bc000000-7fc1bc021000 rw-p 00000000 00:00 0 
7fc1bc021000-7fc1c0000000 ---p 00000000 00:00 0 
7fc1c009d000-7fc1c00b4000 r-xp 00000000 08:02 4461404                    /lib/x86_64-linux-gnu/libresolv-2.27.so
7fc1c00b4000-7fc1c02b4000 ---p 00017000 08:02 4461404                    /lib/x86_64-linux-gnu/libresolv-2.27.so
7fc1c02b4000-7fc1c02b5000 r--p 00017000 08:02 4461404                    /lib/x86_64-linux-gnu/libresolv-2.27.so
7fc1c02b5000-7fc1c02b6000 rw-p 00018000 08:02 4461404                    /lib/x86_64-linux-gnu/libresolv-2.27.so
7fc1c02b6000-7fc1c02b8000 rw-p 00000000 00:00 0 
7fc1c02b8000-7fc1c02bd000 r-xp 00000000 08:02 4461353                    /lib/x86_64-linux-gnu/libnss_dns-2.27.so
7fc1c02bd000-7fc1c04bd000 ---p 00005000 08:02 4461353                    /lib/x86_64-linux-gnu/libnss_dns-2.27.so
7fc1c04bd000-7fc1c04be000 r--p 00005000 08:02 4461353                    /lib/x86_64-linux-gnu/libnss_dns-2.27.so
7fc1c04be000-7fc1c04bf000 rw-p 00006000 08:02 4461353                    /lib/x86_64-linux-gnu/libnss_dns-2.27.so
7fc1c04bf000-7fc1c04c1000 r-xp 00000000 08:02 4461361                    /lib/x86_64-linux-gnu/libnss_mdns4_minimal.so.2
7fc1c04c1000-7fc1c06c0000 ---p 00002000 08:02 4461361                    /lib/x86_64-linux-gnu/libnss_mdns4_minimal.so.2
7fc1c06c0000-7fc1c06c1000 r--p 00001000 08:02 4461361                    /lib/x86_64-linux-gnu/libnss_mdns4_minimal.so.2
7fc1c06c1000-7fc1c06c2000 rw-p 00002000 08:02 4461361                    /lib/x86_64-linux-gnu/libnss_mdns4_minimal.so.2
7fc1c06e2000-7fc1c06e5000 ---p 00000000 00:00 0 
7fc1c06e5000-7fc1c09e3000 rw-p 00000000 00:00 0 
7fc1c09e3000-7fc1c09e6000 ---p 00000000 00:00 0 
7fc1c09e6000-7fc1c0ae4000 rw-p 00000000 00:00 0 
7fc1c0ae4000-7fc1c0ae5000 r--s 00005000 08:02 9576216                    /home/pc/.m2/repository/org/springframework/spring-jcl/5.2.1.RELEASE/spring-jcl-5.2.1.RELEASE.jar
7fc1c0ae5000-7fc1c0b00000 r--s 00143000 08:02 9576210                    /home/pc/.m2/repository/org/springframework/spring-core/5.2.1.RELEASE/spring-core-5.2.1.RELEASE.jar
7fc1c0b00000-7fc1c0b04000 r--s 00019000 08:02 9576205                    /home/pc/.m2/repository/jakarta/xml/bind/jakarta.xml.bind-api/2.3.2/jakarta.xml.bind-api-2.3.2.jar
7fc1c0b04000-7fc1c0b1b000 r--s 00190000 08:02 10232281                   /home/pc/.m2/repository/org/projectlombok/lombok/1.18.8/lombok-1.18.8.jar
7fc1c0b1b000-7fc1c0b20000 r--s 00040000 08:02 9709344                    /home/pc/.m2/repository/org/springframework/spring-expression/5.2.1.RELEASE/spring-expression-5.2.1.RELEASE.jar
7fc1c0b20000-7fc1c0b32000 r--s 000d5000 08:02 9709322                    /home/pc/.m2/repository/org/springframework/spring-webmvc/5.2.1.RELEASE/spring-webmvc-5.2.1.RELEASE.jar
7fc1c0b32000-7fc1c0b4f000 r--s 000fe000 08:02 9709325                    /home/pc/.m2/repository/org/hibernate/validator/hibernate-validator/6.0.18.Final/hibernate-validator-6.0.18.Final.jar
7fc1c0b4f000-7fc1c0b54000 r--s 00012000 08:02 9576202                    /home/pc/.m2/repository/jakarta/validation/jakarta.validation-api/2.0.1/jakarta.validation-api-2.0.1.jar
7fc1c0b54000-7fc1c0b55000 r--s 00000000 08:02 9576194                    /home/pc/.m2/repository/org/springframework/boot/spring-boot-starter-validation/2.2.1.RELEASE/spring-boot-starter-validation-2.2.1.RELEASE.jar
7fc1c0b55000-7fc1c0b5a000 r--s 0003c000 08:02 9709333                    /home/pc/.m2/repository/org/apache/tomcat/embed/tomcat-embed-websocket/9.0.27/tomcat-embed-websocket-9.0.27.jar
7fc1c0b5a000-7fc1c0b5f000 r--s 0003a000 08:02 9709331                    /home/pc/.m2/repository/org/apache/tomcat/embed/tomcat-embed-el/9.0.27/tomcat-embed-el-9.0.27.jar
7fc1c0b5f000-7fc1c0b8a000 r--s 0030b000 08:02 9709326                    /home/pc/.m2/repository/org/apache/tomcat/embed/tomcat-embed-core/9.0.27/tomcat-embed-core-9.0.27.jar
7fc1c0b8a000-7fc1c0b8b000 r--s 00000000 08:02 9709330                    /home/pc/.m2/repository/org/springframework/boot/spring-boot-starter-tomcat/2.2.1.RELEASE/spring-boot-starter-tomcat-2.2.1.RELEASE.jar
7fc1c0b8b000-7fc1c0b8d000 r--s 00001000 08:02 9709327                    /home/pc/.m2/repository/com/fasterxml/jackson/module/jackson-module-parameter-names/2.10.0/jackson-module-parameter-names-2.10.0.jar
7fc1c0b8d000-7fc1c0b90000 r--s 00017000 08:02 9709323                    /home/pc/.m2/repository/com/fasterxml/jackson/datatype/jackson-datatype-jsr310/2.10.0/jackson-datatype-jsr310-2.10.0.jar
7fc1c0b90000-7fc1c0b92000 r--s 00007000 08:02 9709319                    /home/pc/.m2/repository/com/fasterxml/jackson/datatype/jackson-datatype-jdk8/2.10.0/jackson-datatype-jdk8-2.10.0.jar
7fc1c0b92000-7fc1c0b93000 r--s 00000000 08:02 9709309                    /home/pc/.m2/repository/org/springframework/boot/spring-boot-starter-json/2.2.1.RELEASE/spring-boot-starter-json-2.2.1.RELEASE.jar
7fc1c0b93000-7fc1c0b9a000 r--s 00044000 08:02 9709307                    /home/pc/.m2/repository/org/yaml/snakeyaml/1.25/snakeyaml-1.25.jar
7fc1c0b9a000-7fc1c0b9c000 r--s 00005000 08:02 9576189                    /home/pc/.m2/repository/jakarta/annotation/jakarta.annotation-api/1.3.5/jakarta.annotation-api-1.3.5.jar
7fc1c0b9c000-7fc1c0b9e000 r--s 00000000 08:02 9709306                    /home/pc/.m2/repository/org/slf4j/jul-to-slf4j/1.7.29/jul-to-slf4j-1.7.29.jar
7fc1c0b9e000-7fc1c0ba4000 r--s 0003e000 08:02 9709303                    /home/pc/.m2/repository/org/apache/logging/log4j/log4j-api/2.12.1/log4j-api-2.12.1.jar
7fc1c0ba4000-7fc1c0ba6000 r--s 00003000 08:02 9709298                    /home/pc/.m2/repository/org/apache/logging/log4j/log4j-to-slf4j/2.12.1/log4j-to-slf4j-2.12.1.jar
7fc1c0ba6000-7fc1c0bb1000 r--s 00069000 08:02 9700136                    /home/pc/.m2/repository/ch/qos/logback/logback-core/1.2.3/logback-core-1.2.3.jar
7fc1c0bb1000-7fc1c0bb7000 r--s 00041000 08:02 9700133                    /home/pc/.m2/repository/ch/qos/logback/logback-classic/1.2.3/logback-classic-1.2.3.jar
7fc1c0bb7000-7fc1c0bb8000 r--s 00000000 08:02 9709299                    /home/pc/.m2/repository/org/springframework/boot/spring-boot-starter-logging/2.2.1.RELEASE/spring-boot-starter-logging-2.2.1.RELEASE.jar
7fc1c0bb8000-7fc1c0bcf000 r--s 000e7000 08:02 9576186                    /home/pc/.m2/repository/org/springframework/boot/spring-boot/2.2.1.RELEASE/spring-boot-2.2.1.RELEASE.jar
7fc1c0bcf000-7fc1c0bd0000 r--s 00000000 08:02 9576193                    /home/pc/.m2/repository/org/springframework/boot/spring-boot-starter/2.2.1.RELEASE/spring-boot-starter-2.2.1.RELEASE.jar
7fc1c0bd0000-7fc1c0bd1000 r--s 00000000 08:02 9576185                    /home/pc/.m2/repository/org/springframework/boot/spring-boot-starter-web/2.2.1.RELEASE/spring-boot-starter-web-2.2.1.RELEASE.jar
7fc1c0bd1000-7fc1c0bd9000 r--s 00041000 08:02 9576013                    /home/pc/.m2/repository/com/netflix/hystrix/hystrix-core/1.4.26/hystrix-core-1.4.26.jar
7fc1c0bd9000-7fc1c0bda000 r--s 00003000 08:02 9576009                    /home/pc/.m2/repository/io/github/openfeign/feign-hystrix/10.1.0/feign-hystrix-10.1.0.jar
7fc1c0bda000-7fc1c0bdb000 r--s 00000000 08:02 9576006                    /home/pc/.m2/repository/io/github/openfeign/feign-slf4j/10.1.0/feign-slf4j-10.1.0.jar
7fc1c0bdb000-7fc1c0bde000 r--s 0001e000 08:02 9576004                    /home/pc/.m2/repository/io/github/openfeign/feign-core/10.1.0/feign-core-10.1.0.jar
7fc1c0bde000-7fc1c0be1000 r--s 00011000 08:02 9574379                    /home/pc/.m2/repository/org/springframework/security/spring-security-crypto/5.2.1.RELEASE/spring-security-crypto-5.2.1.RELEASE.jar
7fc1c0be1000-7fc1c0be7000 r--s 0001f000 08:02 9574368                    /home/pc/.m2/repository/org/springframework/cloud/spring-cloud-commons/2.1.1.RELEASE/spring-cloud-commons-2.1.1.RELEASE.jar
7fc1c0be7000-7fc1c0c04000 r--s 0013d000 08:02 9709345                    /home/pc/.m2/repository/org/springframework/spring-web/5.2.1.RELEASE/spring-web-5.2.1.RELEASE.jar
7fc1c0c04000-7fc1c0c08000 r--s 00027000 08:02 9704180                    /home/pc/.m2/repository/commons-io/commons-io/2.2/commons-io-2.2.jar
7fc1c0c08000-7fc1c0c0b000 r--s 0000f000 08:02 9575993                    /home/pc/.m2/repository/commons-fileupload/commons-fileupload/1.3.3/commons-fileupload-1.3.3.jar
7fc1c0c0b000-7fc1c0c0c000 r--s 00006000 08:02 9575996                    /home/pc/.m2/repository/io/github/openfeign/form/feign-form/3.5.0/feign-form-3.5.0.jar
7fc1c0c0c000-7fc1c0c0e000 r--s 00002000 08:02 9575980                    /home/pc/.m2/repository/io/github/openfeign/form/feign-form-spring/3.5.0/feign-form-spring-3.5.0.jar
7fc1c0c0e000-7fc1c0c12000 r--s 00019000 08:02 9576002                    /home/pc/.m2/repository/org/springframework/cloud/spring-cloud-openfeign-core/2.1.1.RELEASE/spring-cloud-openfeign-core-2.1.1.RELEASE.jar
7fc1c0c12000-7fc1c0c13000 r--s 00000000 08:02 9575995                    /home/pc/.m2/repository/org/springframework/cloud/spring-cloud-starter-openfeign/2.1.1.RELEASE/spring-cloud-starter-openfeign-2.1.1.RELEASE.jar
7fc1c0c13000-7fc1c0c22000 r--s 001ae000 08:02 9707433                    /home/pc/.m2/repository/com/h2database/h2/1.4.196/h2-1.4.196.jar
7fc1c0c22000-7fc1c0c24000 r--s 0000a000 08:02 9707412                    /home/pc/.m2/repository/org/springframework/spring-aspects/5.2.1.RELEASE/spring-aspects-5.2.1.RELEASE.jar
7fc1c0c24000-7fc1c0c31000 r--s 0009b000 08:02 9709349                    /home/pc/.m2/repository/org/springframework/spring-beans/5.2.1.RELEASE/spring-beans-5.2.1.RELEASE.jar
7fc1c0c31000-7fc1c0c3a000 r--s 00044000 08:02 9707429                    /home/pc/.m2/repository/org/springframework/spring-tx/5.2.1.RELEASE/spring-tx-5.2.1.RELEASE.jar
7fc1c0c3a000-7fc1c0c55000 r--s 0010e000 08:02 9709347                    /home/pc/.m2/repository/org/springframework/spring-context/5.2.1.RELEASE/spring-context-5.2.1.RELEASE.jar
7fc1c0c55000-7fc1c0c5a000 r--s 0002d000 08:02 9707420                    /home/pc/.m2/repository/org/springframework/spring-orm/5.2.1.RELEASE/spring-orm-5.2.1.RELEASE.jar
7fc1c0c5a000-7fc1c0c73000 r--s 0010f000 08:02 9707423                    /home/pc/.m2/repository/org/springframework/data/spring-data-commons/2.2.1.RELEASE/spring-data-commons-2.2.1.RELEASE.jar
7fc1c0c73000-7fc1c0c7b000 r--s 00052000 08:02 9707416                    /home/pc/.m2/repository/org/springframework/data/spring-data-jpa/2.2.1.RELEASE/spring-data-jpa-2.2.1.RELEASE.jar
7fc1c0c7b000-7fc1c0c80000 r--s 00049000 08:02 11668546                   /home/pc/.m2/repository/com/sun/xml/fastinfoset/FastInfoset/1.2.16/FastInfoset-1.2.16.jar
7fc1c0c80000-7fc1c0c82000 r--s 00008000 08:02 9574062                    /home/pc/.m2/repository/org/jvnet/staxex/stax-ex/1.8.1/stax-ex-1.8.1.jar
7fc1c0c82000-7fc1c0c84000 r--s 00005000 08:02 11668544                   /home/pc/.m2/repository/com/sun/istack/istack-commons-runtime/3.0.8/istack-commons-runtime-3.0.8.jar
7fc1c0c84000-7fc1c0c86000 r--s 00010000 08:02 9574060                    /home/pc/.m2/repository/org/glassfish/jaxb/txw2/2.3.2/txw2-2.3.2.jar
7fc1c0c86000-7fc1c0c9b000 r--s 000e3000 08:02 9574058                    /home/pc/.m2/repository/org/glassfish/jaxb/jaxb-runtime/2.3.2/jaxb-runtime-2.3.2.jar
7fc1c0c9b000-7fc1c0c9e000 r--s 00010000 08:02 9707419                    /home/pc/.m2/repository/org/hibernate/common/hibernate-commons-annotations/5.1.0.Final/hibernate-commons-annotations-5.1.0.Final.jar
7fc1c0c9e000-7fc1c0ca3000 r--s 0004b000 08:02 11669319                   /home/pc/.m2/repository/org/dom4j/dom4j/2.1.1/dom4j-2.1.1.jar
7fc1c0ca3000-7fc1c0ca5000 r--s 0000f000 08:02 9709337                    /home/pc/.m2/repository/com/fasterxml/classmate/1.5.1/classmate-1.5.1.jar
7fc1c0ca5000-7fc1c0ca8000 r--s 0002b000 08:02 11669313                   /home/pc/.m2/repository/org/jboss/jandex/2.0.5.Final/jandex-2.0.5.Final.jar
7fc1c0ca8000-7fc1c0cad000 r--s 00068000 08:02 9572348                    /home/pc/.m2/repository/antlr/antlr/2.7.7/antlr-2.7.7.jar
7fc1c0cad000-7fc1c0cf5000 r--s 002e9000 08:02 9576235                    /home/pc/.m2/repository/net/bytebuddy/byte-buddy/1.10.2/byte-buddy-1.10.2.jar
7fc1c0cf5000-7fc1c0cff000 r--s 000b4000 08:02 9707417                    /home/pc/.m2/repository/org/javassist/javassist/3.24.0-GA/javassist-3.24.0-GA.jar
7fc1c0cff000-7fc1c0d01000 r--s 0000d000 08:02 9709332                    /home/pc/.m2/repository/org/jboss/logging/jboss-logging/3.4.1.Final/jboss-logging-3.4.1.Final.jar
7fc1c0d01000-7fc1c0d87000 r--s 0064e000 08:02 9707415                    /home/pc/.m2/repository/org/hibernate/hibernate-core/5.4.8.Final/hibernate-core-5.4.8.Final.jar
7fc1c0d87000-7fc1c0d88000 r--s 00003000 08:02 9574056                    /home/pc/.m2/repository/jakarta/transaction/jakarta.transaction-api/1.3.3/jakarta.transaction-api-1.3.3.jar
7fc1c0d88000-7fc1c0d8e000 r--s 00023000 08:02 9574054                    /home/pc/.m2/repository/jakarta/persistence/jakarta.persistence-api/2.2.3/jakarta.persistence-api-2.2.3.jar
7fc1c0d8e000-7fc1c0d90000 r--s 00009000 08:02 9576199                    /home/pc/.m2/repository/jakarta/activation/jakarta.activation-api/1.2.1/jakarta.activation-api-1.2.1.jar
7fc1c0d90000-7fc1c0d9a000 r--s 0005a000 08:02 9707427                    /home/pc/.m2/repository/org/springframework/spring-jdbc/5.2.1.RELEASE/spring-jdbc-5.2.1.RELEASE.jar
7fc1c0d9a000-7fc1c0d9d000 r--s 00023000 08:02 9707409                    /home/pc/.m2/repository/com/zaxxer/HikariCP/3.4.1/HikariCP-3.4.1.jar
7fc1c0d9d000-7fc1c0d9e000 r--s 00000000 08:02 9707405                    /home/pc/.m2/repository/org/springframework/boot/spring-boot-starter-jdbc/2.2.1.RELEASE/spring-boot-starter-jdbc-2.2.1.RELEASE.jar
7fc1c0d9e000-7fc1c0db7000 r--s 001da000 08:02 9707431                    /home/pc/.m2/repository/org/aspectj/aspectjweaver/1.9.4/aspectjweaver-1.9.4.jar
7fc1c0db7000-7fc1c0dc0000 r--s 00052000 08:02 9709343                    /home/pc/.m2/repository/org/springframework/spring-aop/5.2.1.RELEASE/spring-aop-5.2.1.RELEASE.jar
7fc1c0dc0000-7fc1c0dc1000 r--s 00000000 08:02 9707403                    /home/pc/.m2/repository/org/springframework/boot/spring-boot-starter-aop/2.2.1.RELEASE/spring-boot-starter-aop-2.2.1.RELEASE.jar
7fc1c0dc1000-7fc1c0dc2000 r--s 00000000 08:02 9707407                    /home/pc/.m2/repository/org/springframework/boot/spring-boot-starter-data-jpa/2.2.1.RELEASE/spring-boot-starter-data-jpa-2.2.1.RELEASE.jar
7fc1c0dc2000-7fc1c0dc4000 r--s 00005000 08:02 9836553                    /home/pc/.m2/repository/xpp3/xpp3_min/1.1.4c/xpp3_min-1.1.4c.jar
7fc1c0dc4000-7fc1c0dc5000 r--s 00001000 08:02 9836551                    /home/pc/.m2/repository/xmlpull/xmlpull/1.1.3.1/xmlpull-1.1.3.1.jar
7fc1c0dc5000-7fc1c0dd3000 r--s 00082000 08:02 9833220                    /home/pc/.m2/repository/com/thoughtworks/xstream/xstream/1.4.10/xstream-1.4.10.jar
7fc1c0dd3000-7fc1c0dd5000 r--s 00009000 08:02 9576203                    /home/pc/.m2/repository/org/slf4j/slf4j-api/1.7.29/slf4j-api-1.7.29.jar
7fc1c0dd5000-7fc1c0dd7000 r--s 00003000 08:02 9574425                    /home/pc/.m2/repository/com/netflix/ribbon/ribbon-eureka/2.3.0/ribbon-eureka-2.3.0.jar
7fc1c0dd7000-7fc1c0df0000 r--s 00102000 08:02 9574410                    /home/pc/.m2/repository/io/reactivex/rxjava/1.3.8/rxjava-1.3.8.jar
7fc1c0df0000-7fc1c0df2000 r--s 00002000 08:02 9574459                    /home/pc/.m2/repository/com/netflix/netflix-commons/netflix-statistics/0.1.1/netflix-statistics-0.1.1.jar
7fc1c0df2000-7fc1c0df6000 r--s 00024000 08:02 9574437                    /home/pc/.m2/repository/com/netflix/ribbon/ribbon-loadbalancer/2.3.0/ribbon-loadbalancer-2.3.0.jar
7fc1c0df6000-7fc1c0df7000 r--s 00001000 08:02 9575997                    /home/pc/.m2/repository/com/netflix/netflix-commons/netflix-commons-util/0.1.1/netflix-commons-util-0.1.1.jar
7fc1c0df7000-7fc1c0e04000 r--s 00083000 08:02 9704406                    /home/pc/.m2/repository/commons-collections/commons-collections/3.2.2/commons-collections-3.2.2.jar
7fc1c0e04000-7fc1c0e06000 r--s 0000c000 08:02 9574450                    /home/pc/.m2/repository/com/netflix/ribbon/ribbon-httpclient/2.3.0/ribbon-httpclient-2.3.0.jar
7fc1c0e06000-7fc1c0e0a000 r--s 00011000 08:02 9574442                    /home/pc/.m2/repository/com/netflix/ribbon/ribbon-core/2.3.0/ribbon-core-2.3.0.jar
7fc1c0e0a000-7fc1c0e14000 r--s 00059000 08:02 9574397                    /home/pc/.m2/repository/io/reactivex/rxnetty/0.4.9/rxnetty-0.4.9.jar
7fc1c0e14000-7fc1c0e16000 r--s 00006000 08:02 9574441                    /home/pc/.m2/repository/io/reactivex/rxnetty-servo/0.4.9/rxnetty-servo-0.4.9.jar
7fc1c0e16000-7fc1c0e19000 r--s 0000b000 08:02 9574389                    /home/pc/.m2/repository/io/reactivex/rxnetty-contexts/0.4.9/rxnetty-contexts-0.4.9.jar
7fc1c0e19000-7fc1c0e1a000 r--s 00009000 08:02 9574375                    /home/pc/.m2/repository/com/netflix/ribbon/ribbon-transport/2.3.0/ribbon-transport-2.3.0.jar
7fc1c0e1a000-7fc1c0e1e000 r--s 00012000 08:02 9574436                    /home/pc/.m2/repository/com/netflix/ribbon/ribbon/2.3.0/ribbon-2.3.0.jar
7fc1c0e1e000-7fc1c0e1f000 r--s 00000000 08:02 9574471                    /home/pc/.m2/repository/org/springframework/cloud/spring-cloud-starter-netflix-ribbon/2.1.1.RELEASE/spring-cloud-starter-netflix-ribbon-2.1.1.RELEASE.jar
7fc1c0e1f000-7fc1c0e24000 r--s 00041000 08:02 9574439                    /home/pc/.m2/repository/commons-lang/commons-lang/2.6/commons-lang-2.6.jar
7fc1c0e24000-7fc1c0e2b000 r--s 00050000 08:02 9574431                    /home/pc/.m2/repository/commons-configuration/commons-configuration/1.8/commons-configuration-1.8.jar
7fc1c0e2b000-7fc1c0e2c000 r--s 00003000 08:02 9574423                    /home/pc/.m2/repository/org/springframework/cloud/spring-cloud-netflix-archaius/2.1.1.RELEASE/spring-cloud-netflix-archaius-2.1.1.RELEASE.jar
7fc1c0e2c000-7fc1c0e30000 r--s 00017000 08:02 9574448                    /home/pc/.m2/repository/org/springframework/cloud/spring-cloud-netflix-ribbon/2.1.1.RELEASE/spring-cloud-netflix-ribbon-2.1.1.RELEASE.jar
7fc1c0e30000-7fc1c0e31000 r--s 00000000 08:02 9574473                    /home/pc/.m2/repository/org/springframework/cloud/spring-cloud-starter-netflix-archaius/2.1.1.RELEASE/spring-cloud-starter-netflix-archaius-2.1.1.RELEASE.jar
7fc1c0e31000-7fc1c0e35000 r--s 00024000 08:02 9574406                    /home/pc/.m2/repository/org/codehaus/woodstox/stax2-api/3.1.4/stax2-api-3.1.4.jar
7fc1c0e35000-7fc1c0e37000 r--s 00004000 08:02 11668652                   /home/pc/.m2/repository/javax/xml/stream/stax-api/1.0-2/stax-api-1.0-2.jar
7fc1c0e37000-7fc1c0e3d000 r--s 00071000 08:02 9574399                    /home/pc/.m2/repository/org/codehaus/woodstox/woodstox-core-asl/4.4.1/woodstox-core-asl-4.4.1.jar
7fc1c0e3d000-7fc1c0e42000 r--s 0003a000 08:02 9574411                    /home/pc/.m2/repository/com/netflix/eureka/eureka-core/1.9.8/eureka-core-1.9.8.jar
7fc1c0e42000-7fc1c0e58000 r--s 00141000 08:02 9709314                    /home/pc/.m2/repository/com/fasterxml/jackson/core/jackson-databind/2.10.0/jackson-databind-2.10.0.jar
7fc1c0e58000-7fc1c0e5d000 r--s 00051000 08:02 9709321                    /home/pc/.m2/repository/com/fasterxml/jackson/core/jackson-core/2.10.0/jackson-core-2.10.0.jar
7fc1c0e5d000-7fc1c0e60000 r--s 0000e000 08:02 9709317                    /home/pc/.m2/repository/com/fasterxml/jackson/core/jackson-annotations/2.10.0/jackson-annotations-2.10.0.jar
7fc1c0e60000-7fc1c0e65000 r--s 00024000 08:02 11668650                   /home/pc/.m2/repository/com/github/andrewoma/dexx/dexx-collections/0.2/dexx-collections-0.2.jar
7fc1c0e65000-7fc1c0e66000 r--s 00004000 08:02 11668642                   /home/pc/.m2/repository/com/github/vlsi/compactmap/compactmap/1.2.1/compactmap-1.2.1.jar
7fc1c0e66000-7fc1c0e68000 r--s 00000000 08:02 9700830                    /home/pc/.m2/repository/aopalliance/aopalliance/1.0/aopalliance-1.0.jar
7fc1c0e68000-7fc1c0e76000 r--s 00097000 08:02 11668649                   /home/pc/.m2/repository/com/google/inject/guice/4.1.0/guice-4.1.0.jar
7fc1c0e76000-7fc1c0e7d000 r--s 0004e000 08:02 9576257                    /home/pc/.m2/repository/commons-codec/commons-codec/1.13/commons-codec-1.13.jar
7fc1c0e7d000-7fc1c0e85000 r--s 00049000 08:02 9574405                    /home/pc/.m2/repository/org/apache/httpcomponents/httpcore/4.4.12/httpcore-4.4.12.jar
7fc1c0e85000-7fc1c0e92000 r--s 000b1000 08:02 9574460                    /home/pc/.m2/repository/org/apache/httpcomponents/httpclient/4.5.10/httpclient-4.5.10.jar
7fc1c0e92000-7fc1c0e94000 r--s 00003000 08:02 11668656                   /home/pc/.m2/repository/com/sun/jersey/contribs/jersey-apache-client4/1.19.1/jersey-apache-client4-1.19.1.jar
7fc1c0e94000-7fc1c0e97000 r--s 0001e000 08:02 11668654                   /home/pc/.m2/repository/com/sun/jersey/jersey-client/1.19.1/jersey-client-1.19.1.jar
7fc1c0e97000-7fc1c0ea1000 r--s 00061000 08:02 11668641                   /home/pc/.m2/repository/com/sun/jersey/jersey-core/1.19.1/jersey-core-1.19.1.jar
7fc1c0ea1000-7fc1c0ea6000 r--s 00033000 08:02 9574477                    /home/pc/.m2/repository/com/netflix/servo/servo-core/0.12.21/servo-core-0.12.21.jar
7fc1c0ea6000-7fc1c0ed1000 r--s 001f5000 08:02 9707512                    /home/pc/.m2/repository/com/google/guava/guava/16.0/guava-16.0.jar
7fc1c0ed1000-7fc1c0ed5000 r--s 0001f000 08:02 9574456                    /home/pc/.m2/repository/com/netflix/archaius/archaius-core/0.7.6/archaius-core-0.7.6.jar
7fc1c0ed5000-7fc1c0ee8000 r--s 000df000 08:02 9574400                    /home/pc/.m2/repository/org/apache/commons/commons-math/2.2/commons-math-2.2.jar
7fc1c0ee8000-7fc1c0eed000 r--s 00036000 08:02 9707463                    /home/pc/.m2/repository/com/google/code/gson/gson/2.8.6/gson-2.8.6.jar
7fc1c0eed000-7fc1c0ef0000 r--s 00022000 08:02 9836876                    /home/pc/.m2/repository/org/antlr/stringtemplate/3.2.1/stringtemplate-3.2.1.jar
7fc1c0ef0000-7fc1c0ef4000 r--s 00025000 08:02 9836869                    /home/pc/.m2/repository/org/antlr/antlr-runtime/3.4/antlr-runtime-3.4.jar
7fc1c0ef4000-7fc1c0f04000 r--s 0008d000 08:02 11013426                   /home/pc/.m2/repository/joda-time/joda-time/2.10.5/joda-time-2.10.5.jar
7fc1c0f04000-7fc1c0f0a000 r--s 00044000 08:02 9574393                    /home/pc/.m2/repository/commons-jxpath/commons-jxpath/1.3/commons-jxpath-1.3.jar
7fc1c0f0a000-7fc1c0f0d000 r--s 00016000 08:02 9574391                    /home/pc/.m2/repository/com/netflix/netflix-commons/netflix-infix/0.3.0/netflix-infix-0.3.0.jar
7fc1c0f0d000-7fc1c0f17000 r--s 00062000 08:02 9574458                    /home/pc/.m2/repository/com/netflix/eureka/eureka-client/1.9.8/eureka-client-1.9.8.jar
7fc1c0f17000-7fc1c0f3e000 r--s 0012c000 08:02 9709359                    /home/pc/.m2/repository/org/springframework/boot/spring-boot-autoconfigure/2.2.1.RELEASE/spring-boot-autoconfigure-2.2.1.RELEASE.jar
7fc1c0f3e000-7fc1c0f96000 r--s 003a7000 08:02 11668638                   /home/pc/.m2/repository/org/bouncycastle/bcprov-jdk15on/1.60/bcprov-jdk15on-1.60.jar
7fc1c0f96000-7fc1c0fc7000 rw-p 00000000 00:00 0 
7fc1c0fc7000-7fc1c0fde000 r-xp 00000000 08:02 6040482                    /usr/lib/jvm/java-8-openjdk-amd64/jre/lib/amd64/libnet.so
7fc1c0fde000-7fc1c11dd000 ---p 00017000 08:02 6040482                    /usr/lib/jvm/java-8-openjdk-amd64/jre/lib/amd64/libnet.so
7fc1c11dd000-7fc1c11de000 r--p 00016000 08:02 6040482                    /usr/lib/jvm/java-8-openjdk-amd64/jre/lib/amd64/libnet.so
7fc1c11de000-7fc1c11df000 rw-p 00017000 08:02 6040482                    /usr/lib/jvm/java-8-openjdk-amd64/jre/lib/amd64/libnet.so
7fc1c11df000-7fc1c11f0000 r-xp 00000000 08:02 6040483                    /usr/lib/jvm/java-8-openjdk-amd64/jre/lib/amd64/libnio.so
7fc1c11f0000-7fc1c13f0000 ---p 00011000 08:02 6040483                    /usr/lib/jvm/java-8-openjdk-amd64/jre/lib/amd64/libnio.so
7fc1c13f0000-7fc1c13f1000 r--p 00011000 08:02 6040483                    /usr/lib/jvm/java-8-openjdk-amd64/jre/lib/amd64/libnio.so
7fc1c13f1000-7fc1c13f2000 rw-p 00012000 08:02 6040483                    /usr/lib/jvm/java-8-openjdk-amd64/jre/lib/amd64/libnio.so
7fc1c13f2000-7fc1c140d000 r--s 001d6000 08:02 6040506                    /usr/lib/jvm/java-8-openjdk-amd64/jre/lib/ext/nashorn.jar
7fc1c140d000-7fc1c1428000 r--s 00394000 08:02 6040501                    /usr/lib/jvm/java-8-openjdk-amd64/jre/lib/ext/cldrdata.jar
7fc1c1428000-7fc1c1429000 ---p 00000000 00:00 0 
7fc1c1429000-7fc1c1529000 rw-p 00000000 00:00 0 
7fc1c1529000-7fc1c152c000 ---p 00000000 00:00 0 
7fc1c152c000-7fc1c162a000 rw-p 00000000 00:00 0 
7fc1c162a000-7fc1c162b000 ---p 00000000 00:00 0 
7fc1c162b000-7fc1c162e000 ---p 00000000 00:00 0 
7fc1c162e000-7fc1c172b000 rw-p 00000000 00:00 0 
7fc1c172b000-7fc1c172c000 ---p 00000000 00:00 0 
7fc1c172c000-7fc1c172f000 ---p 00000000 00:00 0 
7fc1c172f000-7fc1c182c000 rw-p 00000000 00:00 0 
7fc1c182c000-7fc1c182d000 ---p 00000000 00:00 0 
7fc1c182d000-7fc1c1830000 ---p 00000000 00:00 0 
7fc1c1830000-7fc1c192d000 rw-p 00000000 00:00 0 
7fc1c192d000-7fc1c1930000 ---p 00000000 00:00 0 
7fc1c1930000-7fc1c1a2e000 rw-p 00000000 00:00 0 
7fc1c1a2e000-7fc1c257f000 r--p 00000000 08:02 6036093                    /usr/lib/locale/locale-archive
7fc1c257f000-7fc1c2582000 ---p 00000000 00:00 0 
7fc1c2582000-7fc1c2680000 rw-p 00000000 00:00 0 
7fc1c2680000-7fc1c2683000 ---p 00000000 00:00 0 
7fc1c2683000-7fc1c2781000 rw-p 00000000 00:00 0 
7fc1c2781000-7fc1c2782000 ---p 00000000 00:00 0 
7fc1c2782000-7fc1c4000000 rw-p 00000000 00:00 0 
7fc1c4000000-7fc1c4021000 rw-p 00000000 00:00 0 
7fc1c4021000-7fc1c8000000 ---p 00000000 00:00 0 
7fc1c8000000-7fc1c8021000 rw-p 00000000 00:00 0 
7fc1c8021000-7fc1cc000000 ---p 00000000 00:00 0 
7fc1cc000000-7fc1cc021000 rw-p 00000000 00:00 0 
7fc1cc021000-7fc1d0000000 ---p 00000000 00:00 0 
7fc1d0000000-7fc1d0002000 r--s 0000a000 08:02 9574414                    /home/pc/.m2/repository/javax/ws/rs/jsr311-api/1.1.1/jsr311-api-1.1.1.jar
7fc1d0002000-7fc1d0004000 r--s 0000f000 08:02 9574378                    /home/pc/.m2/repository/com/netflix/netflix-commons/netflix-eventbus/0.3.0/netflix-eventbus-0.3.0.jar
7fc1d0004000-7fc1d0007000 r--s 00012000 08:02 9574386                    /home/pc/.m2/repository/org/codehaus/jettison/jettison/1.3.7/jettison-1.3.7.jar
7fc1d0007000-7fc1d0049000 rw-p 00000000 00:00 0 
7fc1d0049000-7fc1d0219000 r--s 03c5f000 08:02 6040527                    /usr/lib/jvm/java-8-openjdk-amd64/jre/lib/rt.jar
7fc1d0219000-7fc1d43d6000 rw-p 00000000 00:00 0 
7fc1d43d6000-7fc1d43d7000 ---p 00000000 00:00 0 
7fc1d43d7000-7fc1d44d7000 rw-p 00000000 00:00 0 
7fc1d44d7000-7fc1d44d8000 ---p 00000000 00:00 0 
7fc1d44d8000-7fc1d4602000 rw-p 00000000 00:00 0 
7fc1d4602000-7fc1d4868000 ---p 00000000 00:00 0 
7fc1d4868000-7fc1d4892000 rw-p 00000000 00:00 0 
7fc1d4892000-7fc1d4af7000 ---p 00000000 00:00 0 
7fc1d4af7000-7fc1d4b3e000 rw-p 00000000 00:00 0 
7fc1d4b3e000-7fc1d4c3f000 ---p 00000000 00:00 0 
7fc1d4c3f000-7fc1d4c50000 rw-p 00000000 00:00 0 
7fc1d4c50000-7fc1d5000000 ---p 00000000 00:00 0 
7fc1d5000000-7fc1d53d0000 rwxp 00000000 00:00 0 
7fc1d53d0000-7fc1e4000000 ---p 00000000 00:00 0 
7fc1e4000000-7fc1e4b8f000 rw-p 00000000 00:00 0 
7fc1e4b8f000-7fc1e8000000 ---p 00000000 00:00 0 
7fc1e8000000-7fc1e8001000 r--s 00000000 08:02 9700828                    /home/pc/.m2/repository/javax/inject/javax.inject/1/javax.inject-1.jar
7fc1e8001000-7fc1e8005000 r--s 00015000 08:02 9574380                    /home/pc/.m2/repository/org/springframework/cloud/spring-cloud-netflix-eureka-client/2.1.1.RELEASE/spring-cloud-netflix-eureka-client-2.1.1.RELEASE.jar
7fc1e8005000-7fc1e8018000 r--s 000b0000 08:02 11668636                   /home/pc/.m2/repository/org/bouncycastle/bcpkix-jdk15on/1.60/bcpkix-jdk15on-1.60.jar
7fc1e8018000-7fc1e8039000 rw-p 00000000 00:00 0 
7fc1e8039000-7fc1e803a000 ---p 00000000 00:00 0 
7fc1e803a000-7fc1e813a000 rw-p 00000000 00:00 0 
7fc1e813a000-7fc1e813b000 ---p 00000000 00:00 0 
7fc1e813b000-7fc1e823b000 rw-p 00000000 00:00 0 
7fc1e823b000-7fc1e8243000 r-xp 00000000 08:02 6040490                    /usr/lib/jvm/java-8-openjdk-amd64/jre/lib/amd64/libzip.so
7fc1e8243000-7fc1e8442000 ---p 00008000 08:02 6040490                    /usr/lib/jvm/java-8-openjdk-amd64/jre/lib/amd64/libzip.so
7fc1e8442000-7fc1e8443000 r--p 00007000 08:02 6040490                    /usr/lib/jvm/java-8-openjdk-amd64/jre/lib/amd64/libzip.so
7fc1e8443000-7fc1e8444000 rw-p 00008000 08:02 6040490                    /usr/lib/jvm/java-8-openjdk-amd64/jre/lib/amd64/libzip.so
7fc1e8444000-7fc1e844f000 r-xp 00000000 08:02 4461355                    /lib/x86_64-linux-gnu/libnss_files-2.27.so
7fc1e844f000-7fc1e864e000 ---p 0000b000 08:02 4461355                    /lib/x86_64-linux-gnu/libnss_files-2.27.so
7fc1e864e000-7fc1e864f000 r--p 0000a000 08:02 4461355                    /lib/x86_64-linux-gnu/libnss_files-2.27.so
7fc1e864f000-7fc1e8650000 rw-p 0000b000 08:02 4461355                    /lib/x86_64-linux-gnu/libnss_files-2.27.so
7fc1e8650000-7fc1e8656000 rw-p 00000000 00:00 0 
7fc1e8656000-7fc1e866d000 r-xp 00000000 08:02 4461349                    /lib/x86_64-linux-gnu/libnsl-2.27.so
7fc1e866d000-7fc1e886c000 ---p 00017000 08:02 4461349                    /lib/x86_64-linux-gnu/libnsl-2.27.so
7fc1e886c000-7fc1e886d000 r--p 00016000 08:02 4461349                    /lib/x86_64-linux-gnu/libnsl-2.27.so
7fc1e886d000-7fc1e886e000 rw-p 00017000 08:02 4461349                    /lib/x86_64-linux-gnu/libnsl-2.27.so
7fc1e886e000-7fc1e8870000 rw-p 00000000 00:00 0 
7fc1e8870000-7fc1e887b000 r-xp 00000000 08:02 4461366                    /lib/x86_64-linux-gnu/libnss_nis-2.27.so
7fc1e887b000-7fc1e8a7a000 ---p 0000b000 08:02 4461366                    /lib/x86_64-linux-gnu/libnss_nis-2.27.so
7fc1e8a7a000-7fc1e8a7b000 r--p 0000a000 08:02 4461366                    /lib/x86_64-linux-gnu/libnss_nis-2.27.so
7fc1e8a7b000-7fc1e8a7c000 rw-p 0000b000 08:02 4461366                    /lib/x86_64-linux-gnu/libnss_nis-2.27.so
7fc1e8a7c000-7fc1e8a84000 r-xp 00000000 08:02 4461351                    /lib/x86_64-linux-gnu/libnss_compat-2.27.so
7fc1e8a84000-7fc1e8c84000 ---p 00008000 08:02 4461351                    /lib/x86_64-linux-gnu/libnss_compat-2.27.so
7fc1e8c84000-7fc1e8c85000 r--p 00008000 08:02 4461351                    /lib/x86_64-linux-gnu/libnss_compat-2.27.so
7fc1e8c85000-7fc1e8c86000 rw-p 00009000 08:02 4461351                    /lib/x86_64-linux-gnu/libnss_compat-2.27.so
7fc1e8c86000-7fc1e8cb0000 r-xp 00000000 08:02 6040471                    /usr/lib/jvm/java-8-openjdk-amd64/jre/lib/amd64/libjava.so
7fc1e8cb0000-7fc1e8eaf000 ---p 0002a000 08:02 6040471                    /usr/lib/jvm/java-8-openjdk-amd64/jre/lib/amd64/libjava.so
7fc1e8eaf000-7fc1e8eb0000 r--p 00029000 08:02 6040471                    /usr/lib/jvm/java-8-openjdk-amd64/jre/lib/amd64/libjava.so
7fc1e8eb0000-7fc1e8eb2000 rw-p 0002a000 08:02 6040471                    /usr/lib/jvm/java-8-openjdk-amd64/jre/lib/amd64/libjava.so
7fc1e8eb2000-7fc1e8ec2000 r-xp 00000000 08:02 6040489                    /usr/lib/jvm/java-8-openjdk-amd64/jre/lib/amd64/libverify.so
7fc1e8ec2000-7fc1e90c1000 ---p 00010000 08:02 6040489                    /usr/lib/jvm/java-8-openjdk-amd64/jre/lib/amd64/libverify.so
7fc1e90c1000-7fc1e90c3000 r--p 0000f000 08:02 6040489                    /usr/lib/jvm/java-8-openjdk-amd64/jre/lib/amd64/libverify.so
7fc1e90c3000-7fc1e90c4000 rw-p 00011000 08:02 6040489                    /usr/lib/jvm/java-8-openjdk-amd64/jre/lib/amd64/libverify.so
7fc1e90c4000-7fc1e90cb000 r-xp 00000000 08:02 4461406                    /lib/x86_64-linux-gnu/librt-2.27.so
7fc1e90cb000-7fc1e92ca000 ---p 00007000 08:02 4461406                    /lib/x86_64-linux-gnu/librt-2.27.so
7fc1e92ca000-7fc1e92cb000 r--p 00006000 08:02 4461406                    /lib/x86_64-linux-gnu/librt-2.27.so
7fc1e92cb000-7fc1e92cc000 rw-p 00007000 08:02 4461406                    /lib/x86_64-linux-gnu/librt-2.27.so
7fc1e92cc000-7fc1e92e3000 r-xp 00000000 08:02 4457588                    /lib/x86_64-linux-gnu/libgcc_s.so.1
7fc1e92e3000-7fc1e94e2000 ---p 00017000 08:02 4457588                    /lib/x86_64-linux-gnu/libgcc_s.so.1
7fc1e94e2000-7fc1e94e3000 r--p 00016000 08:02 4457588                    /lib/x86_64-linux-gnu/libgcc_s.so.1
7fc1e94e3000-7fc1e94e4000 rw-p 00017000 08:02 4457588                    /lib/x86_64-linux-gnu/libgcc_s.so.1
7fc1e94e4000-7fc1e9681000 r-xp 00000000 08:02 4461328                    /lib/x86_64-linux-gnu/libm-2.27.so
7fc1e9681000-7fc1e9880000 ---p 0019d000 08:02 4461328                    /lib/x86_64-linux-gnu/libm-2.27.so
7fc1e9880000-7fc1e9881000 r--p 0019c000 08:02 4461328                    /lib/x86_64-linux-gnu/libm-2.27.so
7fc1e9881000-7fc1e9882000 rw-p 0019d000 08:02 4461328                    /lib/x86_64-linux-gnu/libm-2.27.so
7fc1e9882000-7fc1e99fb000 r-xp 00000000 08:02 6038690                    /usr/lib/x86_64-linux-gnu/libstdc++.so.6.0.25
7fc1e99fb000-7fc1e9bfb000 ---p 00179000 08:02 6038690                    /usr/lib/x86_64-linux-gnu/libstdc++.so.6.0.25
7fc1e9bfb000-7fc1e9c05000 r--p 00179000 08:02 6038690                    /usr/lib/x86_64-linux-gnu/libstdc++.so.6.0.25
7fc1e9c05000-7fc1e9c07000 rw-p 00183000 08:02 6038690                    /usr/lib/x86_64-linux-gnu/libstdc++.so.6.0.25
7fc1e9c07000-7fc1e9c0b000 rw-p 00000000 00:00 0 
7fc1e9c0b000-7fc1ea8ad000 r-xp 00000000 08:02 6040492                    /usr/lib/jvm/java-8-openjdk-amd64/jre/lib/amd64/server/libjvm.so
7fc1ea8ad000-7fc1eaaac000 ---p 00ca2000 08:02 6040492                    /usr/lib/jvm/java-8-openjdk-amd64/jre/lib/amd64/server/libjvm.so
7fc1eaaac000-7fc1eab40000 r--p 00ca1000 08:02 6040492                    /usr/lib/jvm/java-8-openjdk-amd64/jre/lib/amd64/server/libjvm.so
7fc1eab40000-7fc1eab69000 rw-p 00d35000 08:02 6040492                    /usr/lib/jvm/java-8-openjdk-amd64/jre/lib/amd64/server/libjvm.so
7fc1eab69000-7fc1eab99000 rw-p 00000000 00:00 0 
7fc1eab99000-7fc1eabb3000 r-xp 00000000 08:02 4461398                    /lib/x86_64-linux-gnu/libpthread-2.27.so
7fc1eabb3000-7fc1eadb2000 ---p 0001a000 08:02 4461398                    /lib/x86_64-linux-gnu/libpthread-2.27.so
7fc1eadb2000-7fc1eadb3000 r--p 00019000 08:02 4461398                    /lib/x86_64-linux-gnu/libpthread-2.27.so
7fc1eadb3000-7fc1eadb4000 rw-p 0001a000 08:02 4461398                    /lib/x86_64-linux-gnu/libpthread-2.27.so
7fc1eadb4000-7fc1eadb8000 rw-p 00000000 00:00 0 
7fc1eadb8000-7fc1eadbb000 r-xp 00000000 08:02 4461288                    /lib/x86_64-linux-gnu/libdl-2.27.so
7fc1eadbb000-7fc1eafba000 ---p 00003000 08:02 4461288                    /lib/x86_64-linux-gnu/libdl-2.27.so
7fc1eafba000-7fc1eafbb000 r--p 00002000 08:02 4461288                    /lib/x86_64-linux-gnu/libdl-2.27.so
7fc1eafbb000-7fc1eafbc000 rw-p 00003000 08:02 4461288                    /lib/x86_64-linux-gnu/libdl-2.27.so
7fc1eafbc000-7fc1eafd8000 r-xp 00000000 08:02 4461437                    /lib/x86_64-linux-gnu/libz.so.1.2.11
7fc1eafd8000-7fc1eb1d7000 ---p 0001c000 08:02 4461437                    /lib/x86_64-linux-gnu/libz.so.1.2.11
7fc1eb1d7000-7fc1eb1d8000 r--p 0001b000 08:02 4461437                    /lib/x86_64-linux-gnu/libz.so.1.2.11
7fc1eb1d8000-7fc1eb1d9000 rw-p 0001c000 08:02 4461437                    /lib/x86_64-linux-gnu/libz.so.1.2.11
7fc1eb1d9000-7fc1eb3c0000 r-xp 00000000 08:02 4461265                    /lib/x86_64-linux-gnu/libc-2.27.so
7fc1eb3c0000-7fc1eb5c0000 ---p 001e7000 08:02 4461265                    /lib/x86_64-linux-gnu/libc-2.27.so
7fc1eb5c0000-7fc1eb5c4000 r--p 001e7000 08:02 4461265                    /lib/x86_64-linux-gnu/libc-2.27.so
7fc1eb5c4000-7fc1eb5c6000 rw-p 001eb000 08:02 4461265                    /lib/x86_64-linux-gnu/libc-2.27.so
7fc1eb5c6000-7fc1eb5ca000 rw-p 00000000 00:00 0 
7fc1eb5ca000-7fc1eb5d8000 r-xp 00000000 08:02 6040457                    /usr/lib/jvm/java-8-openjdk-amd64/jre/lib/amd64/jli/libjli.so
7fc1eb5d8000-7fc1eb7d7000 ---p 0000e000 08:02 6040457                    /usr/lib/jvm/java-8-openjdk-amd64/jre/lib/amd64/jli/libjli.so
7fc1eb7d7000-7fc1eb7d8000 r--p 0000d000 08:02 6040457                    /usr/lib/jvm/java-8-openjdk-amd64/jre/lib/amd64/jli/libjli.so
7fc1eb7d8000-7fc1eb7d9000 rw-p 0000e000 08:02 6040457                    /usr/lib/jvm/java-8-openjdk-amd64/jre/lib/amd64/jli/libjli.so
7fc1eb7d9000-7fc1eb800000 r-xp 00000000 08:02 4461237                    /lib/x86_64-linux-gnu/ld-2.27.so
7fc1eb800000-7fc1eb802000 r--s 00005000 08:02 9574381                    /home/pc/.m2/repository/stax/stax-api/1.0.1/stax-api-1.0.1.jar
7fc1eb802000-7fc1eb805000 r--s 00005000 08:02 9574447                    /home/pc/.m2/repository/org/springframework/cloud/spring-cloud-netflix-hystrix/2.1.1.RELEASE/spring-cloud-netflix-hystrix-2.1.1.RELEASE.jar
7fc1eb805000-7fc1eb806000 r--s 00004000 08:02 9574371                    /home/pc/.m2/repository/org/springframework/security/spring-security-rsa/1.0.7.RELEASE/spring-security-rsa-1.0.7.RELEASE.jar
7fc1eb806000-7fc1eb809000 r--s 00019000 08:02 9574374                    /home/pc/.m2/repository/org/springframework/cloud/spring-cloud-context/2.1.1.RELEASE/spring-cloud-context-2.1.1.RELEASE.jar
7fc1eb809000-7fc1eb80a000 r--s 00000000 08:02 9574412                    /home/pc/.m2/repository/org/springframework/cloud/spring-cloud-starter/2.1.1.RELEASE/spring-cloud-starter-2.1.1.RELEASE.jar
7fc1eb80a000-7fc1eb80b000 r--s 00000000 08:02 9574366                    /home/pc/.m2/repository/org/springframework/cloud/spring-cloud-starter-netflix-eureka-client/2.1.1.RELEASE/spring-cloud-starter-netflix-eureka-client-2.1.1.RELEASE.jar
7fc1eb80b000-7fc1eb80c000 r--s 0000a000 08:02 6040504                    /usr/lib/jvm/java-8-openjdk-amd64/jre/lib/ext/jaccess.jar
7fc1eb80c000-7fc1eb810000 r--s 0003a000 08:02 6040509                    /usr/lib/jvm/java-8-openjdk-amd64/jre/lib/ext/sunpkcs11.jar
7fc1eb810000-7fc1eb8db000 rw-p 00000000 00:00 0 
7fc1eb8db000-7fc1eb8dc000 ---p 00000000 00:00 0 
7fc1eb8dc000-7fc1eb8df000 ---p 00000000 00:00 0 
7fc1eb8df000-7fc1eb9de000 rw-p 00000000 00:00 0 
7fc1eb9de000-7fc1eb9e0000 r--s 00001000 08:02 6040502                    /usr/lib/jvm/java-8-openjdk-amd64/jre/lib/ext/dnsns.jar
7fc1eb9e0000-7fc1eb9e5000 r--s 0003d000 08:02 6040508                    /usr/lib/jvm/java-8-openjdk-amd64/jre/lib/ext/sunjce_provider.jar
7fc1eb9e5000-7fc1eb9e6000 r--s 00010000 08:02 6040510                    /usr/lib/jvm/java-8-openjdk-amd64/jre/lib/ext/zipfs.jar
7fc1eb9e6000-7fc1eb9e9000 r--s 0000f000 08:02 6040503                    /usr/lib/jvm/java-8-openjdk-amd64/jre/lib/ext/icedtea-sound.jar
7fc1eb9e9000-7fc1eb9f3000 r--s 00116000 08:02 6040505                    /usr/lib/jvm/java-8-openjdk-amd64/jre/lib/ext/localedata.jar
7fc1eb9f3000-7fc1eb9f4000 r--s 0000d000 08:02 6040507                    /usr/lib/jvm/java-8-openjdk-amd64/jre/lib/ext/sunec.jar
7fc1eb9f4000-7fc1eb9fc000 rw-s 00000000 08:02 9834707                    /tmp/hsperfdata_pc/9490
7fc1eb9fc000-7fc1eb9fd000 rw-p 00000000 00:00 0 
7fc1eb9fd000-7fc1eb9fe000 ---p 00000000 00:00 0 
7fc1eb9fe000-7fc1eba00000 rw-p 00000000 00:00 0 
7fc1eba00000-7fc1eba01000 r--p 00027000 08:02 4461237                    /lib/x86_64-linux-gnu/ld-2.27.so
7fc1eba01000-7fc1eba02000 rw-p 00028000 08:02 4461237                    /lib/x86_64-linux-gnu/ld-2.27.so
7fc1eba02000-7fc1eba03000 rw-p 00000000 00:00 0 
7ffc9b8d1000-7ffc9b8f6000 rw-p 00000000 00:00 0                          [stack]
7ffc9b945000-7ffc9b948000 r--p 00000000 00:00 0                          [vvar]
7ffc9b948000-7ffc9b949000 r-xp 00000000 00:00 0                          [vdso]
ffffffffff600000-ffffffffff601000 r-xp 00000000 00:00 0                  [vsyscall]

VM Arguments:
jvm_args: -Xverify:none -XX:TieredStopAtLevel=1 
java_command: rs.ac.uns.ftn.authentication_service.AuthenticationServiceApplication
java_class_path (initial): /home/pc/Documents/FAKS/SEP/Projekat/SEP/AuthenticationService/target/classes:/home/pc/.m2/repository/org/springframework/cloud/spring-cloud-starter-netflix-eureka-client/2.1.1.RELEASE/spring-cloud-starter-netflix-eureka-client-2.1.1.RELEASE.jar:/home/pc/.m2/repository/org/springframework/cloud/spring-cloud-starter/2.1.1.RELEASE/spring-cloud-starter-2.1.1.RELEASE.jar:/home/pc/.m2/repository/org/springframework/cloud/spring-cloud-context/2.1.1.RELEASE/spring-cloud-context-2.1.1.RELEASE.jar:/home/pc/.m2/repository/org/springframework/security/spring-security-rsa/1.0.7.RELEASE/spring-security-rsa-1.0.7.RELEASE.jar:/home/pc/.m2/repository/org/bouncycastle/bcpkix-jdk15on/1.60/bcpkix-jdk15on-1.60.jar:/home/pc/.m2/repository/org/bouncycastle/bcprov-jdk15on/1.60/bcprov-jdk15on-1.60.jar:/home/pc/.m2/repository/org/springframework/cloud/spring-cloud-netflix-hystrix/2.1.1.RELEASE/spring-cloud-netflix-hystrix-2.1.1.RELEASE.jar:/home/pc/.m2/repository/org/springframework/boot/spring-boot-autoconfigure/2.2.1.RELEASE/spring-boot-autoconfigure-2.2.1.RELEASE.jar:/home/pc/.m2/repository/org/springframework/cloud/spring-cloud-netflix-eureka-client/2.1.1.RELEASE/spring-cloud-netflix-eureka-client-2.1.1.RELEASE.jar:/home/pc/.m2/repository/com/netflix/eureka/eureka-client/1.9.8/eureka-client-1.9.8.jar:/home/pc/.m2/repository/org/codehaus/jettison/jettison/1.3.7/jettison-1.3.7.jar:/home/pc/.m2/repository/stax/stax-api/1.0.1/stax-api-1.0.1.jar:/home/pc/.m2/repository/com/netflix/netflix-commons/netflix-eventbus/0.3.0/netflix-eventbus-0.3.0.jar:/home/pc/.m2/repository/com/netflix/netflix-commons/netflix-infix/0.3.0/netflix-infix-0.3.0.jar:/home/pc/.m2/repository/commons-jxpath/commons-jxpath/1.3/commons-jxpath-1.3.jar:/home/pc/.m2/repository/joda-time/joda-time/2.10.5/joda-time-2.10.5.jar:/home/pc/.m2/repository/org/antlr/antlr-runtime/3.4/antlr-runtime-3.4.jar:/home/pc/.m2/repository/org/antlr/stringtemplate/3.2.1/stringtemplate-3.2.1.jar:/home/pc/.m2/repositor
Launcher Type: SUN_STANDARD

Environment Variables:
JAVA_HOME=/usr/lib/jvm/java-1.8.0-openjdk-amd64
PATH=/home/pc/.local/bin:/home/pc/.local/bin:/usr/local/sbin:/usr/local/bin:/usr/sbin:/usr/bin:/sbin:/bin:/usr/games:/usr/local/games:/snap/bin/opt/jdk-13/bin:/usr/lib/jvm/java-1.8.0-openjdk-amd64/bin:/usr/lib/jvm/java-1.8.0-openjdk-amd64/db/bin:/usr/local/go/bin:/opt/node-v13.5.0-linux-x64/bin
USERNAME=pc
SHELL=/bin/bash
DISPLAY=:0

Signal Handlers:
SIGSEGV: [libjvm.so+0xabafd0], sa_mask[0]=11111111011111111101111111111110, sa_flags=SA_RESTART|SA_SIGINFO
SIGBUS: [libjvm.so+0xabafd0], sa_mask[0]=11111111011111111101111111111110, sa_flags=SA_RESTART|SA_SIGINFO
SIGFPE: [libjvm.so+0x8f05b0], sa_mask[0]=11111111011111111101111111111110, sa_flags=SA_RESTART|SA_SIGINFO
SIGPIPE: [libjvm.so+0x8f05b0], sa_mask[0]=11111111011111111101111111111110, sa_flags=SA_RESTART|SA_SIGINFO
SIGXFSZ: [libjvm.so+0x8f05b0], sa_mask[0]=11111111011111111101111111111110, sa_flags=SA_RESTART|SA_SIGINFO
SIGILL: [libjvm.so+0x8f05b0], sa_mask[0]=11111111011111111101111111111110, sa_flags=SA_RESTART|SA_SIGINFO
SIGUSR1: SIG_DFL, sa_mask[0]=00000000000000000000000000000000, sa_flags=none
SIGUSR2: [libjvm.so+0x8f0460], sa_mask[0]=00100000000000000000000000000000, sa_flags=SA_RESTART|SA_SIGINFO
SIGHUP: [libjvm.so+0x8f0ad0], sa_mask[0]=11111111011111111101111111111110, sa_flags=SA_RESTART|SA_SIGINFO
SIGINT: [libjvm.so+0x8f0ad0], sa_mask[0]=11111111011111111101111111111110, sa_flags=SA_RESTART|SA_SIGINFO
SIGTERM: [libjvm.so+0x8f0ad0], sa_mask[0]=11111111011111111101111111111110, sa_flags=SA_RESTART|SA_SIGINFO
SIGQUIT: [libjvm.so+0x8f0ad0], sa_mask[0]=11111111011111111101111111111110, sa_flags=SA_RESTART|SA_SIGINFO


---------------  S Y S T E M  ---------------

OS:DISTRIB_ID=Ubuntu
DISTRIB_RELEASE=18.04
DISTRIB_CODENAME=bionic
DISTRIB_DESCRIPTION="Ubuntu 18.04.2 LTS"

uname:Linux 5.0.0-37-generic #40~18.04.1-Ubuntu SMP Thu Nov 14 12:06:39 UTC 2019 x86_64
libc:glibc 2.27 NPTL 2.27 
rlimit: STACK 8192k, CORE 0k, NPROC 31255, NOFILE 4096, AS infinity
load average:7,34 4,22 3,81

/proc/meminfo:
MemTotal:        8049732 kB
MemFree:          108128 kB
MemAvailable:      45852 kB
Buffers:            2472 kB
Cached:           343844 kB
SwapCached:         3412 kB
Active:          6581272 kB
Inactive:         865852 kB
Active(anon):    6560952 kB
Inactive(anon):   843900 kB
Active(file):      20320 kB
Inactive(file):    21952 kB
Unevictable:        5432 kB
Mlocked:              48 kB
SwapTotal:       2097148 kB
SwapFree:              0 kB
Dirty:               128 kB
Writeback:            72 kB
AnonPages:       7103548 kB
Mapped:           126236 kB
Shmem:            303644 kB
KReclaimable:     106960 kB
Slab:             227120 kB
SReclaimable:     106960 kB
SUnreclaim:       120160 kB
KernelStack:       25120 kB
PageTables:       117100 kB
NFS_Unstable:          0 kB
Bounce:                0 kB
WritebackTmp:          0 kB
CommitLimit:     6122012 kB
Committed_AS:   20964848 kB
VmallocTotal:   34359738367 kB
VmallocUsed:           0 kB
VmallocChunk:          0 kB
Percpu:             2320 kB
HardwareCorrupted:     0 kB
AnonHugePages:         0 kB
ShmemHugePages:        0 kB
ShmemPmdMapped:        0 kB
CmaTotal:              0 kB
CmaFree:               0 kB
HugePages_Total:       0
HugePages_Free:        0
HugePages_Rsvd:        0
HugePages_Surp:        0
Hugepagesize:       2048 kB
Hugetlb:               0 kB
DirectMap4k:      326668 kB
DirectMap2M:     7946240 kB

container (cgroup) information:
container_type: cgroupv1
cpu_cpuset_cpus: 0-3
cpu_memory_nodes: 0
active_processor_count: 4
cpu_quota: -1
cpu_period: 100000
cpu_shares: -1
memory_limit_in_bytes: -1
memory_and_swap_limit_in_bytes: -2
memory_soft_limit_in_bytes: -1
memory_usage_in_bytes: 7842091008
memory_max_usage_in_bytes: 7852199936


CPU:total 4 (initial active 4) (4 cores per cpu, 1 threads per core) family 6 model 55 stepping 3, cmov, cx8, fxsr, mmx, sse, sse2, sse3, ssse3, sse4.1, sse4.2, popcnt, clmul, erms, 3dnowpref, tsc, tscinvbit

/proc/cpuinfo:
processor	: 0
vendor_id	: GenuineIntel
cpu family	: 6
model		: 55
model name	: Intel(R) Celeron(R) CPU  N2920  @ 1.86GHz
stepping	: 3
microcode	: 0x320
cpu MHz		: 1999.500
cache size	: 1024 KB
physical id	: 0
siblings	: 4
core id		: 0
cpu cores	: 4
apicid		: 0
initial apicid	: 0
fpu		: yes
fpu_exception	: yes
cpuid level	: 11
wp		: yes
flags		: fpu vme de pse tsc msr pae mce cx8 apic sep mtrr pge mca cmov pat pse36 clflush dts acpi mmx fxsr sse sse2 ss ht tm pbe syscall nx rdtscp lm constant_tsc arch_perfmon pebs bts rep_good nopl xtopology tsc_reliable nonstop_tsc cpuid aperfmperf tsc_known_freq pni pclmulqdq dtes64 monitor ds_cpl vmx est tm2 ssse3 cx16 xtpr pdcm sse4_1 sse4_2 movbe popcnt tsc_deadline_timer rdrand lahf_lm 3dnowprefetch epb pti tpr_shadow vnmi flexpriority ept vpid tsc_adjust smep erms dtherm ida arat
bugs		: cpu_meltdown spectre_v1 spectre_v2 mds msbds_only
bogomips	: 3732.40
clflush size	: 64
cache_alignment	: 64
address sizes	: 36 bits physical, 48 bits virtual
power management:

processor	: 1
vendor_id	: GenuineIntel
cpu family	: 6
model		: 55
model name	: Intel(R) Celeron(R) CPU  N2920  @ 1.86GHz
stepping	: 3
microcode	: 0x320
cpu MHz		: 1999.500
cache size	: 1024 KB
physical id	: 0
siblings	: 4
core id		: 1
cpu cores	: 4
apicid		: 2
initial apicid	: 2
fpu		: yes
fpu_exception	: yes
cpuid level	: 11
wp		: yes
flags		: fpu vme de pse tsc msr pae mce cx8 apic sep mtrr pge mca cmov pat pse36 clflush dts acpi mmx fxsr sse sse2 ss ht tm pbe syscall nx rdtscp lm constant_tsc arch_perfmon pebs bts rep_good nopl xtopology tsc_reliable nonstop_tsc cpuid aperfmperf tsc_known_freq pni pclmulqdq dtes64 monitor ds_cpl vmx est tm2 ssse3 cx16 xtpr pdcm sse4_1 sse4_2 movbe popcnt tsc_deadline_timer rdrand lahf_lm 3dnowprefetch epb pti tpr_shadow vnmi flexpriority ept vpid tsc_adjust smep erms dtherm ida arat
bugs		: cpu_meltdown spectre_v1 spectre_v2 mds msbds_only
bogomips	: 3732.40
clflush size	: 64
cache_alignment	: 64
address sizes	: 36 bits physical, 48 bits virtual
power management:

processor	: 2
vendor_id	: GenuineIntel
cpu family	: 6
model		: 55
model name	: Intel(R) Celeron(R) CPU  N2920  @ 1.86GHz
stepping	: 3
microcode	: 0x320
cpu MHz		: 1999.505
cache size	: 1024 KB
physical id	: 0
siblings	: 4
core id		: 2
cpu cores	: 4
apicid		: 4
initial apicid	: 4
fpu		: yes
fpu_exception	: yes
cpuid level	: 11
wp		: yes
flags		: fpu vme de pse tsc msr pae mce cx8 apic sep mtrr pge mca cmov pat pse36 clflush dts acpi mmx fxsr sse sse2 ss ht tm pbe syscall nx rdtscp lm constant_tsc arch_perfmon pebs bts rep_good nopl xtopology tsc_reliable nonstop_tsc cpuid aperfmperf tsc_known_freq pni pclmulqdq dtes64 monitor ds_cpl vmx est tm2 ssse3 cx16 xtpr pdcm sse4_1 sse4_2 movbe popcnt tsc_deadline_timer rdrand lahf_lm 3dnowprefetch epb pti tpr_shadow vnmi flexpriority ept vpid tsc_adjust smep erms dtherm ida arat
bugs		: cpu_meltdown spectre_v1 spectre_v2 mds msbds_only
bogomips	: 3732.40
clflush size	: 64
cache_alignment	: 64
address sizes	: 36 bits physical, 48 bits virtual
power management:

processor	: 3
vendor_id	: GenuineIntel
cpu family	: 6
model		: 55
model name	: Intel(R) Celeron(R) CPU  N2920  @ 1.86GHz
stepping	: 3
microcode	: 0x320
cpu MHz		: 1999.500
cache size	: 1024 KB
physical id	: 0
siblings	: 4
core id		: 3
cpu cores	: 4
apicid		: 6
initial apicid	: 6
fpu		: yes
fpu_exception	: yes
cpuid level	: 11
wp		: yes
flags		: fpu vme de pse tsc msr pae mce cx8 apic sep mtrr pge mca cmov pat pse36 clflush dts acpi mmx fxsr sse sse2 ss ht tm pbe syscall nx rdtscp lm constant_tsc arch_perfmon pebs bts rep_good nopl xtopology tsc_reliable nonstop_tsc cpuid aperfmperf tsc_known_freq pni pclmulqdq dtes64 monitor ds_cpl vmx est tm2 ssse3 cx16 xtpr pdcm sse4_1 sse4_2 movbe popcnt tsc_deadline_timer rdrand lahf_lm 3dnowprefetch epb pti tpr_shadow vnmi flexpriority ept vpid tsc_adjust smep erms dtherm ida arat
bugs		: cpu_meltdown spectre_v1 spectre_v2 mds msbds_only
bogomips	: 3732.40
clflush size	: 64
cache_alignment	: 64
address sizes	: 36 bits physical, 48 bits virtual
power management:



Memory: 4k page, physical 8049732k(110144k free), swap 2097148k(0k free)

vm_info: OpenJDK 64-Bit Server VM (25.232-b09) for linux-amd64 JRE (1.8.0_232-8u232-b09-0ubuntu1~18.04.1-b09), built on Oct 16 2019 20:38:15 by "buildd" with gcc 7.4.0

time: Fri Dec 27 01:12:22 2019
timezone: CET
elapsed time: 22 seconds (0d 0h 0m 22s)

