#
# There is insufficient memory for the Java Runtime Environment to continue.
# Native memory allocation (malloc) failed to allocate 1048576 bytes for AllocateHeap
# Possible reasons:
#   The system is out of physical RAM or swap space
#   The process is running with CompressedOops enabled, and the Java Heap may be blocking the growth of the native heap
# Possible solutions:
#   Reduce memory load on the system
#   Increase physical memory or swap space
#   Check if swap backing store is full
#   Decrease Java heap size (-Xmx/-Xms)
#   Decrease number of Java threads
#   Decrease Java thread stack sizes (-Xss)
#   Set larger code cache with -XX:ReservedCodeCacheSize=
#   JVM is running with Zero Based Compressed Oops mode in which the Java heap is
#     placed in the first 32GB address space. The Java Heap base address is the
#     maximum limit for the native heap growth. Please use -XX:HeapBaseMinAddress
#     to set the Java Heap base and to place the Java Heap above 32GB virtual address.
# This output file may be truncated or incomplete.
#
#  Out of Memory Error (memory/allocation.inline.hpp:61), pid=21640, tid=0x0000000000004808
#
# JRE version:  (8.0_231-b11) (build )
# Java VM: Java HotSpot(TM) 64-Bit Server VM (25.231-b11 mixed mode windows-amd64 compressed oops)
# Failed to write core dump. Minidumps are not enabled by default on client versions of Windows
#

---------------  T H R E A D  ---------------

Current thread (0x0000000003129000):  JavaThread "Unknown thread" [_thread_in_vm, id=18440, stack(0x0000000003020000,0x0000000003120000)]

Stack: [0x0000000003020000,0x0000000003120000]
[error occurred during error reporting (printing stack bounds), id 0xc0000005]

Native frames: (J=compiled Java code, j=interpreted, Vv=VM code, C=native code)


---------------  P R O C E S S  ---------------

Java Threads: ( => current thread )

Other Threads:

=>0x0000000003129000 (exited) JavaThread "Unknown thread" [_thread_in_vm, id=18440, stack(0x0000000003020000,0x0000000003120000)]

VM state:not at safepoint (normal execution)

VM Mutex/Monitor currently owned by a thread: None

heap address: 0x00000006c1e00000, size: 4066 MB, Compressed Oops mode: Zero based, Oop shift amount: 3
Narrow klass base: 0x0000000000000000, Narrow klass shift: 3
Compressed class space size: 1073741824 Address: 0x00000007c0000000

Heap:
 PSYoungGen      total 76288K, used 1310K [0x000000076b500000, 0x0000000770a00000, 0x00000007c0000000)
  eden space 65536K, 2% used [0x000000076b500000,0x000000076b647af0,0x000000076f500000)
  from space 10752K, 0% used [0x000000076ff80000,0x000000076ff80000,0x0000000770a00000)
  to   space 10752K, 0% used [0x000000076f500000,0x000000076f500000,0x000000076ff80000)
 ParOldGen       total 175104K, used 0K [0x00000006c1e00000, 0x00000006cc900000, 0x000000076b500000)
  object space 175104K, 0% used [0x00000006c1e00000,0x00000006c1e00000,0x00000006cc900000)
 Metaspace       used 752K, capacity 4480K, committed 4480K, reserved 1056768K
  class space    used 76K, capacity 384K, committed 384K, reserved 1048576K

Card table byte_map: [0x00000000125e0000,0x0000000012de0000] byte_map_base: 0x000000000efd1000

Marking Bits: (ParMarkBitMap*) 0x000000005e916d90
 Begin Bits: [0x0000000013d30000, 0x0000000017cb8000)
 End Bits:   [0x0000000017cb8000, 0x000000001bc40000)

Polling page: 0x0000000000dd0000

CodeCache: size=245760Kb used=328Kb max_used=328Kb free=245431Kb
 bounds [0x0000000003220000, 0x0000000003490000, 0x0000000012220000]
 total_blobs=58 nmethods=0 adapters=38
 compilation: enabled

Compilation events (0 events):
No events

GC Heap History (0 events):
No events

Deoptimization events (0 events):
No events

Classes redefined (0 events):
No events

Internal exceptions (0 events):
No events

Events (10 events):
Event: 0.034 loading class java/lang/Short
Event: 0.034 loading class java/lang/Short done
Event: 0.034 loading class java/lang/Integer
Event: 0.034 loading class java/lang/Integer done
Event: 0.034 loading class java/lang/Long
Event: 0.035 loading class java/lang/Long done
Event: 0.035 loading class java/lang/NullPointerException
Event: 0.035 loading class java/lang/NullPointerException done
Event: 0.035 loading class java/lang/ArithmeticException
Event: 0.036 loading class java/lang/ArithmeticException done


Dynamic libraries:
0x00007ff6b9ce0000 - 0x00007ff6b9d17000 	C:\Program Files\Java\jre1.8.0_231\bin\javaw.exe
0x00007ffc52ec0000 - 0x00007ffc530b0000 	C:\WINDOWS\SYSTEM32\ntdll.dll
0x00007ffc51af0000 - 0x00007ffc51ba2000 	C:\WINDOWS\System32\KERNEL32.DLL
0x00007ffc50750000 - 0x00007ffc509f3000 	C:\WINDOWS\System32\KERNELBASE.dll
0x00007ffc52da0000 - 0x00007ffc52e43000 	C:\WINDOWS\System32\ADVAPI32.dll
0x00007ffc51d30000 - 0x00007ffc51dce000 	C:\WINDOWS\System32\msvcrt.dll
0x00007ffc51dd0000 - 0x00007ffc51e67000 	C:\WINDOWS\System32\sechost.dll
0x00007ffc50f70000 - 0x00007ffc51090000 	C:\WINDOWS\System32\RPCRT4.dll
0x00007ffc510a0000 - 0x00007ffc51234000 	C:\WINDOWS\System32\USER32.dll
0x00007ffc4fe70000 - 0x00007ffc4fe91000 	C:\WINDOWS\System32\win32u.dll
0x00007ffc51fa0000 - 0x00007ffc51fc6000 	C:\WINDOWS\System32\GDI32.dll
0x00007ffc50a00000 - 0x00007ffc50b94000 	C:\WINDOWS\System32\gdi32full.dll
0x00007ffc50e20000 - 0x00007ffc50ebe000 	C:\WINDOWS\System32\msvcp_win.dll
0x00007ffc50650000 - 0x00007ffc5074a000 	C:\WINDOWS\System32\ucrtbase.dll
0x00007ffc3abf0000 - 0x00007ffc3ae75000 	C:\WINDOWS\WinSxS\amd64_microsoft.windows.common-controls_6595b64144ccf1df_6.0.18362.535_none_e6c3b34713100821\COMCTL32.dll
0x00007ffc52a60000 - 0x00007ffc52d96000 	C:\WINDOWS\System32\combase.dll
0x00007ffc50da0000 - 0x00007ffc50e20000 	C:\WINDOWS\System32\bcryptPrimitives.dll
0x00007ffc52e50000 - 0x00007ffc52e7e000 	C:\WINDOWS\System32\IMM32.DLL
0x000000005ea90000 - 0x000000005eb62000 	C:\Program Files\Java\jre1.8.0_231\bin\msvcr100.dll
0x000000005e0f0000 - 0x000000005e996000 	C:\Program Files\Java\jre1.8.0_231\bin\server\jvm.dll
0x00007ffc51090000 - 0x00007ffc51098000 	C:\WINDOWS\System32\PSAPI.DLL
0x00007ffc2c6f0000 - 0x00007ffc2c6f9000 	C:\WINDOWS\SYSTEM32\WSOCK32.dll
0x00007ffc48c90000 - 0x00007ffc48c9a000 	C:\WINDOWS\SYSTEM32\VERSION.dll
0x00007ffc4bc70000 - 0x00007ffc4bc94000 	C:\WINDOWS\SYSTEM32\WINMM.dll
0x00007ffc51c10000 - 0x00007ffc51c7f000 	C:\WINDOWS\System32\WS2_32.dll
0x00007ffc4bc40000 - 0x00007ffc4bc6d000 	C:\WINDOWS\SYSTEM32\WINMMBASE.dll
0x00007ffc50d50000 - 0x00007ffc50d9a000 	C:\WINDOWS\System32\cfgmgr32.dll
0x00007ffc4be80000 - 0x00007ffc4be8f000 	C:\Program Files\Java\jre1.8.0_231\bin\verify.dll
0x00007ffc2ce10000 - 0x00007ffc2ce39000 	C:\Program Files\Java\jre1.8.0_231\bin\java.dll
0x00007ffc2db90000 - 0x00007ffc2dba6000 	C:\Program Files\Java\jre1.8.0_231\bin\zip.dll

VM Arguments:
jvm_args: -Dcom.sun.management.jmxremote -Dcom.sun.management.jmxremote.port=60119 -Dcom.sun.management.jmxremote.authenticate=false -Dcom.sun.management.jmxremote.ssl=false -Djava.rmi.server.hostname=localhost -Dspring.jmx.enabled=true -Dspring.application.admin.enabled=true -Xverify:none -XX:TieredStopAtLevel=1 -Dspring.boot.project.name=EurekaDiscovery -Dfile.encoding=UTF-8 
java_command: rs.ac.uns.ftn.eureka.EurekaDiscoveryApplication --spring.output.ansi.enabled=always
java_class_path (initial): C:\Users\Dejan\Desktop\Master\Sistemi elektronskog placanja (SEP)\Projekat\SEP\EurekaDiscovery\target\classes;C:\Users\Dejan\Desktop\sts-4.4.1.RELEASE\plugins\org.junit.jupiter.api_5.5.1.v20190826-0900.jar;C:\Users\Dejan\Desktop\sts-4.4.1.RELEASE\plugins\org.junit.jupiter.engine_5.5.1.v20190826-0900.jar;C:\Users\Dejan\Desktop\sts-4.4.1.RELEASE\plugins\org.junit.jupiter.migrationsupport_5.5.1.v20190826-0900.jar;C:\Users\Dejan\Desktop\sts-4.4.1.RELEASE\plugins\org.junit.jupiter.params_5.5.1.v20190826-0900.jar;C:\Users\Dejan\Desktop\sts-4.4.1.RELEASE\plugins\org.junit.platform.commons_1.5.1.v20190826-0900.jar;C:\Users\Dejan\Desktop\sts-4.4.1.RELEASE\plugins\org.junit.platform.engine_1.5.1.v20190826-0900.jar;C:\Users\Dejan\Desktop\sts-4.4.1.RELEASE\plugins\org.junit.platform.launcher_1.5.1.v20190826-0900.jar;C:\Users\Dejan\Desktop\sts-4.4.1.RELEASE\plugins\org.junit.platform.runner_1.5.1.v20190826-0900.jar;C:\Users\Dejan\Desktop\sts-4.4.1.RELEASE\plugins\org.junit.platform.suite.api_1.5.1.v20190826-0900.jar;C:\Users\Dejan\Desktop\sts-4.4.1.RELEASE\plugins\org.junit.vintage.engine_5.5.1.v20190826-0900.jar;C:\Users\Dejan\Desktop\sts-4.4.1.RELEASE\plugins\org.opentest4j_1.2.0.v20190826-0900.jar;C:\Users\Dejan\Desktop\sts-4.4.1.RELEASE\plugins\org.apiguardian_1.1.0.v20190826-0900.jar;C:\Users\Dejan\Desktop\sts-4.4.1.RELEASE\plugins\org.junit_4.12.0.v201504281640\junit.jar;C:\Users\Dejan\Desktop\sts-4.4.1.RELEASE\plugins\org.hamcrest.core_1.3.0.v20180420-1519.jar;C:\Users\Dejan\.m2\repository\org\springframework\cloud\spring-cloud-starter-eureka-server\1.0.0.RELEASE\spring-cloud-starter-eureka-server-1.0.0.RELEASE.jar;C:\Users\Dejan\.m2\repository\org\springframework\cloud\spring-cloud-starter\2.1.1.RELEASE\spring-cloud-starter-2.1.1.RELEASE.jar;C:\Users\Dejan\.m2\repository\org\springframework\cloud\spring-cloud-context\2.1.1.RELEASE\spring-cloud-context-2.1.1.RELEASE.jar;C:\Users\Dejan\.m2\repository\org\springframework\security\spring-security
Launcher Type: SUN_STANDARD

Environment Variables:
JAVA_HOME=C:\Program Files\Java\jdk-11.0.4
JRE_HOME=C:\Program Files\Java\jre1.8.0_231
PATH=C:/Program Files/Java/jre1.8.0_231/bin/server;C:/Program Files/Java/jre1.8.0_231/bin;C:/Program Files/Java/jre1.8.0_231/lib/amd64;C:\Program Files (x86)\Common Files\Oracle\Java\javapath;C:\Windows\system32;C:\Windows;C:\Windows\System32\Wbem;C:\Windows\System32\WindowsPowerShell\v1.0\;C:\Program Files (x86)\NVIDIA Corporation\PhysX\Common;C:\Program Files\NVIDIA Corporation\NVIDIA NvDLISR;C:\WINDOWS\system32;C:\WINDOWS;C:\WINDOWS\System32\Wbem;C:\WINDOWS\System32\WindowsPowerShell\v1.0\;C:\WINDOWS\System32\OpenSSH\;C:\Program Files\Intel\WiFi\bin\;C:\Program Files\Common Files\Intel\WirelessCommon\;C:\Program Files\Git\cmd;C:\Program Files\nodejs\;C:\Program Files\Java\jdk-11.0.4\bin\javaw.exe;E:\Program Files\Microsoft VS Code\bin;C:\Users\Dejan\AppData\Local\Microsoft\WindowsApps;C:\Users\Dejan\AppData\Roaming\npm;C:\Program Files\JetBrains\IntelliJ IDEA 2019.3\bin;;C:\Users\Dejan\Desktop\sts-4.4.1.RELEASE;
USERNAME=Dejan
OS=Windows_NT
PROCESSOR_IDENTIFIER=Intel64 Family 6 Model 158 Stepping 10, GenuineIntel



---------------  S Y S T E M  ---------------

OS: Windows 10.0 , 64 bit Build 18362 (10.0.18362.329)

CPU:total 12 (initial active 12) (6 cores per cpu, 2 threads per core) family 6 model 158 stepping 10, cmov, cx8, fxsr, mmx, sse, sse2, sse3, ssse3, sse4.1, sse4.2, popcnt, avx, avx2, aes, clmul, erms, 3dnowpref, lzcnt, ht, tsc, tscinvbit, bmi1, bmi2, adx

Memory: 4k page, physical 16654044k(2544692k free), swap 29286660k(5892k free)

vm_info: Java HotSpot(TM) 64-Bit Server VM (25.231-b11) for windows-amd64 JRE (1.8.0_231-b11), built on Oct  5 2019 03:11:30 by "java_re" with MS VC++ 10.0 (VS2010)

time: Sat Dec 28 02:20:42 2019
timezone: Central Europe Standard Time
elapsed time: 0 seconds (0d 0h 0m 0s)

